[2020/12/30 18:03:37.900] - Starting server with initial configuration: {"gasLimit":6721975,"gasPrice":20000000000,"hardfork":"muirGlacier","hostname":"127.0.0.1","port":9545,"network_id":5777,"default_balance_ether":1000,"total_accounts":10,"unlocked_accounts":[],"locked":false,"vmErrorsOnRPCResponse":true,"verbose":false,"db_path":"C:\\Users\\mango\\AppData\\Roaming\\Ganache\\workspaces\\dusty-winter\\chaindata","logDirectory":"C:\\Users\\mango\\Documents\\BlockchainProject"}
[2020/12/30 18:03:38.180] - eth_getCode
[2020/12/30 18:03:38.181] - eth_subscribe
[2020/12/30 18:03:38.182] - eth_getLogs
[2020/12/30 18:03:38.185] - eth_subscribe
[2020/12/30 18:03:38.189] - eth_getCode
[2020/12/30 18:03:38.298] - eth_subscribe
[2020/12/30 18:03:38.299] - eth_getLogs
[2020/12/30 18:03:38.300] - eth_subscribe
[2020/12/30 18:03:38.455] - eth_blockNumber
[2020/12/30 18:03:38.457] - eth_accounts
[2020/12/30 18:03:38.458] - eth_blockNumber
[2020/12/30 18:03:38.458] - eth_gasPrice
[2020/12/30 18:03:38.459] - eth_accounts
[2020/12/30 18:03:38.460] - eth_getBlockByNumber
[2020/12/30 18:03:38.460] - eth_gasPrice
[2020/12/30 18:03:38.462] - eth_subscribe
[2020/12/30 18:03:38.463] - eth_getBlockByNumber
[2020/12/30 18:03:38.465] - eth_subscribe
[2020/12/30 18:03:38.625] - eth_getBalance
[2020/12/30 18:03:38.633] - eth_getTransactionCount
[2020/12/30 18:03:38.641] - eth_getBalance
[2020/12/30 18:03:38.649] - eth_getTransactionCount
[2020/12/30 18:03:38.656] - eth_getBalance
[2020/12/30 18:03:38.661] - eth_getTransactionCount
[2020/12/30 18:03:38.669] - eth_getBalance
[2020/12/30 18:03:38.676] - eth_getTransactionCount
[2020/12/30 18:03:38.732] - eth_getBalance
[2020/12/30 18:03:38.741] - eth_getTransactionCount
[2020/12/30 18:03:38.746] - eth_getBalance
[2020/12/30 18:03:38.753] - eth_getTransactionCount
[2020/12/30 18:03:38.760] - eth_getBalance
[2020/12/30 18:03:38.768] - eth_getTransactionCount
[2020/12/30 18:03:38.775] - eth_getBalance
[2020/12/30 18:03:38.783] - eth_getTransactionCount
[2020/12/30 18:03:38.792] - eth_getBalance
[2020/12/30 18:03:38.801] - eth_getTransactionCount
[2020/12/30 18:03:38.838] - eth_getBalance
[2020/12/30 18:03:38.839] - eth_getTransactionCount
[2020/12/30 18:03:38.846] - eth_getBalance
[2020/12/30 18:03:38.853] - eth_getTransactionCount
[2020/12/30 18:03:38.863] - eth_getBalance
[2020/12/30 18:03:38.872] - eth_getTransactionCount
[2020/12/30 18:03:38.878] - eth_getBalance
[2020/12/30 18:03:38.883] - eth_getTransactionCount
[2020/12/30 18:03:38.887] - eth_getBalance
[2020/12/30 18:03:38.893] - eth_getTransactionCount
[2020/12/30 18:03:38.897] - eth_getBalance
[2020/12/30 18:03:38.901] - eth_getTransactionCount
[2020/12/30 18:03:38.905] - eth_getBalance
[2020/12/30 18:03:38.911] - eth_getTransactionCount
[2020/12/30 18:03:38.923] - eth_getBalance
[2020/12/30 18:03:38.924] - eth_getTransactionCount
[2020/12/30 18:03:38.926] - eth_getBalance
[2020/12/30 18:03:38.972] - eth_getTransactionCount
[2020/12/30 18:03:39.036] - eth_getBalance
[2020/12/30 18:03:39.043] - eth_getTransactionCount
[2020/12/30 18:03:39.051] - eth_getBalance
[2020/12/30 18:03:39.058] - eth_getTransactionCount
[2020/12/30 18:03:39.066] - eth_getBalance
[2020/12/30 18:03:39.073] - eth_getTransactionCount
[2020/12/30 18:03:39.080] - eth_getBalance
[2020/12/30 18:03:39.087] - eth_getTransactionCount
[2020/12/30 18:03:39.095] - eth_getBalance
[2020/12/30 18:03:39.101] - eth_getTransactionCount
[2020/12/30 18:03:39.157] - eth_getBalance
[2020/12/30 18:03:39.163] - eth_getTransactionCount
[2020/12/30 18:03:39.170] - eth_getBalance
[2020/12/30 18:03:39.175] - eth_getTransactionCount
[2020/12/30 18:03:39.182] - eth_getBalance
[2020/12/30 18:03:39.187] - eth_getTransactionCount
[2020/12/30 18:03:39.194] - eth_getBalance
[2020/12/30 18:03:39.200] - eth_getTransactionCount
[2020/12/30 18:03:39.208] - eth_getBalance
[2020/12/30 18:03:39.213] - eth_getTransactionCount
[2020/12/30 18:03:39.219] - eth_getBalance
[2020/12/30 18:03:39.272] - eth_getTransactionCount
[2020/12/30 18:03:39.328] - eth_getBalance
[2020/12/30 18:03:39.335] - eth_getTransactionCount
[2020/12/30 18:03:39.340] - eth_getBalance
[2020/12/30 18:03:39.349] - eth_getTransactionCount
[2020/12/30 18:03:39.356] - eth_getBalance
[2020/12/30 18:03:39.362] - eth_getTransactionCount
[2020/12/30 18:03:39.372] - eth_getBalance
[2020/12/30 18:03:39.377] - eth_getTransactionCount
[2020/12/30 18:03:39.385] - eth_getBalance
[2020/12/30 18:03:39.435] - eth_getTransactionCount
[2020/12/30 18:03:39.440] - eth_getBalance
[2020/12/30 18:03:39.446] - eth_getTransactionCount
[2020/12/30 18:03:39.454] - eth_getBalance
[2020/12/30 18:03:39.460] - eth_getTransactionCount
[2020/12/30 18:03:39.466] - eth_getBalance
[2020/12/30 18:03:39.472] - eth_getTransactionCount
[2020/12/30 18:03:39.477] - eth_getBalance
[2020/12/30 18:03:39.485] - eth_getTransactionCount
[2020/12/30 18:03:39.493] - eth_getBalance
[2020/12/30 18:03:39.547] - eth_getTransactionCount
[2020/12/30 18:03:39.554] - eth_getBalance
[2020/12/30 18:03:39.560] - eth_getTransactionCount
[2020/12/30 18:03:44.166] - eth_getBlockByNumber
[2020/12/30 18:03:44.235] - eth_getBlockTransactionCountByHash
[2020/12/30 18:03:45.124] - eth_getBlockByNumber
[2020/12/30 18:03:50.340] - eth_getLogs
[2020/12/30 18:25:45.912] - eth_unsubscribe
[2020/12/30 18:25:45.914] - eth_unsubscribe
