[2020/12/30 20:37:46.879] - Starting server with initial configuration: {"gasLimit":6721975,"gasPrice":20000000000,"hardfork":"muirGlacier","hostname":"127.0.0.1","port":9545,"network_id":5777,"default_balance_ether":1000,"total_accounts":10,"unlocked_accounts":[],"locked":false,"vmErrorsOnRPCResponse":true,"verbose":false,"db_path":"C:\\Users\\mango\\AppData\\Roaming\\Ganache\\workspaces\\blockchain-project\\chaindata","logDirectory":"C:\\Users\\mango\\Documents\\BlockchainProject"}
[2020/12/30 20:37:47.023] - eth_getCode
[2020/12/30 20:37:47.029] - eth_subscribe
[2020/12/30 20:37:47.029] - eth_getLogs
[2020/12/30 20:37:47.031] - eth_subscribe
[2020/12/30 20:37:47.039] - eth_getCode
[2020/12/30 20:37:47.099] - eth_getCode
[2020/12/30 20:37:47.101] - eth_subscribe
[2020/12/30 20:37:47.102] - eth_getLogs
[2020/12/30 20:37:47.104] - eth_subscribe
[2020/12/30 20:37:47.107] - eth_getCode
[2020/12/30 20:37:47.311] - eth_blockNumber
[2020/12/30 20:37:47.312] - eth_accounts
[2020/12/30 20:37:47.312] - eth_blockNumber
[2020/12/30 20:37:47.313] - eth_gasPrice
[2020/12/30 20:37:47.314] - eth_accounts
[2020/12/30 20:37:47.316] - eth_getBlockByNumber
[2020/12/30 20:37:47.317] - eth_gasPrice
[2020/12/30 20:37:47.318] - eth_subscribe
[2020/12/30 20:37:47.320] - eth_getBlockByNumber
[2020/12/30 20:37:47.321] - eth_subscribe
[2020/12/30 20:37:47.338] - eth_accounts
[2020/12/30 20:37:47.432] - eth_getBalance
[2020/12/30 20:37:47.442] - eth_getTransactionCount
[2020/12/30 20:37:47.452] - eth_getBalance
[2020/12/30 20:37:47.461] - eth_getTransactionCount
[2020/12/30 20:37:47.472] - eth_getBalance
[2020/12/30 20:37:47.481] - eth_getTransactionCount
[2020/12/30 20:37:47.493] - eth_getBalance
[2020/12/30 20:37:47.502] - eth_getTransactionCount
[2020/12/30 20:37:47.516] - eth_getBalance
[2020/12/30 20:37:47.523] - eth_getTransactionCount
[2020/12/30 20:37:47.531] - eth_getBalance
[2020/12/30 20:37:47.540] - eth_getTransactionCount
[2020/12/30 20:37:47.549] - eth_getBalance
[2020/12/30 20:37:47.556] - eth_getTransactionCount
[2020/12/30 20:37:47.564] - eth_getBalance
[2020/12/30 20:37:47.572] - eth_getTransactionCount
[2020/12/30 20:37:47.579] - eth_getBalance
[2020/12/30 20:37:47.586] - eth_getTransactionCount
[2020/12/30 20:37:47.593] - eth_getBalance
[2020/12/30 20:37:47.602] - eth_getTransactionCount
[2020/12/30 20:37:47.629] - eth_getBalance
[2020/12/30 20:37:47.639] - eth_getTransactionCount
[2020/12/30 20:37:47.651] - eth_getBalance
[2020/12/30 20:37:47.659] - eth_getTransactionCount
[2020/12/30 20:37:47.669] - eth_getBalance
[2020/12/30 20:37:47.678] - eth_getTransactionCount
[2020/12/30 20:37:47.687] - eth_getBalance
[2020/12/30 20:37:47.694] - eth_getTransactionCount
[2020/12/30 20:37:47.701] - eth_getBalance
[2020/12/30 20:37:47.709] - eth_getTransactionCount
[2020/12/30 20:37:47.719] - eth_getBalance
[2020/12/30 20:37:47.727] - eth_getTransactionCount
[2020/12/30 20:37:47.733] - eth_getBalance
[2020/12/30 20:37:47.742] - eth_getTransactionCount
[2020/12/30 20:37:47.749] - eth_getBalance
[2020/12/30 20:37:47.756] - eth_getTransactionCount
[2020/12/30 20:37:47.766] - eth_getBalance
[2020/12/30 20:37:47.777] - eth_getTransactionCount
[2020/12/30 20:37:47.785] - eth_getBalance
[2020/12/30 20:37:47.794] - eth_getTransactionCount
[2020/12/30 20:37:47.802] - eth_getBalance
[2020/12/30 20:37:47.811] - eth_getTransactionCount
[2020/12/30 20:37:47.819] - eth_getBalance
[2020/12/30 20:37:47.829] - eth_getTransactionCount
[2020/12/30 20:37:47.836] - eth_getBalance
[2020/12/30 20:37:47.844] - eth_getTransactionCount
[2020/12/30 20:37:47.851] - eth_getBalance
[2020/12/30 20:37:47.861] - eth_getTransactionCount
[2020/12/30 20:37:47.871] - eth_getBalance
[2020/12/30 20:37:47.879] - eth_getTransactionCount
[2020/12/30 20:37:47.890] - eth_getBalance
[2020/12/30 20:37:47.900] - eth_getTransactionCount
[2020/12/30 20:37:47.912] - eth_getBalance
[2020/12/30 20:37:47.921] - eth_getTransactionCount
[2020/12/30 20:37:47.933] - eth_getBalance
[2020/12/30 20:37:47.942] - eth_getTransactionCount
[2020/12/30 20:37:47.951] - eth_getBalance
[2020/12/30 20:37:47.961] - eth_getTransactionCount
[2020/12/30 20:37:47.971] - eth_getBalance
[2020/12/30 20:37:47.978] - eth_getTransactionCount
[2020/12/30 20:37:48.116] - eth_getBalance
[2020/12/30 20:37:48.126] - eth_getTransactionCount
[2020/12/30 20:37:48.139] - eth_getBalance
[2020/12/30 20:37:48.140] - eth_getTransactionCount
[2020/12/30 20:37:48.152] - eth_getBalance
[2020/12/30 20:37:48.153] - eth_getTransactionCount
[2020/12/30 20:37:48.158] - eth_getBalance
[2020/12/30 20:37:48.163] - eth_getTransactionCount
[2020/12/30 20:37:48.167] - eth_getBalance
[2020/12/30 20:37:48.184] - eth_getTransactionCount
[2020/12/30 20:37:48.185] - eth_getBalance
[2020/12/30 20:37:48.186] - eth_getTransactionCount
[2020/12/30 20:37:48.190] - eth_getBalance
[2020/12/30 20:37:48.199] - eth_getTransactionCount
[2020/12/30 20:37:48.207] - eth_getBalance
[2020/12/30 20:37:48.214] - eth_getTransactionCount
[2020/12/30 20:37:48.223] - eth_getBalance
[2020/12/30 20:37:48.231] - eth_getTransactionCount
[2020/12/30 20:37:48.241] - eth_getBalance
[2020/12/30 20:37:48.249] - eth_getTransactionCount
[2020/12/30 20:38:19.465] - eth_getBlockByNumber
[2020/12/30 20:38:19.496] - eth_getBlockTransactionCountByHash
[2020/12/30 20:38:20.224] - eth_getBlockByNumber
[2020/12/30 20:38:21.367] - eth_getLogs
[2020/12/30 21:22:28.213] - eth_blockNumber
[2020/12/30 21:22:28.232] - net_version
[2020/12/30 21:22:28.241] - eth_accounts
[2020/12/30 21:22:28.265] - eth_getBlockByNumber
[2020/12/30 21:22:28.275] - eth_getCode
[2020/12/30 21:22:28.289] - eth_getBlockByNumber
[2020/12/30 21:22:28.302] - eth_getCode
[2020/12/30 21:22:28.319] - eth_getBlockByNumber
[2020/12/30 21:22:28.338] - eth_accounts
[2020/12/30 21:22:28.372] - eth_getBlockByNumber
[2020/12/30 21:22:28.383] - eth_getBlockByNumber
[2020/12/30 21:22:28.397] - eth_getBlockByNumber
[2020/12/30 21:22:28.410] - eth_estimateGas
[2020/12/30 21:22:31.327] - eth_getBlockByNumber
[2020/12/30 21:22:31.328] - eth_blockNumber
[2020/12/30 21:22:31.339] - eth_sendTransaction
[2020/12/30 21:22:31.461] - 
[2020/12/30 21:22:31.461] -   Transaction: 0x0da31804da2050f92dbb2de0e99b649a028e02fe71a16704517048752e3386c8
[2020/12/30 21:22:31.462] -   Contract created: 0xb7877e829f8f18a49e42495edc11bcd3bad121fe
[2020/12/30 21:22:31.462] -   Gas usage: 191931
[2020/12/30 21:22:31.463] -   Block Number: 1
[2020/12/30 21:22:31.469] -   Block Time: Wed Dec 30 2020 21:22:31 GMT+0800 (Malaysia Time)
[2020/12/30 21:22:31.470] - 
[2020/12/30 21:22:31.474] - eth_getBlockByNumber
[2020/12/30 21:22:31.476] - eth_getTransactionReceipt
[2020/12/30 21:22:31.487] - eth_getBalance
[2020/12/30 21:22:31.495] - eth_getCode
[2020/12/30 21:22:31.503] - eth_getTransactionCount
[2020/12/30 21:22:31.511] - eth_getTransactionByHash
[2020/12/30 21:22:31.521] - eth_getBalance
[2020/12/30 21:22:31.528] - eth_getBlockByNumber
[2020/12/30 21:22:31.530] - eth_getTransactionCount
[2020/12/30 21:22:31.538] - eth_getBalance
[2020/12/30 21:22:31.540] - eth_getBalance
[2020/12/30 21:22:31.549] - eth_getTransactionCount
[2020/12/30 21:22:31.558] - eth_getBalance
[2020/12/30 21:22:31.565] - eth_getBlockByNumber
[2020/12/30 21:22:31.567] - eth_getTransactionCount
[2020/12/30 21:22:31.580] - eth_getBalance
[2020/12/30 21:22:31.582] - eth_getTransactionCount
[2020/12/30 21:22:31.583] - eth_getBlockByNumber
[2020/12/30 21:22:31.596] - eth_getBalance
[2020/12/30 21:22:31.605] - eth_getTransactionCount
[2020/12/30 21:22:31.613] - eth_sendTransaction
[2020/12/30 21:22:31.615] - eth_getBalance
[2020/12/30 21:22:31.633] - eth_getTransactionCount
[2020/12/30 21:22:31.652] - eth_getBalance
[2020/12/30 21:22:31.670] - eth_getTransactionCount
[2020/12/30 21:22:31.680] - eth_getBalance
[2020/12/30 21:22:31.701] - eth_getTransactionCount
[2020/12/30 21:22:31.711] - eth_getBalance
[2020/12/30 21:22:31.726] - eth_getTransactionCount
[2020/12/30 21:22:31.745] - 
[2020/12/30 21:22:31.748] -   Transaction: 0x3130679269469d25c431ddf57907e17f5d90c581f1e67169a16b7a59efcbf20c
[2020/12/30 21:22:31.749] -   Gas usage: 42338
[2020/12/30 21:22:31.750] -   Block Number: 2
[2020/12/30 21:22:31.752] -   Block Time: Wed Dec 30 2020 21:22:31 GMT+0800 (Malaysia Time)
[2020/12/30 21:22:31.753] - 
[2020/12/30 21:22:31.760] - eth_getBlockByNumber
[2020/12/30 21:22:31.763] - eth_getTransactionReceipt
[2020/12/30 21:22:31.872] - eth_getBlockByNumber
[2020/12/30 21:22:31.898] - eth_accounts
[2020/12/30 21:22:31.932] - eth_getBlockByNumber
[2020/12/30 21:22:31.940] - eth_getBlockByNumber
[2020/12/30 21:22:31.954] - eth_getBlockByNumber
[2020/12/30 21:22:31.968] - eth_estimateGas
[2020/12/30 21:22:32.166] - eth_getBlockByNumber
[2020/12/30 21:22:32.168] - eth_blockNumber
[2020/12/30 21:22:32.181] - eth_sendTransaction
[2020/12/30 21:22:32.332] - 
[2020/12/30 21:22:32.333] -   Transaction: 0xb7607ae504bc0332d234e54d39c29fc0e1a18c0c52ae452d82ac94527a6e7c8c
[2020/12/30 21:22:32.334] -   Contract created: 0x96d6de9d88f5747e19c9afd91288bda674528238
[2020/12/30 21:22:32.335] -   Gas usage: 507926
[2020/12/30 21:22:32.336] -   Block Number: 3
[2020/12/30 21:22:32.337] -   Block Time: Wed Dec 30 2020 21:22:32 GMT+0800 (Malaysia Time)
[2020/12/30 21:22:32.338] - 
[2020/12/30 21:22:32.342] - eth_getBlockByNumber
[2020/12/30 21:22:32.345] - eth_getTransactionReceipt
[2020/12/30 21:22:32.387] - eth_getBalance
[2020/12/30 21:22:32.392] - eth_getCode
[2020/12/30 21:22:32.400] - eth_getTransactionCount
[2020/12/30 21:22:32.409] - eth_getTransactionByHash
[2020/12/30 21:22:32.424] - eth_getTransactionCount
[2020/12/30 21:22:32.431] - eth_getBlockByNumber
[2020/12/30 21:22:32.439] - eth_getBalance
[2020/12/30 21:22:32.444] - eth_getBalance
[2020/12/30 21:22:32.451] - eth_getTransactionCount
[2020/12/30 21:22:32.464] - eth_getBalance
[2020/12/30 21:22:32.486] - eth_getTransactionCount
[2020/12/30 21:22:32.497] - eth_getBalance
[2020/12/30 21:22:32.507] - eth_getBlockByNumber
[2020/12/30 21:22:32.510] - eth_getBlockByNumber
[2020/12/30 21:22:32.516] - eth_getTransactionCount
[2020/12/30 21:22:32.529] - eth_getBlockByNumber
[2020/12/30 21:22:32.532] - eth_getBlockByNumber
[2020/12/30 21:22:32.560] - eth_getBalance
[2020/12/30 21:22:32.562] - eth_getTransactionCount
[2020/12/30 21:22:32.568] - eth_sendTransaction
[2020/12/30 21:22:32.570] - eth_getBalance
[2020/12/30 21:22:32.599] - eth_getTransactionCount
[2020/12/30 21:22:32.616] - eth_getBalance
[2020/12/30 21:22:32.617] - eth_getTransactionCount
[2020/12/30 21:22:32.631] - eth_getBalance
[2020/12/30 21:22:32.643] - eth_getTransactionCount
[2020/12/30 21:22:32.687] - 
[2020/12/30 21:22:32.688] -   Transaction: 0x6e9de2a53db2a92865f32b83d06e1a578dcc22288fff101b4d002a4784533019
[2020/12/30 21:22:32.689] -   Gas usage: 27338
[2020/12/30 21:22:32.691] -   Block Number: 4
[2020/12/30 21:22:32.692] -   Block Time: Wed Dec 30 2020 21:22:32 GMT+0800 (Malaysia Time)
[2020/12/30 21:22:32.693] - 
[2020/12/30 21:22:32.703] - eth_getBlockByNumber
[2020/12/30 21:22:32.711] - eth_getTransactionReceipt
[2020/12/30 21:22:33.013] - eth_getBalance
[2020/12/30 21:22:33.026] - eth_getTransactionCount
[2020/12/30 21:22:33.039] - eth_getBalance
[2020/12/30 21:22:33.056] - eth_getTransactionCount
[2020/12/30 21:22:33.066] - eth_getBalance
[2020/12/30 21:22:33.082] - eth_getTransactionCount
[2020/12/30 21:22:33.096] - eth_getBalance
[2020/12/30 21:22:33.109] - eth_getTransactionCount
[2020/12/30 21:22:33.141] - eth_getBalance
[2020/12/30 21:22:33.142] - eth_getTransactionCount
[2020/12/30 21:22:33.151] - eth_getTransactionCount
[2020/12/30 21:22:33.163] - eth_getBalance
[2020/12/30 21:22:33.178] - eth_getTransactionCount
[2020/12/30 21:22:33.192] - eth_getBalance
[2020/12/30 21:22:33.206] - eth_getTransactionCount
[2020/12/30 21:22:33.219] - eth_getBalance
[2020/12/30 21:22:33.233] - eth_getTransactionCount
[2020/12/30 21:22:33.247] - eth_getBalance
[2020/12/30 21:22:33.261] - eth_getTransactionCount
[2020/12/30 21:22:33.274] - eth_getBalance
[2020/12/30 21:22:33.291] - eth_getTransactionCount
[2020/12/30 21:22:33.303] - eth_getBalance
[2020/12/30 21:22:33.321] - eth_getTransactionCount
[2020/12/30 21:22:33.335] - eth_getBalance
[2020/12/30 21:22:33.352] - eth_getTransactionCount
[2020/12/30 21:22:33.363] - eth_getBalance
[2020/12/30 21:22:33.377] - eth_getTransactionCount
[2020/12/30 21:22:33.388] - eth_getBalance
[2020/12/30 21:22:33.400] - eth_getTransactionCount
[2020/12/30 21:22:33.417] - eth_getTransactionCount
[2020/12/30 21:22:33.431] - eth_getBalance
[2020/12/30 21:22:33.443] - eth_getTransactionCount
[2020/12/30 21:22:33.456] - eth_getBalance
[2020/12/30 21:22:33.469] - eth_getTransactionCount
[2020/12/30 21:22:33.524] - eth_getBalance
[2020/12/30 21:22:33.525] - eth_getTransactionCount
[2020/12/30 21:22:33.527] - eth_getBalance
[2020/12/30 21:22:33.533] - eth_getTransactionCount
[2020/12/30 21:22:33.806] - eth_getBalance
[2020/12/30 21:22:33.822] - eth_getTransactionCount
[2020/12/30 21:22:33.837] - eth_getBalance
[2020/12/30 21:22:33.853] - eth_getTransactionCount
[2020/12/30 21:22:33.868] - eth_getBalance
[2020/12/30 21:22:33.883] - eth_getTransactionCount
[2020/12/30 21:22:33.903] - eth_getBalance
[2020/12/30 21:22:33.922] - eth_getTransactionCount
[2020/12/30 21:22:33.937] - eth_getBalance
[2020/12/30 21:22:33.951] - eth_getTransactionCount
[2020/12/30 21:22:33.966] - eth_getBalance
[2020/12/30 21:22:33.987] - eth_getTransactionCount
[2020/12/30 21:22:34.002] - eth_getTransactionCount
[2020/12/30 21:22:34.020] - eth_getBalance
[2020/12/30 21:22:34.035] - eth_getTransactionCount
[2020/12/30 21:22:34.056] - eth_getBalance
[2020/12/30 21:22:34.072] - eth_getTransactionCount
[2020/12/30 21:22:34.090] - eth_getBalance
[2020/12/30 21:22:34.105] - eth_getTransactionCount
[2020/12/30 21:22:34.426] - eth_getBalance
[2020/12/30 21:22:34.444] - eth_getTransactionCount
[2020/12/30 21:22:34.465] - eth_getBalance
[2020/12/30 21:22:34.473] - eth_getBalance
[2020/12/30 21:22:34.485] - eth_getTransactionCount
[2020/12/30 21:22:34.500] - eth_getBalance
[2020/12/30 21:22:34.518] - eth_getTransactionCount
[2020/12/30 21:22:34.535] - eth_getBalance
[2020/12/30 21:22:34.548] - eth_getTransactionCount
[2020/12/30 21:22:34.563] - eth_getBalance
[2020/12/30 21:22:34.578] - eth_getTransactionCount
[2020/12/30 21:22:34.594] - eth_getBalance
[2020/12/30 21:22:34.610] - eth_getTransactionCount
[2020/12/30 21:22:34.626] - eth_getBalance
[2020/12/30 21:22:34.640] - eth_getTransactionCount
[2020/12/30 21:22:34.654] - eth_getBalance
[2020/12/30 21:22:34.670] - eth_getTransactionCount
[2020/12/30 21:22:35.058] - eth_getBalance
[2020/12/30 21:22:35.076] - eth_getTransactionCount
[2020/12/30 21:22:35.089] - eth_getBalance
[2020/12/30 21:22:35.105] - eth_getTransactionCount
[2020/12/30 21:22:35.121] - eth_getBalance
[2020/12/30 21:22:35.137] - eth_getTransactionCount
[2020/12/30 21:22:35.152] - eth_getBalance
[2020/12/30 21:22:35.167] - eth_getTransactionCount
[2020/12/30 21:22:35.182] - eth_getBalance
[2020/12/30 21:22:35.196] - eth_getTransactionCount
[2020/12/30 21:22:35.214] - eth_getBalance
[2020/12/30 21:22:35.231] - eth_getTransactionCount
[2020/12/30 21:22:35.254] - eth_getBalance
[2020/12/30 21:22:35.272] - eth_getTransactionCount
[2020/12/30 21:22:35.289] - eth_getTransactionCount
[2020/12/30 21:22:35.305] - eth_getBalance
[2020/12/30 21:22:35.327] - eth_getTransactionCount
[2020/12/30 22:44:13.059] - eth_unsubscribe
[2020/12/30 22:44:13.061] - eth_unsubscribe
