[2021/01/04 23:33:41.133] - Starting server with initial configuration: {"gasLimit":6721975,"gasPrice":20000000000,"hardfork":"muirGlacier","hostname":"127.0.0.1","port":9545,"network_id":5777,"default_balance_ether":1000,"total_accounts":10,"unlocked_accounts":[],"locked":false,"vmErrorsOnRPCResponse":true,"verbose":false,"db_path":"C:\\Users\\mango\\AppData\\Roaming\\Ganache\\workspaces\\blockchain-project\\chaindata","logDirectory":"C:\\Users\\mango\\Documents\\BlockchainProject"}
[2021/01/04 23:33:41.266] - eth_getCode
[2021/01/04 23:33:41.268] - eth_subscribe
[2021/01/04 23:33:41.269] - eth_getLogs
[2021/01/04 23:33:41.273] - eth_subscribe
[2021/01/04 23:33:41.284] - eth_getCode
[2021/01/04 23:33:41.340] - eth_getCode
[2021/01/04 23:33:41.342] - eth_subscribe
[2021/01/04 23:33:41.343] - eth_getLogs
[2021/01/04 23:33:41.347] - eth_subscribe
[2021/01/04 23:33:41.353] - eth_getCode
[2021/01/04 23:33:41.366] - eth_blockNumber
[2021/01/04 23:33:41.545] - eth_blockNumber
[2021/01/04 23:33:41.546] - eth_accounts
[2021/01/04 23:33:41.547] - eth_blockNumber
[2021/01/04 23:33:41.548] - eth_gasPrice
[2021/01/04 23:33:41.549] - eth_accounts
[2021/01/04 23:33:41.551] - eth_getBlockByNumber
[2021/01/04 23:33:41.552] - eth_gasPrice
[2021/01/04 23:33:41.554] - eth_subscribe
[2021/01/04 23:33:41.557] - eth_getBlockByNumber
[2021/01/04 23:33:41.558] - eth_subscribe
[2021/01/04 23:33:41.580] - eth_accounts
[2021/01/04 23:33:41.668] - eth_getBalance
[2021/01/04 23:33:41.677] - eth_getTransactionCount
[2021/01/04 23:33:41.686] - eth_getBalance
[2021/01/04 23:33:41.696] - eth_getTransactionCount
[2021/01/04 23:33:41.706] - eth_getBalance
[2021/01/04 23:33:41.717] - eth_getTransactionCount
[2021/01/04 23:33:41.726] - eth_getBalance
[2021/01/04 23:33:41.733] - eth_getTransactionCount
[2021/01/04 23:33:41.747] - eth_getBalance
[2021/01/04 23:33:41.757] - eth_getTransactionCount
[2021/01/04 23:33:41.766] - eth_getBalance
[2021/01/04 23:33:41.773] - eth_getTransactionCount
[2021/01/04 23:33:41.780] - eth_getBalance
[2021/01/04 23:33:41.788] - eth_getTransactionCount
[2021/01/04 23:33:41.795] - eth_getBalance
[2021/01/04 23:33:41.803] - eth_getTransactionCount
[2021/01/04 23:33:41.815] - eth_getBalance
[2021/01/04 23:33:41.819] - eth_getTransactionCount
[2021/01/04 23:33:41.825] - eth_getBalance
[2021/01/04 23:33:41.833] - eth_getTransactionCount
[2021/01/04 23:33:41.853] - eth_getBalance
[2021/01/04 23:33:41.863] - eth_getTransactionCount
[2021/01/04 23:33:41.874] - eth_getBalance
[2021/01/04 23:33:41.882] - eth_getTransactionCount
[2021/01/04 23:33:41.889] - eth_getBalance
[2021/01/04 23:33:41.896] - eth_getTransactionCount
[2021/01/04 23:33:41.903] - eth_getBalance
[2021/01/04 23:33:41.909] - eth_getTransactionCount
[2021/01/04 23:33:41.917] - eth_getBalance
[2021/01/04 23:33:41.925] - eth_getTransactionCount
[2021/01/04 23:33:41.931] - eth_getBalance
[2021/01/04 23:33:41.936] - eth_getTransactionCount
[2021/01/04 23:33:41.941] - eth_getBalance
[2021/01/04 23:33:41.948] - eth_getTransactionCount
[2021/01/04 23:33:41.953] - eth_getBalance
[2021/01/04 23:33:41.960] - eth_getTransactionCount
[2021/01/04 23:33:41.968] - eth_getBalance
[2021/01/04 23:33:41.973] - eth_getTransactionCount
[2021/01/04 23:33:41.981] - eth_getBalance
[2021/01/04 23:33:41.989] - eth_getTransactionCount
[2021/01/04 23:33:41.994] - eth_getBalance
[2021/01/04 23:33:42.000] - eth_getTransactionCount
[2021/01/04 23:33:42.007] - eth_getBalance
[2021/01/04 23:33:42.015] - eth_getTransactionCount
[2021/01/04 23:33:42.021] - eth_getBalance
[2021/01/04 23:33:42.025] - eth_getTransactionCount
[2021/01/04 23:33:42.031] - eth_getBalance
[2021/01/04 23:33:42.038] - eth_getTransactionCount
[2021/01/04 23:33:42.045] - eth_getBalance
[2021/01/04 23:33:42.050] - eth_getTransactionCount
[2021/01/04 23:33:42.058] - eth_getBalance
[2021/01/04 23:33:42.066] - eth_getTransactionCount
[2021/01/04 23:33:42.073] - eth_getBalance
[2021/01/04 23:33:42.083] - eth_getTransactionCount
[2021/01/04 23:33:42.091] - eth_getBalance
[2021/01/04 23:33:42.099] - eth_getTransactionCount
[2021/01/04 23:33:42.107] - eth_getBalance
[2021/01/04 23:33:42.115] - eth_getTransactionCount
[2021/01/04 23:33:42.122] - eth_getBalance
[2021/01/04 23:33:42.127] - eth_getTransactionCount
[2021/01/04 23:33:42.198] - eth_getBalance
[2021/01/04 23:33:42.203] - eth_getTransactionCount
[2021/01/04 23:33:42.224] - eth_getBalance
[2021/01/04 23:33:42.225] - eth_getTransactionCount
[2021/01/04 23:33:42.226] - eth_getBalance
[2021/01/04 23:33:42.244] - eth_getTransactionCount
[2021/01/04 23:33:42.245] - eth_getBalance
[2021/01/04 23:33:42.247] - eth_getTransactionCount
[2021/01/04 23:33:42.254] - eth_getBalance
[2021/01/04 23:33:42.261] - eth_getTransactionCount
[2021/01/04 23:33:42.267] - eth_getBalance
[2021/01/04 23:33:42.276] - eth_getTransactionCount
[2021/01/04 23:33:42.283] - eth_getBalance
[2021/01/04 23:33:42.289] - eth_getTransactionCount
[2021/01/04 23:33:42.296] - eth_getBalance
[2021/01/04 23:33:42.302] - eth_getTransactionCount
[2021/01/04 23:33:42.311] - eth_getBalance
[2021/01/04 23:33:42.318] - eth_getTransactionCount
[2021/01/04 23:33:42.327] - eth_getBalance
[2021/01/04 23:33:42.336] - eth_getTransactionCount
[2021/01/04 23:34:44.186] - eth_blockNumber
[2021/01/04 23:34:44.202] - net_version
[2021/01/04 23:34:44.213] - eth_accounts
[2021/01/04 23:34:44.267] - eth_accounts
[2021/01/04 23:37:15.179] - eth_blockNumber
[2021/01/04 23:37:15.200] - net_version
[2021/01/04 23:37:15.213] - eth_accounts
[2021/01/04 23:37:15.274] - eth_getBlockByNumber
[2021/01/04 23:37:15.290] - eth_getCode
[2021/01/04 23:37:17.715] - eth_getBlockByNumber
[2021/01/04 23:37:17.741] - eth_call
[2021/01/04 23:42:53.786] - eth_getBlockByNumber
[2021/01/04 23:43:56.564] - eth_getBlockByNumber
[2021/01/04 23:43:56.583] - eth_call
[2021/01/04 23:48:22.062] - eth_accounts
[2021/01/04 23:52:03.827] - eth_getBlockByNumber
[2021/01/04 23:52:03.870] - eth_getBlockTransactionCountByHash
[2021/01/04 23:52:03.898] - eth_getBlockByNumber
[2021/01/04 23:52:03.922] - eth_getBlockTransactionCountByHash
[2021/01/04 23:52:03.939] - eth_getBlockByNumber
[2021/01/04 23:52:03.963] - eth_getBlockTransactionCountByHash
[2021/01/04 23:52:03.979] - eth_getBlockByNumber
[2021/01/04 23:52:03.998] - eth_getBlockTransactionCountByHash
[2021/01/04 23:52:04.013] - eth_getBlockByNumber
[2021/01/04 23:52:04.029] - eth_getBlockTransactionCountByHash
[2021/01/04 23:52:04.044] - eth_getBlockByNumber
[2021/01/04 23:52:04.060] - eth_getBlockTransactionCountByHash
[2021/01/04 23:52:04.077] - eth_getBlockByNumber
[2021/01/04 23:52:04.096] - eth_getBlockTransactionCountByHash
[2021/01/04 23:52:04.111] - eth_getBlockByNumber
[2021/01/04 23:52:04.136] - eth_getBlockTransactionCountByHash
[2021/01/04 23:52:04.156] - eth_getBlockByNumber
[2021/01/04 23:52:04.184] - eth_getBlockTransactionCountByHash
[2021/01/04 23:52:04.217] - eth_getBlockByNumber
[2021/01/04 23:52:04.242] - eth_getBlockTransactionCountByHash
[2021/01/04 23:52:04.259] - eth_getBlockByNumber
[2021/01/04 23:52:04.284] - eth_getBlockTransactionCountByHash
[2021/01/04 23:52:04.305] - eth_getBlockByNumber
[2021/01/04 23:52:04.328] - eth_getBlockTransactionCountByHash
[2021/01/04 23:52:04.342] - eth_getBlockByNumber
[2021/01/04 23:52:04.359] - eth_getBlockTransactionCountByHash
[2021/01/04 23:52:04.377] - eth_getBlockByNumber
[2021/01/04 23:52:04.392] - eth_getBlockTransactionCountByHash
[2021/01/04 23:52:04.410] - eth_getBlockByNumber
[2021/01/04 23:52:04.427] - eth_getBlockTransactionCountByHash
[2021/01/04 23:52:04.442] - eth_getBlockByNumber
[2021/01/04 23:52:04.458] - eth_getBlockTransactionCountByHash
[2021/01/04 23:52:10.785] - eth_getBlockByNumber
[2021/01/04 23:52:10.818] - eth_getTransactionReceipt
[2021/01/04 23:52:10.881] - eth_getBlockByNumber
[2021/01/04 23:52:10.921] - eth_getTransactionReceipt
[2021/01/04 23:52:10.970] - eth_getBlockByNumber
[2021/01/04 23:52:11.003] - eth_getTransactionReceipt
[2021/01/04 23:52:11.055] - eth_getBlockByNumber
[2021/01/04 23:52:11.087] - eth_getTransactionReceipt
[2021/01/04 23:52:11.136] - eth_getBlockByNumber
[2021/01/04 23:52:11.171] - eth_getTransactionReceipt
[2021/01/04 23:52:11.221] - eth_getBlockByNumber
[2021/01/04 23:52:11.250] - eth_getTransactionReceipt
[2021/01/04 23:52:11.301] - eth_getBlockByNumber
[2021/01/04 23:52:11.332] - eth_getTransactionReceipt
[2021/01/04 23:52:11.382] - eth_getBlockByNumber
[2021/01/04 23:52:11.411] - eth_getTransactionReceipt
[2021/01/04 23:52:11.459] - eth_getBlockByNumber
[2021/01/04 23:52:11.490] - eth_getTransactionReceipt
[2021/01/04 23:52:11.537] - eth_getBlockByNumber
[2021/01/04 23:52:11.563] - eth_getTransactionReceipt
[2021/01/04 23:52:11.601] - eth_getBlockByNumber
[2021/01/04 23:52:11.619] - eth_getTransactionReceipt
[2021/01/04 23:52:18.952] - eth_getBalance
[2021/01/04 23:52:19.068] - net_version
[2021/01/04 23:52:19.082] - eth_getCode
[2021/01/04 23:52:19.093] - eth_getBlockByNumber
[2021/01/04 23:52:19.102] - eth_getBalance
[2021/01/04 23:52:19.110] - eth_getTransactionCount
[2021/01/04 23:52:19.120] - eth_getStorageAt
[2021/01/04 23:52:19.131] - eth_getStorageAt
[2021/01/04 23:52:19.142] - eth_getStorageAt
[2021/01/04 23:52:19.151] - eth_getStorageAt
[2021/01/04 23:52:19.167] - eth_getStorageAt
[2021/01/04 23:52:19.185] - eth_getStorageAt
[2021/01/04 23:52:19.193] - eth_getStorageAt
[2021/01/04 23:52:19.203] - eth_getStorageAt
[2021/01/04 23:52:33.574] - eth_getLogs
[2021/01/04 23:59:16.803] - eth_getBlockByNumber
[2021/01/04 23:59:16.825] - eth_call
[2021/01/05 00:00:41.377] - eth_getBlockByNumber
[2021/01/05 00:00:41.396] - eth_sendTransaction
[2021/01/05 00:00:41.516] - 
[2021/01/05 00:00:41.517] -   Transaction: 0xad66023fcd76aabeb65aa3d987c4d0fd3c57f55e66fcf200c330894a9e638e40
[2021/01/05 00:00:41.519] -   Gas usage: 21243
[2021/01/05 00:00:41.519] -   Block Number: 21
[2021/01/05 00:00:41.524] -   Block Time: Tue Jan 05 2021 00:00:41 GMT+0800 (Malaysia Time)
[2021/01/05 00:00:41.525] -   Runtime Error: revert
[2021/01/05 00:00:41.526] - 
[2021/01/05 00:00:41.532] - eth_getBlockByNumber
[2021/01/05 00:00:41.541] - eth_call
[2021/01/05 00:00:41.553] - eth_getBalance
[2021/01/05 00:00:41.580] - eth_getTransactionCount
[2021/01/05 00:00:41.591] - eth_getBalance
[2021/01/05 00:00:41.607] - eth_getTransactionCount
[2021/01/05 00:00:41.620] - eth_getBalance
[2021/01/05 00:00:41.636] - eth_getTransactionCount
[2021/01/05 00:00:41.648] - eth_getBalance
[2021/01/05 00:00:41.659] - eth_getTransactionCount
[2021/01/05 00:00:41.672] - eth_getBalance
[2021/01/05 00:00:41.685] - eth_getTransactionCount
[2021/01/05 00:00:41.702] - eth_getBalance
[2021/01/05 00:00:41.713] - eth_getTransactionCount
[2021/01/05 00:00:41.724] - eth_getBalance
[2021/01/05 00:00:41.737] - eth_getTransactionCount
[2021/01/05 00:00:41.748] - eth_getBalance
[2021/01/05 00:00:41.758] - eth_getTransactionCount
[2021/01/05 00:00:41.770] - eth_getBalance
[2021/01/05 00:00:41.781] - eth_getTransactionCount
[2021/01/05 00:00:41.798] - eth_getBalance
[2021/01/05 00:00:41.815] - eth_getTransactionCount
[2021/01/05 00:03:41.000] - eth_getBlockByNumber
[2021/01/05 00:03:41.016] - eth_sendTransaction
[2021/01/05 00:03:41.098] - 
[2021/01/05 00:03:41.099] -   Transaction: 0xe8c3c31eb5e0dc6089edb76fdbc2394601545df7b10bc27a102982e5079bd88c
[2021/01/05 00:03:41.100] -   Gas usage: 21243
[2021/01/05 00:03:41.102] -   Block Number: 22
[2021/01/05 00:03:41.103] -   Block Time: Tue Jan 05 2021 00:03:41 GMT+0800 (Malaysia Time)
[2021/01/05 00:03:41.104] -   Runtime Error: revert
[2021/01/05 00:03:41.105] - 
[2021/01/05 00:03:41.114] - eth_getBlockByNumber
[2021/01/05 00:03:41.117] - eth_call
[2021/01/05 00:03:41.118] - eth_getBalance
[2021/01/05 00:03:41.124] - eth_getTransactionCount
[2021/01/05 00:03:41.145] - eth_getBalance
[2021/01/05 00:03:41.155] - eth_getTransactionCount
[2021/01/05 00:03:41.167] - eth_getBalance
[2021/01/05 00:03:41.182] - eth_getTransactionCount
[2021/01/05 00:03:41.198] - eth_getBalance
[2021/01/05 00:03:41.209] - eth_getTransactionCount
[2021/01/05 00:03:41.221] - eth_getBalance
[2021/01/05 00:03:41.234] - eth_getTransactionCount
[2021/01/05 00:03:41.244] - eth_getBalance
[2021/01/05 00:03:41.269] - eth_getTransactionCount
[2021/01/05 00:03:41.271] - eth_getBalance
[2021/01/05 00:03:41.279] - eth_getTransactionCount
[2021/01/05 00:03:41.290] - eth_getBalance
[2021/01/05 00:03:41.302] - eth_getTransactionCount
[2021/01/05 00:03:41.320] - eth_getBalance
[2021/01/05 00:03:41.334] - eth_getTransactionCount
[2021/01/05 00:03:41.345] - eth_getBalance
[2021/01/05 00:03:41.359] - eth_getTransactionCount
[2021/01/05 00:09:49.688] - eth_getBalance
[2021/01/05 00:10:10.466] - eth_getBalance
[2021/01/05 00:11:26.940] - eth_getBlockByNumber
[2021/01/05 00:11:26.951] - eth_sendTransaction
[2021/01/05 00:11:27.024] - 
[2021/01/05 00:11:27.026] -   Transaction: 0xe44f68b47d957b2a8949b886cd1806f48638ea81155cffabd1a3b1fba27259a3
[2021/01/05 00:11:27.027] -   Gas usage: 21243
[2021/01/05 00:11:27.028] -   Block Number: 23
[2021/01/05 00:11:27.029] -   Block Time: Tue Jan 05 2021 00:11:26 GMT+0800 (Malaysia Time)
[2021/01/05 00:11:27.031] -   Runtime Error: revert
[2021/01/05 00:11:27.032] - 
[2021/01/05 00:11:27.035] - eth_getBlockByNumber
[2021/01/05 00:11:27.038] - eth_call
[2021/01/05 00:11:27.045] - eth_getBalance
[2021/01/05 00:11:27.060] - eth_getTransactionCount
[2021/01/05 00:11:27.072] - eth_getBalance
[2021/01/05 00:11:27.087] - eth_getTransactionCount
[2021/01/05 00:11:27.103] - eth_getBalance
[2021/01/05 00:11:27.115] - eth_getTransactionCount
[2021/01/05 00:11:27.128] - eth_getBalance
[2021/01/05 00:11:27.141] - eth_getTransactionCount
[2021/01/05 00:11:27.156] - eth_getBalance
[2021/01/05 00:11:27.165] - eth_getTransactionCount
[2021/01/05 00:11:27.178] - eth_getBalance
[2021/01/05 00:11:27.189] - eth_getTransactionCount
[2021/01/05 00:11:27.200] - eth_getBalance
[2021/01/05 00:11:27.219] - eth_getTransactionCount
[2021/01/05 00:11:27.243] - eth_getBalance
[2021/01/05 00:11:27.252] - eth_getTransactionCount
[2021/01/05 00:11:27.262] - eth_getBalance
[2021/01/05 00:11:27.273] - eth_getTransactionCount
[2021/01/05 00:11:27.284] - eth_getBalance
[2021/01/05 00:11:27.294] - eth_getTransactionCount
[2021/01/05 00:16:41.686] - eth_gasPrice
[2021/01/05 00:16:41.695] - eth_sendTransaction
[2021/01/05 00:16:41.774] - 
[2021/01/05 00:16:41.776] -   Transaction: 0x68e7ac1abd4b031cab917e4a6b8728cc8c413c23fa59af5d7357366933cb07b9
[2021/01/05 00:16:41.777] -   Gas usage: 21000
[2021/01/05 00:16:41.778] -   Block Number: 24
[2021/01/05 00:16:41.779] -   Block Time: Tue Jan 05 2021 00:16:41 GMT+0800 (Malaysia Time)
[2021/01/05 00:16:41.781] - 
[2021/01/05 00:16:41.784] - eth_getBlockByNumber
[2021/01/05 00:16:41.791] - eth_getTransactionReceipt
[2021/01/05 00:16:41.807] - eth_getBalance
[2021/01/05 00:16:41.820] - eth_getTransactionCount
[2021/01/05 00:16:41.838] - eth_getBalance
[2021/01/05 00:16:41.851] - eth_getTransactionCount
[2021/01/05 00:16:41.865] - eth_getBalance
[2021/01/05 00:16:41.878] - eth_getTransactionCount
[2021/01/05 00:16:41.888] - eth_getBalance
[2021/01/05 00:16:41.900] - eth_getTransactionCount
[2021/01/05 00:16:41.919] - eth_getBalance
[2021/01/05 00:16:41.942] - eth_getTransactionCount
[2021/01/05 00:16:41.955] - eth_getBalance
[2021/01/05 00:16:41.966] - eth_getTransactionCount
[2021/01/05 00:16:41.993] - eth_getBalance
[2021/01/05 00:16:41.995] - eth_getTransactionCount
[2021/01/05 00:16:41.996] - eth_getBalance
[2021/01/05 00:16:42.012] - eth_getTransactionCount
[2021/01/05 00:16:42.022] - eth_getBalance
[2021/01/05 00:16:42.028] - eth_getTransactionCount
[2021/01/05 00:16:42.038] - eth_getBalance
[2021/01/05 00:16:42.048] - eth_getTransactionCount
[2021/01/05 00:17:05.086] - eth_getBlockByNumber
[2021/01/05 00:17:05.126] - eth_getBlockTransactionCountByHash
[2021/01/05 00:17:05.155] - eth_getBlockByNumber
[2021/01/05 00:17:05.179] - eth_getBlockTransactionCountByHash
[2021/01/05 00:17:05.194] - eth_getBlockByNumber
[2021/01/05 00:17:05.221] - eth_getBlockTransactionCountByHash
[2021/01/05 00:17:05.251] - eth_getBlockByNumber
[2021/01/05 00:17:05.280] - eth_getBlockTransactionCountByHash
[2021/01/05 00:17:09.225] - eth_getBlockByNumber
[2021/01/05 00:17:09.249] - eth_getTransactionReceipt
[2021/01/05 00:17:13.290] - eth_getTransactionByHash
[2021/01/05 00:17:13.308] - eth_getBlockByNumber
[2021/01/05 00:17:13.335] - eth_getTransactionReceipt
[2021/01/05 00:17:13.361] - eth_getBlockByNumber
[2021/01/05 00:17:13.375] - eth_getTransactionReceipt
[2021/01/05 00:17:13.397] - eth_getBlockByNumber
[2021/01/05 00:17:13.419] - eth_getTransactionReceipt
[2021/01/05 00:17:13.438] - eth_getTransactionReceipt
[2021/01/05 00:17:13.458] - eth_getTransactionReceipt
[2021/01/05 00:17:13.483] - eth_getTransactionReceipt
[2021/01/05 00:17:13.523] - eth_getTransactionReceipt
[2021/01/05 00:17:13.545] - eth_getTransactionReceipt
[2021/01/05 00:17:13.565] - eth_getTransactionReceipt
[2021/01/05 00:17:13.588] - eth_getTransactionReceipt
[2021/01/05 00:22:25.954] - eth_gasPrice
[2021/01/05 00:22:25.961] - eth_sendTransaction
[2021/01/05 00:22:26.044] - 
[2021/01/05 00:22:26.045] -   Transaction: 0xfe1ebd8684e80cdfd55fdcbac5d7aa330bb7e0cba25a35e4692d1dbc8744e311
[2021/01/05 00:22:26.046] -   Gas usage: 21000
[2021/01/05 00:22:26.047] -   Block Number: 25
[2021/01/05 00:22:26.048] -   Block Time: Tue Jan 05 2021 00:22:25 GMT+0800 (Malaysia Time)
[2021/01/05 00:22:26.049] - 
[2021/01/05 00:22:26.053] - eth_getBlockByNumber
[2021/01/05 00:22:26.056] - eth_getTransactionReceipt
[2021/01/05 00:22:26.083] - eth_getBalance
[2021/01/05 00:22:26.102] - eth_getTransactionCount
[2021/01/05 00:22:26.118] - eth_getBalance
[2021/01/05 00:22:26.133] - eth_getTransactionCount
[2021/01/05 00:22:26.149] - eth_getBalance
[2021/01/05 00:22:26.161] - eth_getTransactionCount
[2021/01/05 00:22:26.176] - eth_getBalance
[2021/01/05 00:22:26.198] - eth_getTransactionCount
[2021/01/05 00:22:26.229] - eth_getBalance
[2021/01/05 00:22:26.244] - eth_getTransactionCount
[2021/01/05 00:22:26.256] - eth_getBalance
[2021/01/05 00:22:26.267] - eth_getTransactionCount
[2021/01/05 00:22:26.278] - eth_getBalance
[2021/01/05 00:22:26.290] - eth_getTransactionCount
[2021/01/05 00:22:26.304] - eth_getBalance
[2021/01/05 00:22:26.315] - eth_getTransactionCount
[2021/01/05 00:22:26.333] - eth_getBalance
[2021/01/05 00:22:26.346] - eth_getTransactionCount
[2021/01/05 00:22:26.358] - eth_getBalance
[2021/01/05 00:22:26.370] - eth_getTransactionCount
[2021/01/05 00:45:42.153] - eth_getBlockByNumber
[2021/01/05 00:45:42.175] - eth_sendTransaction
[2021/01/05 00:45:42.254] - 
[2021/01/05 00:45:42.255] -   Transaction: 0x2e82c5f861ec2dfc7e35a2bb1d5e1d9b2776319db85e8c8807b5ee21d969aeab
[2021/01/05 00:45:42.256] -   Gas usage: 21243
[2021/01/05 00:45:42.257] -   Block Number: 26
[2021/01/05 00:45:42.258] -   Block Time: Tue Jan 05 2021 00:45:42 GMT+0800 (Malaysia Time)
[2021/01/05 00:45:42.259] -   Runtime Error: revert
[2021/01/05 00:45:42.259] - 
[2021/01/05 00:45:42.263] - eth_getBlockByNumber
[2021/01/05 00:45:42.271] - eth_call
[2021/01/05 00:45:42.278] - eth_getBalance
[2021/01/05 00:45:42.291] - eth_getTransactionCount
[2021/01/05 00:45:42.304] - eth_getBalance
[2021/01/05 00:45:42.320] - eth_getTransactionCount
[2021/01/05 00:45:42.334] - eth_getBalance
[2021/01/05 00:45:42.344] - eth_getTransactionCount
[2021/01/05 00:45:42.354] - eth_getBalance
[2021/01/05 00:45:42.364] - eth_getTransactionCount
[2021/01/05 00:45:42.375] - eth_getBalance
[2021/01/05 00:45:42.384] - eth_getTransactionCount
[2021/01/05 00:45:42.395] - eth_getBalance
[2021/01/05 00:45:42.404] - eth_getTransactionCount
[2021/01/05 00:45:42.416] - eth_getBalance
[2021/01/05 00:45:42.425] - eth_getTransactionCount
[2021/01/05 00:45:42.437] - eth_getBalance
[2021/01/05 00:45:42.448] - eth_getTransactionCount
[2021/01/05 00:45:42.457] - eth_getBalance
[2021/01/05 00:45:42.468] - eth_getTransactionCount
[2021/01/05 00:45:42.476] - eth_getBalance
[2021/01/05 00:45:42.486] - eth_getTransactionCount
[2021/01/05 00:45:48.662] - eth_getBlockByNumber
[2021/01/05 00:45:48.675] - eth_call
[2021/01/05 00:46:36.442] - eth_getBlockByNumber
[2021/01/05 00:46:36.457] - eth_sendTransaction
[2021/01/05 00:46:36.539] - 
[2021/01/05 00:46:36.541] -   Transaction: 0x91973fd907de8890bade29afc0c6d3a655cd34084cec15bf45078f58143e166c
[2021/01/05 00:46:36.541] -   Gas usage: 21243
[2021/01/05 00:46:36.542] -   Block Number: 27
[2021/01/05 00:46:36.543] -   Block Time: Tue Jan 05 2021 00:46:36 GMT+0800 (Malaysia Time)
[2021/01/05 00:46:36.545] -   Runtime Error: revert
[2021/01/05 00:46:36.546] - 
[2021/01/05 00:46:36.549] - eth_getBlockByNumber
[2021/01/05 00:46:36.554] - eth_call
[2021/01/05 00:46:36.566] - eth_getBalance
[2021/01/05 00:46:36.595] - eth_getTransactionCount
[2021/01/05 00:46:36.597] - eth_getBalance
[2021/01/05 00:46:36.600] - eth_getTransactionCount
[2021/01/05 00:46:36.609] - eth_getBalance
[2021/01/05 00:46:36.619] - eth_getTransactionCount
[2021/01/05 00:46:36.642] - eth_getBalance
[2021/01/05 00:46:36.652] - eth_getTransactionCount
[2021/01/05 00:46:36.669] - eth_getBalance
[2021/01/05 00:46:36.685] - eth_getTransactionCount
[2021/01/05 00:46:36.694] - eth_getBalance
[2021/01/05 00:46:36.706] - eth_getTransactionCount
[2021/01/05 00:46:36.717] - eth_getBalance
[2021/01/05 00:46:36.730] - eth_getTransactionCount
[2021/01/05 00:46:36.742] - eth_getBalance
[2021/01/05 00:46:36.754] - eth_getTransactionCount
[2021/01/05 00:46:36.765] - eth_getBalance
[2021/01/05 00:46:36.775] - eth_getTransactionCount
[2021/01/05 00:46:36.787] - eth_getBalance
[2021/01/05 00:46:36.795] - eth_getTransactionCount
[2021/01/05 00:55:10.105] - eth_getBlockByNumber
[2021/01/05 00:55:10.120] - eth_sendTransaction
[2021/01/05 00:55:10.193] - 
[2021/01/05 00:55:10.194] -   Transaction: 0xea861dbc6c69c3c9f2f48e77193ed79d0ae4a47ee45619d8459daef817fef547
[2021/01/05 00:55:10.195] -   Gas usage: 21243
[2021/01/05 00:55:10.196] -   Block Number: 28
[2021/01/05 00:55:10.197] -   Block Time: Tue Jan 05 2021 00:55:10 GMT+0800 (Malaysia Time)
[2021/01/05 00:55:10.198] -   Runtime Error: revert
[2021/01/05 00:55:10.199] - 
[2021/01/05 00:55:10.203] - eth_getBlockByNumber
[2021/01/05 00:55:10.206] - eth_call
[2021/01/05 00:55:10.212] - eth_getBalance
[2021/01/05 00:55:10.223] - eth_getTransactionCount
[2021/01/05 00:55:10.233] - eth_getBalance
[2021/01/05 00:55:10.244] - eth_getTransactionCount
[2021/01/05 00:55:10.257] - eth_getBalance
[2021/01/05 00:55:10.272] - eth_getTransactionCount
[2021/01/05 00:55:10.285] - eth_getBalance
[2021/01/05 00:55:10.297] - eth_getTransactionCount
[2021/01/05 00:55:10.306] - eth_getBalance
[2021/01/05 00:55:10.318] - eth_getTransactionCount
[2021/01/05 00:55:10.329] - eth_getBalance
[2021/01/05 00:55:10.341] - eth_getTransactionCount
[2021/01/05 00:55:10.348] - eth_getBalance
[2021/01/05 00:55:10.359] - eth_getTransactionCount
[2021/01/05 00:55:10.370] - eth_getBalance
[2021/01/05 00:55:10.379] - eth_getTransactionCount
[2021/01/05 00:55:10.389] - eth_getBalance
[2021/01/05 00:55:10.397] - eth_getTransactionCount
[2021/01/05 00:55:10.418] - eth_getBalance
[2021/01/05 00:55:10.419] - eth_getTransactionCount
[2021/01/05 01:00:17.758] - eth_blockNumber
[2021/01/05 01:00:17.775] - net_version
[2021/01/05 01:00:17.779] - eth_accounts
[2021/01/05 01:00:17.845] - eth_accounts
[2021/01/05 01:07:12.828] - eth_blockNumber
[2021/01/05 01:07:12.856] - net_version
[2021/01/05 01:07:12.865] - eth_accounts
[2021/01/05 01:07:12.962] - eth_accounts
[2021/01/05 01:07:21.680] - eth_blockNumber
[2021/01/05 01:07:21.691] - net_version
[2021/01/05 01:07:21.698] - eth_accounts
[2021/01/05 01:07:21.731] - eth_getBlockByNumber
[2021/01/05 01:07:21.745] - eth_getCode
[2021/01/05 01:07:24.248] - eth_getBlockByNumber
[2021/01/05 01:07:24.266] - eth_call
[2021/01/05 01:08:15.078] - eth_getBalance
[2021/01/05 01:08:15.120] - eth_getTransactionByHash
[2021/01/05 01:08:15.144] - eth_getTransactionReceipt
[2021/01/05 01:08:15.161] - eth_getTransactionByHash
[2021/01/05 01:08:15.181] - eth_getTransactionReceipt
[2021/01/05 01:08:15.196] - eth_getTransactionByHash
[2021/01/05 01:08:15.213] - eth_getTransactionReceipt
[2021/01/05 01:08:15.229] - eth_getTransactionByHash
[2021/01/05 01:08:15.245] - eth_getTransactionReceipt
[2021/01/05 01:08:15.261] - eth_getTransactionByHash
[2021/01/05 01:08:15.280] - eth_getTransactionReceipt
[2021/01/05 01:08:15.330] - net_version
[2021/01/05 01:08:15.335] - eth_getCode
[2021/01/05 01:08:15.342] - eth_getBlockByNumber
[2021/01/05 01:08:15.349] - eth_getBalance
[2021/01/05 01:08:15.359] - eth_getTransactionCount
[2021/01/05 01:08:15.368] - eth_getStorageAt
[2021/01/05 01:08:15.379] - eth_getStorageAt
[2021/01/05 01:08:15.386] - eth_getStorageAt
[2021/01/05 01:08:15.394] - eth_getStorageAt
[2021/01/05 01:08:15.401] - eth_getStorageAt
[2021/01/05 01:08:15.407] - eth_getStorageAt
[2021/01/05 01:08:15.412] - eth_getStorageAt
[2021/01/05 01:08:15.417] - eth_getStorageAt
[2021/01/05 01:09:17.663] - eth_getBlockByNumber
[2021/01/05 01:10:33.538] - eth_accounts
[2021/01/05 01:11:21.916] - eth_getBlockByNumber
[2021/01/05 01:11:21.932] - eth_sendTransaction
[2021/01/05 01:11:22.006] - 
[2021/01/05 01:11:22.007] -   Transaction: 0xe05879312dbf14894ad567475f665fda32dd403c000f7db5085b78c7acce2473
[2021/01/05 01:11:22.008] -   Gas usage: 21243
[2021/01/05 01:11:22.009] -   Block Number: 29
[2021/01/05 01:11:22.010] -   Block Time: Tue Jan 05 2021 01:11:21 GMT+0800 (Malaysia Time)
[2021/01/05 01:11:22.012] -   Runtime Error: revert
[2021/01/05 01:11:22.013] - 
[2021/01/05 01:11:22.017] - eth_getBlockByNumber
[2021/01/05 01:11:22.019] - eth_call
[2021/01/05 01:11:22.051] - eth_getBalance
[2021/01/05 01:11:22.065] - eth_getTransactionCount
[2021/01/05 01:11:22.079] - eth_getBalance
[2021/01/05 01:11:22.088] - eth_getTransactionCount
[2021/01/05 01:11:22.098] - eth_getBalance
[2021/01/05 01:11:22.113] - eth_getTransactionCount
[2021/01/05 01:11:22.129] - eth_getBalance
[2021/01/05 01:11:22.137] - eth_getTransactionCount
[2021/01/05 01:11:22.143] - eth_getBalance
[2021/01/05 01:11:22.150] - eth_getTransactionCount
[2021/01/05 01:11:22.160] - eth_getBalance
[2021/01/05 01:11:22.171] - eth_getTransactionCount
[2021/01/05 01:11:22.180] - eth_getBalance
[2021/01/05 01:11:22.195] - eth_getTransactionCount
[2021/01/05 01:11:22.209] - eth_getBalance
[2021/01/05 01:11:22.222] - eth_getTransactionCount
[2021/01/05 01:11:22.233] - eth_getBalance
[2021/01/05 01:11:22.245] - eth_getTransactionCount
[2021/01/05 01:11:22.256] - eth_getBalance
[2021/01/05 01:11:22.273] - eth_getTransactionCount
[2021/01/05 01:18:35.830] - eth_chainId
[2021/01/05 01:18:35.874] - eth_blockNumber
[2021/01/05 01:18:35.878] - net_version
[2021/01/05 01:18:35.890] - eth_getBalance
[2021/01/05 01:18:35.891] - eth_getBlockByNumber
[2021/01/05 01:18:36.291] - net_version
[2021/01/05 01:18:37.293] - net_version
[2021/01/05 01:18:38.300] - net_version
[2021/01/05 01:18:39.293] - net_version
[2021/01/05 01:18:40.310] - net_version
[2021/01/05 01:18:41.292] - net_version
[2021/01/05 01:18:42.291] - net_version
[2021/01/05 01:18:43.295] - net_version
[2021/01/05 01:18:44.294] - net_version
[2021/01/05 01:18:45.294] - net_version
[2021/01/05 01:18:46.296] - net_version
[2021/01/05 01:18:47.295] - net_version
[2021/01/05 01:18:48.295] - net_version
[2021/01/05 01:18:49.293] - net_version
[2021/01/05 01:18:50.293] - net_version
[2021/01/05 01:18:51.295] - net_version
[2021/01/05 01:18:52.301] - net_version
[2021/01/05 01:18:53.293] - net_version
[2021/01/05 01:18:54.315] - net_version
[2021/01/05 01:18:55.294] - net_version
[2021/01/05 01:18:56.289] - net_version
[2021/01/05 01:18:57.783] - net_version
[2021/01/05 01:21:37.087] - eth_blockNumber
[2021/01/05 01:21:37.091] - net_version
[2021/01/05 01:21:37.093] - net_version
[2021/01/05 01:21:37.140] - net_version
[2021/01/05 01:21:37.777] - net_version
[2021/01/05 01:21:37.780] - eth_blockNumber
[2021/01/05 01:21:38.764] - net_version
[2021/01/05 01:21:39.765] - net_version
[2021/01/05 01:21:40.761] - net_version
[2021/01/05 01:21:41.761] - net_version
[2021/01/05 01:21:42.763] - net_version
[2021/01/05 01:21:43.765] - net_version
[2021/01/05 01:21:44.754] - net_version
[2021/01/05 01:21:45.762] - net_version
[2021/01/05 01:21:46.781] - net_version
[2021/01/05 01:21:47.770] - net_version
[2021/01/05 01:21:48.762] - net_version
[2021/01/05 01:21:49.758] - net_version
[2021/01/05 01:21:50.764] - net_version
[2021/01/05 01:21:51.758] - net_version
[2021/01/05 01:21:52.502] - eth_blockNumber
[2021/01/05 01:21:52.760] - net_version
[2021/01/05 01:21:53.764] - net_version
[2021/01/05 01:21:54.757] - net_version
[2021/01/05 01:21:55.762] - net_version
[2021/01/05 01:21:56.759] - net_version
[2021/01/05 01:21:57.160] - eth_blockNumber
[2021/01/05 01:21:57.761] - net_version
[2021/01/05 01:21:57.809] - eth_blockNumber
[2021/01/05 01:21:58.763] - net_version
[2021/01/05 01:21:58.941] - eth_blockNumber
[2021/01/05 01:21:59.767] - net_version
[2021/01/05 01:22:00.771] - net_version
[2021/01/05 01:22:01.758] - net_version
[2021/01/05 01:22:02.776] - net_version
[2021/01/05 01:22:03.760] - net_version
[2021/01/05 01:22:04.763] - net_version
[2021/01/05 01:22:05.761] - net_version
[2021/01/05 01:22:06.764] - net_version
[2021/01/05 01:22:08.226] - net_version
[2021/01/05 01:22:09.220] - net_version
[2021/01/05 01:22:10.236] - net_version
[2021/01/05 01:22:11.235] - net_version
[2021/01/05 01:22:12.222] - net_version
[2021/01/05 01:22:13.233] - net_version
[2021/01/05 01:22:14.231] - net_version
[2021/01/05 01:22:15.241] - net_version
[2021/01/05 01:22:16.235] - net_version
[2021/01/05 01:22:17.222] - net_version
[2021/01/05 01:22:18.216] - net_version
[2021/01/05 01:22:19.232] - net_version
[2021/01/05 01:22:20.234] - net_version
[2021/01/05 01:22:21.233] - net_version
[2021/01/05 01:22:22.226] - net_version
[2021/01/05 01:22:23.219] - net_version
[2021/01/05 01:22:24.233] - net_version
[2021/01/05 01:22:25.222] - net_version
[2021/01/05 01:22:26.238] - net_version
[2021/01/05 01:22:27.227] - net_version
[2021/01/05 01:22:28.222] - net_version
[2021/01/05 01:22:28.223] - eth_blockNumber
[2021/01/05 01:22:29.226] - net_version
[2021/01/05 01:22:30.242] - net_version
[2021/01/05 01:22:31.226] - net_version
[2021/01/05 01:22:32.234] - net_version
[2021/01/05 01:22:33.223] - net_version
[2021/01/05 01:22:34.257] - net_version
[2021/01/05 01:22:35.235] - net_version
[2021/01/05 01:22:36.232] - net_version
[2021/01/05 01:22:37.223] - net_version
[2021/01/05 01:22:38.228] - net_version
[2021/01/05 01:22:39.226] - net_version
[2021/01/05 01:22:40.245] - net_version
[2021/01/05 01:22:41.232] - net_version
[2021/01/05 01:22:42.225] - net_version
[2021/01/05 01:22:43.223] - net_version
[2021/01/05 01:22:44.235] - net_version
[2021/01/05 01:22:45.256] - net_version
[2021/01/05 01:22:46.231] - net_version
[2021/01/05 01:22:47.235] - net_version
[2021/01/05 01:22:48.220] - net_version
[2021/01/05 01:22:49.227] - eth_blockNumber
[2021/01/05 01:22:49.238] - net_version
[2021/01/05 01:22:50.233] - net_version
[2021/01/05 01:22:51.229] - net_version
[2021/01/05 01:22:52.223] - net_version
[2021/01/05 01:22:53.224] - net_version
[2021/01/05 01:22:54.224] - net_version
[2021/01/05 01:22:55.228] - net_version
[2021/01/05 01:22:56.219] - net_version
[2021/01/05 01:22:57.234] - net_version
[2021/01/05 01:22:58.229] - net_version
[2021/01/05 01:22:59.246] - net_version
[2021/01/05 01:23:00.227] - net_version
[2021/01/05 01:23:01.230] - net_version
[2021/01/05 01:23:02.229] - net_version
[2021/01/05 01:23:03.228] - net_version
[2021/01/05 01:23:04.229] - net_version
[2021/01/05 01:23:05.232] - net_version
[2021/01/05 01:23:06.229] - net_version
[2021/01/05 01:23:07.228] - net_version
[2021/01/05 01:23:08.226] - net_version
[2021/01/05 01:23:09.254] - net_version
[2021/01/05 01:23:10.226] - eth_blockNumber
[2021/01/05 01:23:10.228] - net_version
[2021/01/05 01:23:11.216] - net_version
[2021/01/05 01:23:12.214] - net_version
[2021/01/05 01:23:13.223] - net_version
[2021/01/05 01:23:14.231] - net_version
[2021/01/05 01:23:15.228] - net_version
[2021/01/05 01:23:15.785] - eth_blockNumber
[2021/01/05 01:23:15.808] - net_version
[2021/01/05 01:23:15.828] - eth_accounts
[2021/01/05 01:23:15.861] - eth_getBlockByNumber
[2021/01/05 01:23:15.885] - eth_getCode
[2021/01/05 01:23:16.221] - net_version
[2021/01/05 01:23:17.216] - net_version
[2021/01/05 01:23:18.229] - net_version
[2021/01/05 01:23:18.265] - eth_getBlockByNumber
[2021/01/05 01:23:18.288] - eth_call
[2021/01/05 01:23:19.231] - net_version
[2021/01/05 01:23:20.241] - net_version
[2021/01/05 01:23:21.224] - net_version
[2021/01/05 01:23:22.245] - net_version
[2021/01/05 01:23:23.233] - net_version
[2021/01/05 01:23:24.222] - net_version
[2021/01/05 01:23:25.228] - net_version
[2021/01/05 01:23:26.229] - net_version
[2021/01/05 01:23:27.233] - net_version
[2021/01/05 01:23:28.225] - net_version
[2021/01/05 01:23:29.217] - net_version
[2021/01/05 01:23:30.216] - net_version
[2021/01/05 01:23:31.220] - eth_blockNumber
[2021/01/05 01:23:31.226] - net_version
[2021/01/05 01:23:32.221] - net_version
[2021/01/05 01:23:32.636] - eth_blockNumber
[2021/01/05 01:23:32.655] - net_version
[2021/01/05 01:23:32.664] - eth_accounts
[2021/01/05 01:23:32.693] - eth_getBlockByNumber
[2021/01/05 01:23:32.704] - eth_getCode
[2021/01/05 01:23:33.230] - net_version
[2021/01/05 01:23:34.221] - net_version
[2021/01/05 01:23:35.217] - net_version
[2021/01/05 01:23:35.352] - eth_getBlockByNumber
[2021/01/05 01:23:35.371] - eth_call
[2021/01/05 01:23:36.239] - net_version
[2021/01/05 01:23:37.221] - net_version
[2021/01/05 01:23:38.217] - net_version
[2021/01/05 01:23:39.232] - net_version
[2021/01/05 01:23:40.214] - net_version
[2021/01/05 01:23:41.247] - net_version
[2021/01/05 01:23:42.220] - net_version
[2021/01/05 01:23:43.225] - net_version
[2021/01/05 01:23:44.250] - net_version
[2021/01/05 01:23:45.231] - net_version
[2021/01/05 01:23:46.231] - net_version
[2021/01/05 01:23:47.232] - net_version
[2021/01/05 01:23:48.220] - net_version
[2021/01/05 01:23:49.220] - net_version
[2021/01/05 01:23:50.223] - net_version
[2021/01/05 01:23:51.232] - net_version
[2021/01/05 01:23:52.225] - eth_blockNumber
[2021/01/05 01:23:52.229] - net_version
[2021/01/05 01:23:53.231] - net_version
[2021/01/05 01:23:54.227] - net_version
[2021/01/05 01:23:55.255] - net_version
[2021/01/05 01:23:55.598] - eth_getBlockByNumber
[2021/01/05 01:23:55.613] - eth_call
[2021/01/05 01:23:56.218] - net_version
[2021/01/05 01:23:57.250] - net_version
[2021/01/05 01:23:58.228] - net_version
[2021/01/05 01:23:59.222] - net_version
[2021/01/05 01:24:00.241] - net_version
[2021/01/05 01:24:01.228] - net_version
[2021/01/05 01:24:02.221] - net_version
[2021/01/05 01:24:03.234] - net_version
[2021/01/05 01:24:04.228] - net_version
[2021/01/05 01:24:05.223] - net_version
[2021/01/05 01:24:06.222] - net_version
[2021/01/05 01:24:07.220] - net_version
[2021/01/05 01:24:07.707] - eth_getBlockByNumber
[2021/01/05 01:24:07.718] - eth_call
[2021/01/05 01:24:08.222] - net_version
[2021/01/05 01:24:09.220] - net_version
[2021/01/05 01:24:10.218] - net_version
[2021/01/05 01:24:11.232] - net_version
[2021/01/05 01:24:12.224] - net_version
[2021/01/05 01:24:13.214] - eth_blockNumber
[2021/01/05 01:24:13.215] - net_version
[2021/01/05 01:24:14.237] - net_version
[2021/01/05 01:24:15.237] - net_version
[2021/01/05 01:24:16.249] - net_version
[2021/01/05 01:24:17.218] - net_version
[2021/01/05 01:24:18.224] - net_version
[2021/01/05 01:24:19.225] - net_version
[2021/01/05 01:24:20.219] - net_version
[2021/01/05 01:24:21.245] - net_version
[2021/01/05 01:24:22.221] - net_version
[2021/01/05 01:24:23.235] - net_version
[2021/01/05 01:24:24.234] - net_version
[2021/01/05 01:24:24.619] - eth_getBlockByNumber
[2021/01/05 01:24:25.237] - net_version
[2021/01/05 01:24:26.223] - net_version
[2021/01/05 01:24:27.233] - net_version
[2021/01/05 01:24:28.234] - net_version
[2021/01/05 01:24:29.232] - net_version
[2021/01/05 01:24:30.223] - net_version
[2021/01/05 01:24:31.247] - net_version
[2021/01/05 01:24:32.219] - net_version
[2021/01/05 01:24:33.244] - net_version
[2021/01/05 01:24:34.222] - eth_blockNumber
[2021/01/05 01:24:34.224] - net_version
[2021/01/05 01:24:35.221] - net_version
[2021/01/05 01:24:36.235] - net_version
[2021/01/05 01:24:37.226] - net_version
[2021/01/05 01:24:38.225] - net_version
[2021/01/05 01:24:39.248] - net_version
[2021/01/05 01:24:40.230] - net_version
[2021/01/05 01:24:41.224] - net_version
[2021/01/05 01:24:42.238] - net_version
[2021/01/05 01:24:43.222] - net_version
[2021/01/05 01:24:44.221] - net_version
[2021/01/05 01:24:45.221] - net_version
[2021/01/05 01:24:46.219] - net_version
[2021/01/05 01:24:47.241] - net_version
[2021/01/05 01:24:48.218] - net_version
[2021/01/05 01:24:49.233] - net_version
[2021/01/05 01:24:50.234] - net_version
[2021/01/05 01:24:51.228] - net_version
[2021/01/05 01:24:52.224] - net_version
[2021/01/05 01:24:53.241] - net_version
[2021/01/05 01:24:54.223] - net_version
[2021/01/05 01:24:55.220] - eth_blockNumber
[2021/01/05 01:24:55.224] - net_version
[2021/01/05 01:24:56.231] - net_version
[2021/01/05 01:24:57.225] - net_version
[2021/01/05 01:24:58.221] - net_version
[2021/01/05 01:24:59.234] - net_version
[2021/01/05 01:25:00.256] - net_version
[2021/01/05 01:25:01.230] - net_version
[2021/01/05 01:25:02.230] - net_version
[2021/01/05 01:25:03.216] - net_version
[2021/01/05 01:25:04.236] - net_version
[2021/01/05 01:25:05.223] - net_version
[2021/01/05 01:25:06.234] - net_version
[2021/01/05 01:25:07.222] - net_version
[2021/01/05 01:25:08.243] - net_version
[2021/01/05 01:25:09.221] - net_version
[2021/01/05 01:25:10.239] - net_version
[2021/01/05 01:25:11.224] - net_version
[2021/01/05 01:25:12.221] - net_version
[2021/01/05 01:25:13.235] - net_version
[2021/01/05 01:25:14.227] - net_version
[2021/01/05 01:25:15.237] - net_version
[2021/01/05 01:25:16.229] - eth_blockNumber
[2021/01/05 01:25:16.233] - net_version
[2021/01/05 01:25:17.222] - net_version
[2021/01/05 01:25:18.237] - net_version
[2021/01/05 01:25:19.229] - net_version
[2021/01/05 01:25:20.220] - net_version
[2021/01/05 01:25:21.247] - net_version
[2021/01/05 01:25:22.243] - net_version
[2021/01/05 01:25:23.225] - net_version
[2021/01/05 01:25:24.219] - net_version
[2021/01/05 01:25:25.241] - net_version
[2021/01/05 01:25:26.228] - net_version
[2021/01/05 01:25:27.226] - net_version
[2021/01/05 01:25:28.220] - net_version
[2021/01/05 01:25:29.238] - net_version
[2021/01/05 01:25:30.215] - net_version
[2021/01/05 01:25:31.238] - net_version
[2021/01/05 01:25:32.220] - net_version
[2021/01/05 01:25:33.236] - net_version
[2021/01/05 01:25:34.230] - net_version
[2021/01/05 01:25:35.222] - net_version
[2021/01/05 01:25:36.216] - net_version
[2021/01/05 01:25:37.248] - eth_blockNumber
[2021/01/05 01:25:37.253] - net_version
[2021/01/05 01:25:38.226] - net_version
[2021/01/05 01:25:39.224] - net_version
[2021/01/05 01:25:40.220] - net_version
[2021/01/05 01:25:41.232] - net_version
[2021/01/05 01:25:42.228] - net_version
[2021/01/05 01:25:43.241] - net_version
[2021/01/05 01:25:44.215] - net_version
[2021/01/05 01:25:45.231] - net_version
[2021/01/05 01:25:46.222] - net_version
[2021/01/05 01:25:47.216] - net_version
[2021/01/05 01:25:48.228] - net_version
[2021/01/05 01:25:49.223] - net_version
[2021/01/05 01:25:50.238] - net_version
[2021/01/05 01:25:51.221] - net_version
[2021/01/05 01:25:52.222] - net_version
[2021/01/05 01:25:53.222] - net_version
[2021/01/05 01:25:54.229] - net_version
[2021/01/05 01:25:55.217] - net_version
[2021/01/05 01:25:56.218] - net_version
[2021/01/05 01:25:57.219] - net_version
[2021/01/05 01:25:58.216] - eth_blockNumber
[2021/01/05 01:25:58.219] - net_version
[2021/01/05 01:25:59.233] - net_version
[2021/01/05 01:26:00.234] - net_version
[2021/01/05 01:26:01.231] - net_version
[2021/01/05 01:26:02.219] - net_version
[2021/01/05 01:26:03.232] - net_version
[2021/01/05 01:26:04.232] - net_version
[2021/01/05 01:26:05.218] - net_version
[2021/01/05 01:26:06.233] - net_version
[2021/01/05 01:26:07.221] - net_version
[2021/01/05 01:26:08.238] - net_version
[2021/01/05 01:26:09.227] - net_version
[2021/01/05 01:26:10.216] - net_version
[2021/01/05 01:26:11.231] - net_version
[2021/01/05 01:26:12.227] - net_version
[2021/01/05 01:26:13.227] - net_version
[2021/01/05 01:26:14.225] - net_version
[2021/01/05 01:26:15.214] - net_version
[2021/01/05 01:26:16.229] - net_version
[2021/01/05 01:26:17.218] - net_version
[2021/01/05 01:26:18.226] - net_version
[2021/01/05 01:26:19.226] - eth_blockNumber
[2021/01/05 01:26:19.230] - net_version
[2021/01/05 01:26:20.219] - net_version
[2021/01/05 01:26:21.224] - net_version
[2021/01/05 01:26:22.223] - net_version
[2021/01/05 01:26:23.236] - net_version
[2021/01/05 01:26:24.229] - net_version
[2021/01/05 01:26:25.223] - net_version
[2021/01/05 01:26:26.222] - net_version
[2021/01/05 01:26:27.218] - net_version
[2021/01/05 01:26:28.224] - net_version
[2021/01/05 01:26:29.220] - net_version
[2021/01/05 01:26:30.219] - net_version
[2021/01/05 01:26:31.250] - net_version
[2021/01/05 01:26:32.234] - net_version
[2021/01/05 01:26:33.219] - net_version
[2021/01/05 01:26:34.244] - net_version
[2021/01/05 01:26:35.219] - net_version
[2021/01/05 01:26:36.220] - net_version
[2021/01/05 01:26:37.232] - net_version
[2021/01/05 01:26:38.226] - net_version
[2021/01/05 01:26:39.218] - net_version
[2021/01/05 01:26:40.225] - eth_blockNumber
[2021/01/05 01:26:40.239] - net_version
[2021/01/05 01:26:41.216] - net_version
[2021/01/05 01:26:42.228] - net_version
[2021/01/05 01:26:43.223] - net_version
[2021/01/05 01:26:44.245] - net_version
[2021/01/05 01:26:45.223] - net_version
[2021/01/05 01:26:46.227] - net_version
[2021/01/05 01:26:47.232] - net_version
[2021/01/05 01:26:48.211] - net_version
[2021/01/05 01:26:49.229] - net_version
[2021/01/05 01:26:50.229] - net_version
[2021/01/05 01:26:51.223] - net_version
[2021/01/05 01:26:52.235] - net_version
[2021/01/05 01:26:53.225] - net_version
[2021/01/05 01:26:54.218] - net_version
[2021/01/05 01:26:55.242] - net_version
[2021/01/05 01:26:56.226] - net_version
[2021/01/05 01:26:57.222] - net_version
[2021/01/05 01:26:58.216] - net_version
[2021/01/05 01:26:59.209] - net_version
[2021/01/05 01:27:00.240] - net_version
[2021/01/05 01:27:01.217] - eth_blockNumber
[2021/01/05 01:27:01.220] - net_version
[2021/01/05 01:27:02.242] - net_version
[2021/01/05 01:27:03.228] - net_version
[2021/01/05 01:27:04.222] - net_version
[2021/01/05 01:27:05.221] - net_version
[2021/01/05 01:27:06.215] - net_version
[2021/01/05 01:27:07.249] - net_version
[2021/01/05 01:27:08.218] - net_version
[2021/01/05 01:27:09.234] - net_version
[2021/01/05 01:27:10.221] - net_version
[2021/01/05 01:27:11.218] - net_version
[2021/01/05 01:27:12.232] - net_version
[2021/01/05 01:27:13.221] - net_version
[2021/01/05 01:27:14.234] - net_version
[2021/01/05 01:27:15.233] - net_version
[2021/01/05 01:27:16.228] - net_version
[2021/01/05 01:27:17.220] - net_version
[2021/01/05 01:27:18.221] - net_version
[2021/01/05 01:27:19.223] - net_version
[2021/01/05 01:27:20.215] - net_version
[2021/01/05 01:27:21.229] - net_version
[2021/01/05 01:27:22.228] - eth_blockNumber
[2021/01/05 01:27:22.231] - net_version
[2021/01/05 01:27:23.221] - net_version
[2021/01/05 01:27:24.231] - net_version
[2021/01/05 01:27:25.215] - net_version
[2021/01/05 01:27:26.234] - net_version
[2021/01/05 01:27:27.229] - net_version
[2021/01/05 01:27:28.216] - net_version
[2021/01/05 01:27:29.235] - net_version
[2021/01/05 01:27:30.230] - net_version
[2021/01/05 01:27:31.235] - net_version
[2021/01/05 01:27:32.233] - net_version
[2021/01/05 01:27:33.214] - net_version
[2021/01/05 01:27:34.227] - net_version
[2021/01/05 01:27:35.221] - net_version
[2021/01/05 01:27:36.243] - net_version
[2021/01/05 01:27:37.224] - net_version
[2021/01/05 01:27:38.218] - net_version
[2021/01/05 01:27:39.245] - net_version
[2021/01/05 01:27:40.223] - net_version
[2021/01/05 01:27:41.224] - net_version
[2021/01/05 01:27:42.224] - net_version
[2021/01/05 01:27:43.231] - eth_blockNumber
[2021/01/05 01:27:43.251] - net_version
[2021/01/05 01:27:44.225] - net_version
[2021/01/05 01:27:45.245] - net_version
[2021/01/05 01:27:46.224] - net_version
[2021/01/05 01:27:47.232] - net_version
[2021/01/05 01:27:48.222] - net_version
[2021/01/05 01:27:49.237] - net_version
[2021/01/05 01:27:50.231] - net_version
[2021/01/05 01:27:51.224] - net_version
[2021/01/05 01:27:52.253] - net_version
[2021/01/05 01:27:53.220] - net_version
[2021/01/05 01:27:54.224] - net_version
[2021/01/05 01:27:55.228] - net_version
[2021/01/05 01:27:56.229] - net_version
[2021/01/05 01:27:57.239] - net_version
[2021/01/05 01:27:58.225] - net_version
[2021/01/05 01:27:59.230] - net_version
[2021/01/05 01:28:00.225] - net_version
[2021/01/05 01:28:01.218] - net_version
[2021/01/05 01:28:02.233] - net_version
[2021/01/05 01:28:03.229] - net_version
[2021/01/05 01:28:04.224] - eth_blockNumber
[2021/01/05 01:28:04.226] - net_version
[2021/01/05 01:28:05.221] - net_version
[2021/01/05 01:28:06.219] - net_version
[2021/01/05 01:28:07.244] - net_version
[2021/01/05 01:28:08.218] - net_version
[2021/01/05 01:28:09.233] - net_version
[2021/01/05 01:28:10.219] - net_version
[2021/01/05 01:28:11.254] - net_version
[2021/01/05 01:28:12.226] - net_version
[2021/01/05 01:28:13.249] - net_version
[2021/01/05 01:28:14.227] - net_version
[2021/01/05 01:28:15.232] - net_version
[2021/01/05 01:28:16.229] - net_version
[2021/01/05 01:28:17.223] - net_version
[2021/01/05 01:28:18.223] - net_version
[2021/01/05 01:28:19.247] - net_version
[2021/01/05 01:28:20.233] - net_version
[2021/01/05 01:28:21.230] - net_version
[2021/01/05 01:28:22.225] - net_version
[2021/01/05 01:28:23.224] - net_version
[2021/01/05 01:28:24.220] - net_version
[2021/01/05 01:28:25.230] - eth_blockNumber
[2021/01/05 01:28:25.250] - net_version
[2021/01/05 01:28:26.235] - net_version
[2021/01/05 01:28:27.232] - net_version
[2021/01/05 01:28:28.220] - net_version
[2021/01/05 01:28:29.230] - net_version
[2021/01/05 01:28:30.233] - net_version
[2021/01/05 01:28:31.485] - net_version
[2021/01/05 01:28:31.510] - eth_blockNumber
[2021/01/05 01:28:32.234] - net_version
[2021/01/05 01:28:33.237] - net_version
[2021/01/05 01:28:34.238] - net_version
[2021/01/05 01:30:01.929] - eth_getBlockByNumber
[2021/01/05 01:30:01.945] - eth_sendTransaction
[2021/01/05 01:30:02.029] - 
[2021/01/05 01:30:02.030] -   Transaction: 0xd92fb1b21367ba704f58ff35e957bee7bcaf443e62faf01ce7fedfde99a4215e
[2021/01/05 01:30:02.031] -   Gas usage: 21243
[2021/01/05 01:30:02.032] -   Block Number: 30
[2021/01/05 01:30:02.033] -   Block Time: Tue Jan 05 2021 01:30:01 GMT+0800 (Malaysia Time)
[2021/01/05 01:30:02.034] -   Runtime Error: revert
[2021/01/05 01:30:02.035] - 
[2021/01/05 01:30:02.037] - eth_getBlockByNumber
[2021/01/05 01:30:02.039] - eth_call
[2021/01/05 01:30:02.077] - eth_getBalance
[2021/01/05 01:30:02.093] - eth_getTransactionCount
[2021/01/05 01:30:02.105] - eth_getBalance
[2021/01/05 01:30:02.113] - eth_getTransactionCount
[2021/01/05 01:30:02.118] - eth_getBalance
[2021/01/05 01:30:02.125] - eth_getTransactionCount
[2021/01/05 01:30:02.131] - eth_getBalance
[2021/01/05 01:30:02.144] - eth_getTransactionCount
[2021/01/05 01:30:02.154] - eth_getBalance
[2021/01/05 01:30:02.168] - eth_getTransactionCount
[2021/01/05 01:30:02.175] - eth_getBalance
[2021/01/05 01:30:02.181] - eth_getTransactionCount
[2021/01/05 01:30:02.191] - eth_getBalance
[2021/01/05 01:30:02.203] - eth_getTransactionCount
[2021/01/05 01:30:02.210] - eth_getBalance
[2021/01/05 01:30:02.218] - eth_getTransactionCount
[2021/01/05 01:30:02.231] - eth_getBalance
[2021/01/05 01:30:02.243] - eth_getTransactionCount
[2021/01/05 01:30:02.253] - eth_getBalance
[2021/01/05 01:30:02.266] - eth_getTransactionCount
[2021/01/05 01:43:45.060] - eth_getBlockByNumber
[2021/01/05 01:43:45.097] - eth_getBlockTransactionCountByHash
[2021/01/05 01:43:45.114] - eth_getBlockByNumber
[2021/01/05 01:43:45.127] - eth_getBlockTransactionCountByHash
[2021/01/05 01:43:45.158] - eth_getBlockByNumber
[2021/01/05 01:43:45.177] - eth_getBlockTransactionCountByHash
[2021/01/05 01:43:45.193] - eth_getBlockByNumber
[2021/01/05 01:43:45.220] - eth_getBlockTransactionCountByHash
[2021/01/05 01:43:45.233] - eth_getBlockByNumber
[2021/01/05 01:43:45.246] - eth_getBlockTransactionCountByHash
[2021/01/05 01:43:45.261] - eth_getBlockByNumber
[2021/01/05 01:43:45.278] - eth_getBlockTransactionCountByHash
[2021/01/05 01:43:47.127] - eth_getBlockByNumber
[2021/01/05 01:43:47.160] - eth_getTransactionReceipt
[2021/01/05 01:43:47.192] - eth_getBlockByNumber
[2021/01/05 01:43:47.207] - eth_getTransactionReceipt
[2021/01/05 01:43:47.228] - eth_getBlockByNumber
[2021/01/05 01:43:47.245] - eth_getTransactionReceipt
[2021/01/05 01:43:47.265] - eth_getBlockByNumber
[2021/01/05 01:43:47.279] - eth_getTransactionReceipt
[2021/01/05 01:43:47.298] - eth_getBlockByNumber
[2021/01/05 01:43:47.329] - eth_getTransactionReceipt
[2021/01/05 01:43:47.348] - eth_getBlockByNumber
[2021/01/05 01:43:47.363] - eth_getTransactionReceipt
[2021/01/05 01:43:47.378] - eth_getTransactionReceipt
[2021/01/05 01:43:47.398] - eth_getTransactionReceipt
[2021/01/05 01:43:47.426] - eth_getTransactionReceipt
[2021/01/05 01:43:47.449] - eth_getTransactionReceipt
[2021/01/05 01:43:47.468] - eth_getTransactionReceipt
[2021/01/05 01:43:49.754] - eth_getTransactionByHash
[2021/01/05 01:43:49.803] - net_version
[2021/01/05 01:43:49.808] - eth_getCode
[2021/01/05 01:43:54.374] - eth_getLogs
[2021/01/05 01:44:23.652] - eth_blockNumber
[2021/01/05 01:44:23.653] - eth_blockNumber
[2021/01/05 01:44:23.669] - net_version
[2021/01/05 01:44:23.670] - net_version
[2021/01/05 01:44:23.676] - eth_accounts
[2021/01/05 01:44:23.677] - eth_accounts
[2021/01/05 01:44:24.027] - eth_accounts
[2021/01/05 01:44:24.987] - eth_getBlockByNumber
[2021/01/05 01:44:24.994] - eth_accounts
[2021/01/05 01:44:25.016] - eth_getBlockByNumber
[2021/01/05 01:44:25.025] - eth_getBlockByNumber
[2021/01/05 01:44:25.033] - eth_getBlockByNumber
[2021/01/05 01:44:25.046] - eth_estimateGas
[2021/01/05 01:44:27.174] - eth_getBlockByNumber
[2021/01/05 01:44:27.175] - eth_blockNumber
[2021/01/05 01:44:27.183] - eth_sendTransaction
[2021/01/05 01:44:27.282] - 
[2021/01/05 01:44:27.284] -   Transaction: 0x7edfd7c8b12fe9c5c6def0465ac1372165e397d6450dfa9793a300df26e445c6
[2021/01/05 01:44:27.285] -   Contract created: 0x00e9fbd670605ce9b2fedcab240639aa36970483
[2021/01/05 01:44:27.286] -   Gas usage: 191931
[2021/01/05 01:44:27.287] -   Block Number: 31
[2021/01/05 01:44:27.289] -   Block Time: Tue Jan 05 2021 01:44:27 GMT+0800 (Malaysia Time)
[2021/01/05 01:44:27.290] - 
[2021/01/05 01:44:27.293] - eth_getBlockByNumber
[2021/01/05 01:44:27.301] - eth_getTransactionReceipt
[2021/01/05 01:44:27.304] - eth_getBalance
[2021/01/05 01:44:27.319] - eth_getTransactionCount
[2021/01/05 01:44:27.326] - eth_getCode
[2021/01/05 01:44:27.327] - eth_getBalance
[2021/01/05 01:44:27.338] - eth_getTransactionCount
[2021/01/05 01:44:27.340] - eth_getBlockByNumber
[2021/01/05 01:44:27.349] - eth_getBalance
[2021/01/05 01:44:27.358] - eth_getTransactionCount
[2021/01/05 01:44:27.364] - eth_getBlockByNumber
[2021/01/05 01:44:27.366] - eth_getBalance
[2021/01/05 01:44:27.375] - eth_getTransactionCount
[2021/01/05 01:44:27.381] - eth_getBalance
[2021/01/05 01:44:27.391] - eth_getTransactionCount
[2021/01/05 01:44:27.393] - eth_sendTransaction
[2021/01/05 01:44:27.399] - eth_getBalance
[2021/01/05 01:44:27.409] - eth_getTransactionCount
[2021/01/05 01:44:27.423] - eth_getBalance
[2021/01/05 01:44:27.443] - eth_getTransactionCount
[2021/01/05 01:44:27.445] - eth_getBalance
[2021/01/05 01:44:27.455] - eth_getTransactionCount
[2021/01/05 01:44:27.462] - eth_getBalance
[2021/01/05 01:44:27.464] - eth_getTransactionCount
[2021/01/05 01:44:27.471] - eth_getBalance
[2021/01/05 01:44:27.481] - eth_getTransactionCount
[2021/01/05 01:44:27.517] - 
[2021/01/05 01:44:27.518] -   Transaction: 0x19d220bf853a73648d1c031368e99fdd00e0fbc69c0c508e6402d1ef3c19ed9d
[2021/01/05 01:44:27.519] -   Gas usage: 42338
[2021/01/05 01:44:27.520] -   Block Number: 32
[2021/01/05 01:44:27.521] -   Block Time: Tue Jan 05 2021 01:44:27 GMT+0800 (Malaysia Time)
[2021/01/05 01:44:27.522] - 
[2021/01/05 01:44:27.527] - eth_getBlockByNumber
[2021/01/05 01:44:27.529] - eth_getTransactionReceipt
[2021/01/05 01:44:27.645] - eth_getBlockByNumber
[2021/01/05 01:44:27.667] - eth_accounts
[2021/01/05 01:44:27.698] - eth_getBlockByNumber
[2021/01/05 01:44:27.712] - eth_getBlockByNumber
[2021/01/05 01:44:27.714] - eth_getBalance
[2021/01/05 01:44:27.723] - eth_getBlockByNumber
[2021/01/05 01:44:27.724] - eth_getTransactionCount
[2021/01/05 01:44:27.733] - eth_estimateGas
[2021/01/05 01:44:27.735] - eth_getTransactionCount
[2021/01/05 01:44:27.757] - eth_getBalance
[2021/01/05 01:44:27.767] - eth_getTransactionCount
[2021/01/05 01:44:27.785] - eth_getBalance
[2021/01/05 01:44:27.786] - eth_getTransactionCount
[2021/01/05 01:44:27.793] - eth_getBalance
[2021/01/05 01:44:27.803] - eth_getTransactionCount
[2021/01/05 01:44:27.817] - eth_getBalance
[2021/01/05 01:44:27.823] - eth_getTransactionCount
[2021/01/05 01:44:27.835] - eth_getBalance
[2021/01/05 01:44:27.841] - eth_getTransactionCount
[2021/01/05 01:44:27.851] - eth_getBalance
[2021/01/05 01:44:27.884] - eth_getTransactionCount
[2021/01/05 01:44:27.885] - eth_getBalance
[2021/01/05 01:44:27.901] - eth_getTransactionCount
[2021/01/05 01:44:27.975] - eth_getBlockByNumber
[2021/01/05 01:44:27.977] - eth_blockNumber
[2021/01/05 01:44:28.089] - eth_sendTransaction
[2021/01/05 01:44:28.221] - 
[2021/01/05 01:44:28.222] -   Transaction: 0x896ac02fbccf2abeae9dd03a3d68a4a0fe87b3fa8952fc6c1c814d62fc0954e3
[2021/01/05 01:44:28.223] -   Contract created: 0x7f335e27d7fdb066f85129dad78336b7bfd6f29f
[2021/01/05 01:44:28.224] -   Gas usage: 774294
[2021/01/05 01:44:28.225] -   Block Number: 33
[2021/01/05 01:44:28.226] -   Block Time: Tue Jan 05 2021 01:44:28 GMT+0800 (Malaysia Time)
[2021/01/05 01:44:28.227] - 
[2021/01/05 01:44:28.230] - eth_getBlockByNumber
[2021/01/05 01:44:28.233] - eth_getTransactionReceipt
[2021/01/05 01:44:28.247] - eth_getCode
[2021/01/05 01:44:28.266] - eth_getBlockByNumber
[2021/01/05 01:44:28.277] - eth_getBlockByNumber
[2021/01/05 01:44:28.286] - eth_sendTransaction
[2021/01/05 01:44:28.322] - eth_getBlockByNumber
[2021/01/05 01:44:28.368] - 
[2021/01/05 01:44:28.370] -   Transaction: 0xecf0a148f204fcc4d770d0d78905b7b57c86562f3c61c79d7a4ad69f477841e2
[2021/01/05 01:44:28.371] -   Gas usage: 27338
[2021/01/05 01:44:28.372] -   Block Number: 34
[2021/01/05 01:44:28.373] -   Block Time: Tue Jan 05 2021 01:44:28 GMT+0800 (Malaysia Time)
[2021/01/05 01:44:28.374] - 
[2021/01/05 01:44:28.380] - eth_getBlockByNumber
[2021/01/05 01:44:28.386] - eth_getTransactionReceipt
[2021/01/05 01:44:28.393] - eth_getBlockByNumber
[2021/01/05 01:44:28.553] - eth_getBalance
[2021/01/05 01:44:28.560] - eth_getTransactionCount
[2021/01/05 01:44:28.565] - eth_getBalance
[2021/01/05 01:44:28.569] - eth_getTransactionCount
[2021/01/05 01:44:28.573] - eth_getBalance
[2021/01/05 01:44:28.577] - eth_getTransactionCount
[2021/01/05 01:44:28.581] - eth_getBalance
[2021/01/05 01:44:28.586] - eth_getTransactionCount
[2021/01/05 01:44:28.602] - eth_getBalance
[2021/01/05 01:44:28.603] - eth_getTransactionCount
[2021/01/05 01:44:28.604] - eth_getBalance
[2021/01/05 01:44:28.604] - eth_getTransactionCount
[2021/01/05 01:44:28.609] - eth_getBalance
[2021/01/05 01:44:28.611] - eth_getTransactionCount
[2021/01/05 01:44:28.617] - eth_getBalance
[2021/01/05 01:44:28.620] - eth_getBalance
[2021/01/05 01:44:28.623] - eth_getTransactionCount
[2021/01/05 01:44:28.625] - eth_getBalance
[2021/01/05 01:44:28.628] - eth_getTransactionCount
[2021/01/05 01:44:28.631] - eth_getBalance
[2021/01/05 01:44:28.636] - eth_getTransactionCount
[2021/01/05 01:44:28.643] - eth_getBalance
[2021/01/05 01:44:28.648] - eth_getTransactionCount
[2021/01/05 01:44:28.652] - eth_getBalance
[2021/01/05 01:44:28.657] - eth_getTransactionCount
[2021/01/05 01:44:28.661] - eth_getBalance
[2021/01/05 01:44:28.666] - eth_getTransactionCount
[2021/01/05 01:44:28.671] - eth_getBalance
[2021/01/05 01:44:28.678] - eth_getTransactionCount
[2021/01/05 01:44:28.686] - eth_getBalance
[2021/01/05 01:44:28.696] - eth_getTransactionCount
[2021/01/05 01:44:28.705] - eth_getBalance
[2021/01/05 01:44:28.715] - eth_getTransactionCount
[2021/01/05 01:44:28.723] - eth_getBalance
[2021/01/05 01:44:28.733] - eth_getBalance
[2021/01/05 01:44:28.741] - eth_getTransactionCount
[2021/01/05 01:44:28.750] - eth_getBalance
[2021/01/05 01:44:28.757] - eth_getTransactionCount
[2021/01/05 01:44:28.887] - eth_getBalance
[2021/01/05 01:44:28.898] - eth_getTransactionCount
[2021/01/05 01:44:28.905] - eth_getBalance
[2021/01/05 01:44:28.912] - eth_getTransactionCount
[2021/01/05 01:44:28.922] - eth_getBalance
[2021/01/05 01:44:28.929] - eth_getTransactionCount
[2021/01/05 01:44:28.936] - eth_getBalance
[2021/01/05 01:44:28.947] - eth_getTransactionCount
[2021/01/05 01:44:28.954] - eth_getBalance
[2021/01/05 01:44:28.962] - eth_getTransactionCount
[2021/01/05 01:44:28.970] - eth_getBalance
[2021/01/05 01:44:28.977] - eth_getTransactionCount
[2021/01/05 01:44:28.984] - eth_getBalance
[2021/01/05 01:44:28.992] - eth_getTransactionCount
[2021/01/05 01:44:28.999] - eth_getBalance
[2021/01/05 01:44:29.005] - eth_getTransactionCount
[2021/01/05 01:44:29.014] - eth_getBalance
[2021/01/05 01:44:29.024] - eth_getTransactionCount
[2021/01/05 01:44:29.029] - eth_getBalance
[2021/01/05 01:44:29.038] - eth_getTransactionCount
[2021/01/05 01:44:29.045] - eth_getBalance
[2021/01/05 01:44:29.050] - eth_getTransactionCount
[2021/01/05 01:44:29.062] - eth_getBalance
[2021/01/05 01:44:29.063] - eth_getTransactionCount
[2021/01/05 01:44:29.101] - eth_getBalance
[2021/01/05 01:44:29.103] - eth_getTransactionCount
[2021/01/05 01:44:29.117] - eth_getBalance
[2021/01/05 01:44:29.118] - eth_getTransactionCount
[2021/01/05 01:44:29.119] - eth_getBalance
[2021/01/05 01:44:29.120] - eth_getTransactionCount
[2021/01/05 01:44:29.123] - eth_getBalance
[2021/01/05 01:44:29.132] - eth_getTransactionCount
[2021/01/05 01:44:29.139] - eth_getBalance
[2021/01/05 01:44:29.152] - eth_getTransactionCount
[2021/01/05 01:44:29.155] - eth_getBalance
[2021/01/05 01:44:29.160] - eth_getTransactionCount
[2021/01/05 01:44:29.167] - eth_getBalance
[2021/01/05 01:44:29.176] - eth_getTransactionCount
[2021/01/05 01:44:29.184] - eth_getBalance
[2021/01/05 01:44:29.191] - eth_getTransactionCount
[2021/01/05 01:44:54.869] - eth_getBlockByNumber
[2021/01/05 01:44:54.879] - eth_sendTransaction
[2021/01/05 01:44:54.930] - 
[2021/01/05 01:44:54.931] -   Transaction: 0xc76d1d488a39bdf886a592c14361a32aa48195f807980c6aab3e82f17f596e57
[2021/01/05 01:44:54.932] -   Gas usage: 21243
[2021/01/05 01:44:54.933] -   Block Number: 35
[2021/01/05 01:44:54.934] -   Block Time: Tue Jan 05 2021 01:44:54 GMT+0800 (Malaysia Time)
[2021/01/05 01:44:54.935] -   Runtime Error: revert
[2021/01/05 01:44:54.936] - 
[2021/01/05 01:44:54.940] - eth_getBlockByNumber
[2021/01/05 01:44:54.945] - eth_call
[2021/01/05 01:44:54.955] - eth_getBalance
[2021/01/05 01:44:54.967] - eth_getTransactionCount
[2021/01/05 01:44:54.977] - eth_getBalance
[2021/01/05 01:44:54.992] - eth_getTransactionCount
[2021/01/05 01:44:55.001] - eth_getBalance
[2021/01/05 01:44:55.007] - eth_getTransactionCount
[2021/01/05 01:44:55.014] - eth_getBalance
[2021/01/05 01:44:55.018] - eth_getTransactionCount
[2021/01/05 01:44:55.023] - eth_getBalance
[2021/01/05 01:44:55.026] - eth_getTransactionCount
[2021/01/05 01:44:55.031] - eth_getBalance
[2021/01/05 01:44:55.043] - eth_getTransactionCount
[2021/01/05 01:44:55.044] - eth_getBalance
[2021/01/05 01:44:55.048] - eth_getTransactionCount
[2021/01/05 01:44:55.056] - eth_getBalance
[2021/01/05 01:44:55.069] - eth_getTransactionCount
[2021/01/05 01:44:55.076] - eth_getBalance
[2021/01/05 01:44:55.082] - eth_getTransactionCount
[2021/01/05 01:44:55.085] - eth_getBalance
[2021/01/05 01:44:55.091] - eth_getTransactionCount
[2021/01/05 01:45:02.371] - eth_getBlockByNumber
[2021/01/05 01:45:02.377] - eth_call
[2021/01/05 01:47:01.188] - eth_getBlockByNumber
[2021/01/05 01:47:01.196] - eth_sendTransaction
[2021/01/05 01:47:01.285] - 
[2021/01/05 01:47:01.286] -   Transaction: 0xa0e919a2e0692e89aea227abc64f61b1bc6efeeba414ff9b719d4f2254e0ff82
[2021/01/05 01:47:01.287] -   Gas usage: 21243
[2021/01/05 01:47:01.288] -   Block Number: 36
[2021/01/05 01:47:01.289] -   Block Time: Tue Jan 05 2021 01:47:01 GMT+0800 (Malaysia Time)
[2021/01/05 01:47:01.291] -   Runtime Error: revert
[2021/01/05 01:47:01.292] - 
[2021/01/05 01:47:01.295] - eth_getBlockByNumber
[2021/01/05 01:47:01.300] - eth_call
[2021/01/05 01:47:01.328] - eth_getBalance
[2021/01/05 01:47:01.330] - eth_getTransactionCount
[2021/01/05 01:47:01.331] - eth_getBalance
[2021/01/05 01:47:01.342] - eth_getTransactionCount
[2021/01/05 01:47:01.353] - eth_getBalance
[2021/01/05 01:47:01.362] - eth_getTransactionCount
[2021/01/05 01:47:01.369] - eth_getBalance
[2021/01/05 01:47:01.375] - eth_getTransactionCount
[2021/01/05 01:47:01.384] - eth_getBalance
[2021/01/05 01:47:01.390] - eth_getTransactionCount
[2021/01/05 01:47:01.396] - eth_getBalance
[2021/01/05 01:47:01.400] - eth_getTransactionCount
[2021/01/05 01:47:01.405] - eth_getBalance
[2021/01/05 01:47:01.408] - eth_getTransactionCount
[2021/01/05 01:47:01.424] - eth_getBalance
[2021/01/05 01:47:01.435] - eth_getTransactionCount
[2021/01/05 01:47:01.440] - eth_getBalance
[2021/01/05 01:47:01.446] - eth_getTransactionCount
[2021/01/05 01:47:01.450] - eth_getBalance
[2021/01/05 01:47:01.454] - eth_getTransactionCount
[2021/01/05 01:48:15.458] - eth_getBlockByNumber
[2021/01/05 01:48:15.488] - eth_getTransactionReceipt
[2021/01/05 01:48:15.508] - eth_getBlockByNumber
[2021/01/05 01:48:15.521] - eth_getTransactionReceipt
[2021/01/05 01:48:15.539] - eth_getBlockByNumber
[2021/01/05 01:48:15.556] - eth_getTransactionReceipt
[2021/01/05 01:48:15.574] - eth_getBlockByNumber
[2021/01/05 01:48:15.588] - eth_getTransactionReceipt
[2021/01/05 01:48:15.625] - eth_getBlockByNumber
[2021/01/05 01:48:15.658] - eth_getTransactionReceipt
[2021/01/05 01:48:15.690] - eth_getBlockByNumber
[2021/01/05 01:48:15.704] - eth_getTransactionReceipt
[2021/01/05 01:48:15.731] - eth_getTransactionReceipt
[2021/01/05 01:48:15.749] - eth_getTransactionReceipt
[2021/01/05 01:48:15.767] - eth_getTransactionReceipt
[2021/01/05 01:48:15.803] - eth_getTransactionReceipt
[2021/01/05 01:48:15.837] - eth_getTransactionReceipt
[2021/01/05 01:49:29.285] - eth_getBlockByNumber
[2021/01/05 01:49:29.294] - eth_call
[2021/01/05 01:49:48.664] - eth_getBlockByNumber
[2021/01/05 01:49:48.676] - eth_call
[2021/01/05 01:49:58.955] - eth_getBlockByNumber
[2021/01/05 01:49:58.966] - eth_call
[2021/01/05 01:50:59.783] - eth_getBlockByNumber
[2021/01/05 01:50:59.792] - eth_call
[2021/01/05 01:51:17.736] - eth_getBlockByNumber
[2021/01/05 01:51:17.746] - eth_call
[2021/01/05 01:51:30.372] - eth_getBlockByNumber
[2021/01/05 01:51:30.386] - eth_call
[2021/01/05 01:52:10.851] - eth_getBlockByNumber
[2021/01/05 01:52:10.859] - eth_sendTransaction
[2021/01/05 01:52:10.922] - 
[2021/01/05 01:52:10.923] -   Transaction: 0xfda1d3fa8e0535593e1a97e4950b28cbae38317901e3c0e911401b9eab3ceadd
[2021/01/05 01:52:10.924] -   Gas usage: 21243
[2021/01/05 01:52:10.926] -   Block Number: 37
[2021/01/05 01:52:10.927] -   Block Time: Tue Jan 05 2021 01:52:10 GMT+0800 (Malaysia Time)
[2021/01/05 01:52:10.928] -   Runtime Error: revert
[2021/01/05 01:52:10.929] - 
[2021/01/05 01:52:10.931] - eth_getBlockByNumber
[2021/01/05 01:52:10.934] - eth_call
[2021/01/05 01:52:10.970] - eth_getBalance
[2021/01/05 01:52:10.971] - eth_getTransactionCount
[2021/01/05 01:52:10.983] - eth_getBalance
[2021/01/05 01:52:11.013] - eth_getTransactionCount
[2021/01/05 01:52:11.014] - eth_getBalance
[2021/01/05 01:52:11.015] - eth_getTransactionCount
[2021/01/05 01:52:11.021] - eth_getBalance
[2021/01/05 01:52:11.026] - eth_getTransactionCount
[2021/01/05 01:52:11.031] - eth_getBalance
[2021/01/05 01:52:11.037] - eth_getTransactionCount
[2021/01/05 01:52:11.042] - eth_getBalance
[2021/01/05 01:52:11.047] - eth_getTransactionCount
[2021/01/05 01:52:11.051] - eth_getBalance
[2021/01/05 01:52:11.055] - eth_getTransactionCount
[2021/01/05 01:52:11.060] - eth_getBalance
[2021/01/05 01:52:11.065] - eth_getTransactionCount
[2021/01/05 01:52:11.070] - eth_getBalance
[2021/01/05 01:52:11.074] - eth_getTransactionCount
[2021/01/05 01:52:11.079] - eth_getBalance
[2021/01/05 01:52:11.084] - eth_getTransactionCount
[2021/01/05 01:52:27.081] - eth_unsubscribe
[2021/01/05 01:52:27.082] - eth_unsubscribe
