[2021/01/02 16:01:21.566] - Starting server with initial configuration: {"gasLimit":6721975,"gasPrice":20000000000,"hardfork":"muirGlacier","hostname":"127.0.0.1","port":9545,"network_id":5777,"default_balance_ether":1000,"total_accounts":10,"unlocked_accounts":[],"locked":false,"vmErrorsOnRPCResponse":true,"verbose":false,"db_path":"C:\\Users\\mango\\AppData\\Roaming\\Ganache\\workspaces\\blockchain-project\\chaindata","logDirectory":"C:\\Users\\mango\\Documents\\BlockchainProject"}
[2021/01/02 16:01:21.781] - eth_getCode
[2021/01/02 16:01:21.783] - eth_subscribe
[2021/01/02 16:01:21.784] - eth_getLogs
[2021/01/02 16:01:21.788] - eth_subscribe
[2021/01/02 16:01:21.802] - eth_getCode
[2021/01/02 16:01:21.857] - eth_getCode
[2021/01/02 16:01:21.858] - eth_subscribe
[2021/01/02 16:01:21.859] - eth_getLogs
[2021/01/02 16:01:21.865] - eth_subscribe
[2021/01/02 16:01:21.870] - eth_getCode
[2021/01/02 16:01:22.105] - eth_blockNumber
[2021/01/02 16:01:22.106] - eth_accounts
[2021/01/02 16:01:22.107] - eth_blockNumber
[2021/01/02 16:01:22.108] - eth_gasPrice
[2021/01/02 16:01:22.109] - eth_accounts
[2021/01/02 16:01:22.110] - eth_getBlockByNumber
[2021/01/02 16:01:22.113] - eth_gasPrice
[2021/01/02 16:01:22.116] - eth_subscribe
[2021/01/02 16:01:22.117] - eth_getBlockByNumber
[2021/01/02 16:01:22.118] - eth_subscribe
[2021/01/02 16:01:22.237] - eth_getBalance
[2021/01/02 16:01:22.247] - eth_getTransactionCount
[2021/01/02 16:01:22.256] - eth_getBalance
[2021/01/02 16:01:22.267] - eth_getTransactionCount
[2021/01/02 16:01:22.277] - eth_getBalance
[2021/01/02 16:01:22.294] - eth_getTransactionCount
[2021/01/02 16:01:22.307] - eth_getBalance
[2021/01/02 16:01:22.318] - eth_getTransactionCount
[2021/01/02 16:01:22.331] - eth_getBalance
[2021/01/02 16:01:22.343] - eth_getTransactionCount
[2021/01/02 16:01:22.354] - eth_getBalance
[2021/01/02 16:01:22.363] - eth_getTransactionCount
[2021/01/02 16:01:22.375] - eth_getBalance
[2021/01/02 16:01:22.388] - eth_getTransactionCount
[2021/01/02 16:01:22.396] - eth_getBalance
[2021/01/02 16:01:22.414] - eth_getTransactionCount
[2021/01/02 16:01:22.426] - eth_getBalance
[2021/01/02 16:01:22.443] - eth_getTransactionCount
[2021/01/02 16:01:22.459] - eth_getBalance
[2021/01/02 16:01:22.474] - eth_getTransactionCount
[2021/01/02 16:01:22.490] - eth_getBalance
[2021/01/02 16:01:22.504] - eth_getTransactionCount
[2021/01/02 16:01:22.519] - eth_getBalance
[2021/01/02 16:01:22.534] - eth_getTransactionCount
[2021/01/02 16:01:22.551] - eth_getBalance
[2021/01/02 16:01:22.561] - eth_getTransactionCount
[2021/01/02 16:01:22.572] - eth_getBalance
[2021/01/02 16:01:22.585] - eth_getTransactionCount
[2021/01/02 16:01:22.593] - eth_getBalance
[2021/01/02 16:01:22.606] - eth_getTransactionCount
[2021/01/02 16:01:22.618] - eth_getBalance
[2021/01/02 16:01:22.627] - eth_getTransactionCount
[2021/01/02 16:01:22.638] - eth_getBalance
[2021/01/02 16:01:22.649] - eth_getTransactionCount
[2021/01/02 16:01:22.655] - eth_getBalance
[2021/01/02 16:01:22.665] - eth_getTransactionCount
[2021/01/02 16:01:22.672] - eth_getBalance
[2021/01/02 16:01:22.681] - eth_getTransactionCount
[2021/01/02 16:01:22.688] - eth_getBalance
[2021/01/02 16:01:22.695] - eth_getTransactionCount
[2021/01/02 16:01:22.700] - eth_getBalance
[2021/01/02 16:01:22.708] - eth_getTransactionCount
[2021/01/02 16:01:22.714] - eth_getBalance
[2021/01/02 16:01:22.723] - eth_getTransactionCount
[2021/01/02 16:01:22.728] - eth_getBalance
[2021/01/02 16:01:22.733] - eth_getTransactionCount
[2021/01/02 16:01:22.740] - eth_getBalance
[2021/01/02 16:01:22.746] - eth_getTransactionCount
[2021/01/02 16:01:22.755] - eth_getBalance
[2021/01/02 16:01:22.763] - eth_getTransactionCount
[2021/01/02 16:01:22.773] - eth_getBalance
[2021/01/02 16:01:22.779] - eth_getTransactionCount
[2021/01/02 16:01:22.789] - eth_getBalance
[2021/01/02 16:01:22.796] - eth_getTransactionCount
[2021/01/02 16:01:22.802] - eth_getBalance
[2021/01/02 16:01:22.810] - eth_getTransactionCount
[2021/01/02 16:01:22.818] - eth_getBalance
[2021/01/02 16:01:22.828] - eth_getTransactionCount
[2021/01/02 16:01:22.836] - eth_getBalance
[2021/01/02 16:01:22.843] - eth_getTransactionCount
[2021/01/02 16:01:22.851] - eth_getBalance
[2021/01/02 16:01:22.858] - eth_getTransactionCount
[2021/01/02 16:01:22.867] - eth_getBalance
[2021/01/02 16:01:22.868] - eth_getTransactionCount
[2021/01/02 16:01:22.886] - eth_getBalance
[2021/01/02 16:01:22.886] - eth_getTransactionCount
[2021/01/02 16:01:22.909] - eth_getBalance
[2021/01/02 16:01:22.910] - eth_getTransactionCount
[2021/01/02 16:01:22.913] - eth_getBalance
[2021/01/02 16:01:22.914] - eth_getTransactionCount
[2021/01/02 16:01:22.924] - eth_getBalance
[2021/01/02 16:01:22.929] - eth_getTransactionCount
[2021/01/02 16:01:22.936] - eth_getBalance
[2021/01/02 16:01:22.943] - eth_getTransactionCount
[2021/01/02 16:01:22.947] - eth_getBalance
[2021/01/02 16:01:22.953] - eth_getTransactionCount
[2021/01/02 16:01:22.959] - eth_getBalance
[2021/01/02 16:01:22.964] - eth_getTransactionCount
[2021/01/02 16:01:22.971] - eth_getBalance
[2021/01/02 16:01:22.977] - eth_getTransactionCount
[2021/01/02 16:01:24.556] - eth_getBlockByNumber
[2021/01/02 16:01:24.583] - eth_getBlockTransactionCountByHash
[2021/01/02 16:01:24.601] - eth_getBlockByNumber
[2021/01/02 16:01:24.638] - eth_getBlockTransactionCountByHash
[2021/01/02 16:01:24.658] - eth_getBlockByNumber
[2021/01/02 16:01:24.672] - eth_getBlockTransactionCountByHash
[2021/01/02 16:01:24.685] - eth_getBlockByNumber
[2021/01/02 16:01:24.699] - eth_getBlockTransactionCountByHash
[2021/01/02 16:01:24.712] - eth_getBlockByNumber
[2021/01/02 16:01:24.722] - eth_getBlockTransactionCountByHash
[2021/01/02 16:01:25.077] - eth_getBlockByNumber
[2021/01/02 16:01:25.113] - eth_getTransactionReceipt
[2021/01/02 16:01:25.149] - eth_getBlockByNumber
[2021/01/02 16:01:25.161] - eth_getTransactionReceipt
[2021/01/02 16:01:25.186] - eth_getBlockByNumber
[2021/01/02 16:01:25.201] - eth_getTransactionReceipt
[2021/01/02 16:01:25.237] - eth_getBlockByNumber
[2021/01/02 16:01:25.255] - eth_getTransactionReceipt
[2021/01/02 16:01:25.275] - eth_getBlockByNumber
[2021/01/02 16:01:52.822] - eth_getLogs
[2021/01/02 16:02:14.438] - eth_blockNumber
[2021/01/02 16:02:14.452] - net_version
[2021/01/02 16:02:14.459] - eth_accounts
[2021/01/02 16:02:14.482] - eth_getBlockByNumber
[2021/01/02 16:02:14.492] - eth_getCode
[2021/01/02 16:02:17.130] - eth_getBlockByNumber
[2021/01/02 16:02:17.155] - eth_call
[2021/01/02 16:02:28.679] - eth_getBalance
[2021/01/02 16:02:28.782] - net_version
[2021/01/02 16:02:28.800] - eth_getCode
[2021/01/02 16:02:28.806] - eth_getBlockByNumber
[2021/01/02 16:02:28.817] - eth_getBalance
[2021/01/02 16:02:28.822] - eth_getTransactionCount
[2021/01/02 16:02:28.834] - eth_getStorageAt
[2021/01/02 16:02:28.844] - eth_getStorageAt
[2021/01/02 16:02:28.851] - eth_getStorageAt
[2021/01/02 16:02:28.860] - eth_getStorageAt
[2021/01/02 16:02:28.873] - eth_getStorageAt
[2021/01/02 16:02:28.886] - eth_getStorageAt
[2021/01/02 16:10:47.392] - eth_blockNumber
[2021/01/02 16:10:47.401] - net_version
[2021/01/02 16:10:47.415] - eth_accounts
[2021/01/02 16:10:47.478] - eth_accounts
[2021/01/02 16:11:03.642] - eth_getTransactionByHash
[2021/01/02 16:11:03.714] - net_version
[2021/01/02 16:11:03.720] - eth_getCode
[2021/01/02 16:11:06.581] - eth_getTransactionByHash
[2021/01/02 16:11:10.417] - eth_getTransactionByHash
[2021/01/02 16:11:10.477] - net_version
[2021/01/02 16:11:10.482] - eth_getCode
[2021/01/02 16:11:19.841] - eth_blockNumber
[2021/01/02 16:11:19.843] - eth_blockNumber
[2021/01/02 16:11:19.860] - net_version
[2021/01/02 16:11:19.861] - net_version
[2021/01/02 16:11:19.867] - eth_accounts
[2021/01/02 16:11:19.868] - eth_accounts
[2021/01/02 16:11:20.124] - eth_accounts
[2021/01/02 16:11:21.063] - eth_getBlockByNumber
[2021/01/02 16:11:21.072] - eth_accounts
[2021/01/02 16:11:21.100] - eth_getBlockByNumber
[2021/01/02 16:11:21.116] - eth_getBlockByNumber
[2021/01/02 16:11:21.133] - eth_getBlockByNumber
[2021/01/02 16:11:21.152] - eth_estimateGas
[2021/01/02 16:11:23.424] - eth_getBlockByNumber
[2021/01/02 16:11:23.425] - eth_blockNumber
[2021/01/02 16:11:23.437] - eth_sendTransaction
[2021/01/02 16:11:23.536] - 
[2021/01/02 16:11:23.537] -   Transaction: 0x3f8aac313f73a566c632de814796408fbac653660c4aeae400e5771a52abb1b8
[2021/01/02 16:11:23.538] -   Contract created: 0x266d66c01ec50f7757e83a6494fe5e6fc037235b
[2021/01/02 16:11:23.539] -   Gas usage: 191931
[2021/01/02 16:11:23.540] -   Block Number: 5
[2021/01/02 16:11:23.550] -   Block Time: Sat Jan 02 2021 16:11:23 GMT+0800 (Malaysia Time)
[2021/01/02 16:11:23.553] - 
[2021/01/02 16:11:23.557] - eth_getBlockByNumber
[2021/01/02 16:11:23.559] - eth_getTransactionReceipt
[2021/01/02 16:11:23.564] - eth_getBlockByNumber
[2021/01/02 16:11:23.580] - eth_getBalance
[2021/01/02 16:11:23.582] - eth_getCode
[2021/01/02 16:11:23.589] - eth_getTransactionCount
[2021/01/02 16:11:23.594] - eth_getBalance
[2021/01/02 16:11:23.605] - eth_getBlockByNumber
[2021/01/02 16:11:23.606] - eth_getTransactionCount
[2021/01/02 16:11:23.618] - eth_getBlockByNumber
[2021/01/02 16:11:23.620] - eth_getBalance
[2021/01/02 16:11:23.631] - eth_getTransactionCount
[2021/01/02 16:11:23.640] - eth_getBalance
[2021/01/02 16:11:23.647] - eth_sendTransaction
[2021/01/02 16:11:23.649] - eth_getTransactionCount
[2021/01/02 16:11:23.664] - eth_getBalance
[2021/01/02 16:11:23.688] - eth_getTransactionCount
[2021/01/02 16:11:23.689] - eth_getBalance
[2021/01/02 16:11:23.691] - eth_getTransactionCount
[2021/01/02 16:11:23.700] - eth_getBalance
[2021/01/02 16:11:23.707] - eth_getTransactionCount
[2021/01/02 16:11:23.714] - eth_getBalance
[2021/01/02 16:11:23.724] - eth_getTransactionCount
[2021/01/02 16:11:23.744] - eth_getBalance
[2021/01/02 16:11:23.745] - eth_getTransactionCount
[2021/01/02 16:11:23.751] - eth_getBalance
[2021/01/02 16:11:23.757] - eth_getTransactionCount
[2021/01/02 16:11:23.775] - 
[2021/01/02 16:11:23.776] -   Transaction: 0x4766f01d5d4ffb79b741e45fd8f4936aca8e36cc1bca7a737223f9ac557f57a5
[2021/01/02 16:11:23.777] -   Gas usage: 42338
[2021/01/02 16:11:23.778] -   Block Number: 6
[2021/01/02 16:11:23.778] -   Block Time: Sat Jan 02 2021 16:11:23 GMT+0800 (Malaysia Time)
[2021/01/02 16:11:23.779] - 
[2021/01/02 16:11:23.786] - eth_getTransactionReceipt
[2021/01/02 16:11:23.787] - eth_getBlockByNumber
[2021/01/02 16:11:23.866] - eth_getTransactionReceipt
[2021/01/02 16:11:23.900] - eth_getBlockByNumber
[2021/01/02 16:11:23.914] - eth_accounts
[2021/01/02 16:11:23.934] - eth_getBlockByNumber
[2021/01/02 16:11:23.944] - eth_getBlockByNumber
[2021/01/02 16:11:23.957] - eth_getBlockByNumber
[2021/01/02 16:11:23.969] - eth_getBlockByNumber
[2021/01/02 16:11:23.983] - eth_estimateGas
[2021/01/02 16:11:24.010] - eth_getBalance
[2021/01/02 16:11:24.012] - eth_getTransactionCount
[2021/01/02 16:11:24.014] - eth_getBalance
[2021/01/02 16:11:24.024] - eth_getTransactionCount
[2021/01/02 16:11:24.036] - eth_getBalance
[2021/01/02 16:11:24.038] - eth_getTransactionCount
[2021/01/02 16:11:24.048] - eth_getBalance
[2021/01/02 16:11:24.077] - eth_getTransactionCount
[2021/01/02 16:11:24.079] - eth_getBalance
[2021/01/02 16:11:24.081] - eth_getTransactionCount
[2021/01/02 16:11:24.082] - eth_getBalance
[2021/01/02 16:11:24.090] - eth_getTransactionCount
[2021/01/02 16:11:24.096] - eth_getBalance
[2021/01/02 16:11:24.106] - eth_getTransactionCount
[2021/01/02 16:11:24.119] - eth_getBalance
[2021/01/02 16:11:24.129] - eth_getTransactionCount
[2021/01/02 16:11:24.142] - eth_getBalance
[2021/01/02 16:11:24.145] - eth_getTransactionCount
[2021/01/02 16:11:24.205] - eth_getBlockByNumber
[2021/01/02 16:11:24.211] - eth_blockNumber
[2021/01/02 16:11:24.315] - eth_sendTransaction
[2021/01/02 16:11:24.413] - 
[2021/01/02 16:11:24.414] -   Transaction: 0x2b5102bb1301f285dcf0b3fb98dba5909435cfc3cc14ce2a3cdb337c30a3ad0b
[2021/01/02 16:11:24.415] -   Contract created: 0x50a2c35724c6e5ba4a6ae6a5659b5576e970b0c2
[2021/01/02 16:11:24.417] -   Gas usage: 507926
[2021/01/02 16:11:24.419] -   Block Number: 7
[2021/01/02 16:11:24.420] -   Block Time: Sat Jan 02 2021 16:11:24 GMT+0800 (Malaysia Time)
[2021/01/02 16:11:24.421] - 
[2021/01/02 16:11:24.433] - eth_getBlockByNumber
[2021/01/02 16:11:24.435] - eth_getTransactionReceipt
[2021/01/02 16:11:24.453] - eth_getCode
[2021/01/02 16:11:24.473] - eth_getBlockByNumber
[2021/01/02 16:11:24.482] - eth_getBlockByNumber
[2021/01/02 16:11:24.490] - eth_sendTransaction
[2021/01/02 16:11:24.556] - eth_getTransactionReceipt
[2021/01/02 16:11:24.576] - eth_getBlockByNumber
[2021/01/02 16:11:24.583] - 
[2021/01/02 16:11:24.584] -   Transaction: 0xfdce3da178159b56c811859ded6492ed63ea69bcef9aa2e86238ce4b720ef4dc
[2021/01/02 16:11:24.584] -   Gas usage: 27338
[2021/01/02 16:11:24.585] -   Block Number: 8
[2021/01/02 16:11:24.585] -   Block Time: Sat Jan 02 2021 16:11:24 GMT+0800 (Malaysia Time)
[2021/01/02 16:11:24.585] - 
[2021/01/02 16:11:24.589] - eth_getBlockByNumber
[2021/01/02 16:11:24.590] - eth_getTransactionReceipt
[2021/01/02 16:11:24.600] - eth_getBlockByNumber
[2021/01/02 16:11:24.603] - eth_getBlockByNumber
[2021/01/02 16:11:24.693] - eth_getBlockByNumber
[2021/01/02 16:11:24.714] - eth_getBalance
[2021/01/02 16:11:24.722] - eth_getTransactionCount
[2021/01/02 16:11:24.729] - eth_getBalance
[2021/01/02 16:11:24.733] - eth_getTransactionCount
[2021/01/02 16:11:24.738] - eth_getBalance
[2021/01/02 16:11:24.743] - eth_getTransactionCount
[2021/01/02 16:11:24.751] - eth_getBalance
[2021/01/02 16:11:24.759] - eth_getTransactionCount
[2021/01/02 16:11:24.768] - eth_getBalance
[2021/01/02 16:11:24.774] - eth_getTransactionCount
[2021/01/02 16:11:24.780] - eth_getBalance
[2021/01/02 16:11:24.786] - eth_getTransactionCount
[2021/01/02 16:11:24.790] - eth_getBalance
[2021/01/02 16:11:24.794] - eth_getTransactionCount
[2021/01/02 16:11:24.802] - eth_getBalance
[2021/01/02 16:11:24.806] - eth_getTransactionCount
[2021/01/02 16:11:24.813] - eth_getBalance
[2021/01/02 16:11:24.818] - eth_getTransactionCount
[2021/01/02 16:11:24.822] - eth_getBalance
[2021/01/02 16:11:24.826] - eth_getTransactionCount
[2021/01/02 16:11:24.833] - eth_getBalance
[2021/01/02 16:11:24.838] - eth_getTransactionCount
[2021/01/02 16:11:24.847] - eth_getBalance
[2021/01/02 16:11:24.854] - eth_getTransactionCount
[2021/01/02 16:11:24.861] - eth_getBalance
[2021/01/02 16:11:24.868] - eth_getTransactionCount
[2021/01/02 16:11:24.876] - eth_getBalance
[2021/01/02 16:11:24.880] - eth_getTransactionCount
[2021/01/02 16:11:24.885] - eth_getBalance
[2021/01/02 16:11:24.892] - eth_getTransactionCount
[2021/01/02 16:11:24.902] - eth_getBalance
[2021/01/02 16:11:24.909] - eth_getTransactionCount
[2021/01/02 16:11:24.918] - eth_getBalance
[2021/01/02 16:11:24.925] - eth_getTransactionCount
[2021/01/02 16:11:24.938] - eth_getBalance
[2021/01/02 16:11:24.947] - eth_getTransactionCount
[2021/01/02 16:11:24.955] - eth_getBalance
[2021/01/02 16:11:24.964] - eth_getTransactionCount
[2021/01/02 16:11:24.974] - eth_getBalance
[2021/01/02 16:11:24.983] - eth_getTransactionCount
[2021/01/02 16:11:25.232] - eth_getTransactionReceipt
[2021/01/02 16:11:25.242] - eth_getTransactionReceipt
[2021/01/02 16:11:25.252] - eth_getBalance
[2021/01/02 16:11:25.259] - eth_getTransactionCount
[2021/01/02 16:11:25.268] - eth_getBalance
[2021/01/02 16:11:25.277] - eth_getTransactionCount
[2021/01/02 16:11:25.287] - eth_getBalance
[2021/01/02 16:11:25.297] - eth_getTransactionCount
[2021/01/02 16:11:25.306] - eth_getBalance
[2021/01/02 16:11:25.314] - eth_getTransactionCount
[2021/01/02 16:11:25.345] - eth_getBalance
[2021/01/02 16:11:25.347] - eth_getTransactionCount
[2021/01/02 16:11:25.349] - eth_getBalance
[2021/01/02 16:11:25.356] - eth_getTransactionCount
[2021/01/02 16:11:25.357] - eth_getBalance
[2021/01/02 16:11:25.363] - eth_getTransactionCount
[2021/01/02 16:11:25.369] - eth_getBalance
[2021/01/02 16:11:25.401] - eth_getTransactionCount
[2021/01/02 16:11:25.403] - eth_getBalance
[2021/01/02 16:11:25.407] - eth_getTransactionCount
[2021/01/02 16:11:25.409] - eth_getBalance
[2021/01/02 16:11:25.414] - eth_getTransactionCount
[2021/01/02 16:11:25.429] - eth_getBalance
[2021/01/02 16:11:25.436] - eth_getTransactionCount
[2021/01/02 16:11:25.440] - eth_getBalance
[2021/01/02 16:11:25.449] - eth_getTransactionCount
[2021/01/02 16:11:25.458] - eth_getBalance
[2021/01/02 16:11:25.467] - eth_getTransactionCount
[2021/01/02 16:11:25.475] - eth_getBalance
[2021/01/02 16:11:25.484] - eth_getTransactionCount
[2021/01/02 16:11:25.492] - eth_getBalance
[2021/01/02 16:11:25.501] - eth_getTransactionCount
[2021/01/02 16:11:25.509] - eth_getBalance
[2021/01/02 16:11:25.517] - eth_getTransactionCount
[2021/01/02 16:11:25.527] - eth_getBalance
[2021/01/02 16:11:25.538] - eth_getTransactionCount
[2021/01/02 16:11:25.543] - eth_getBalance
[2021/01/02 16:11:25.553] - eth_getTransactionCount
[2021/01/02 16:11:25.562] - eth_getBalance
[2021/01/02 16:11:25.571] - eth_getTransactionCount
[2021/01/02 16:11:25.582] - eth_getBalance
[2021/01/02 16:11:25.593] - eth_getTransactionCount
[2021/01/02 16:11:49.280] - eth_getTransactionReceipt
[2021/01/02 16:11:49.303] - eth_getTransactionReceipt
[2021/01/02 16:11:49.322] - eth_getTransactionReceipt
[2021/01/02 16:11:49.342] - eth_getTransactionReceipt
[2021/01/02 16:11:49.380] - eth_getTransactionReceipt
[2021/01/02 16:11:49.651] - eth_getBlockByNumber
[2021/01/02 16:11:49.679] - eth_getBlockTransactionCountByHash
[2021/01/02 16:11:49.696] - eth_getBlockByNumber
[2021/01/02 16:11:49.714] - eth_getBlockTransactionCountByHash
[2021/01/02 16:11:49.731] - eth_getBlockByNumber
[2021/01/02 16:11:49.749] - eth_getBlockTransactionCountByHash
[2021/01/02 16:11:49.765] - eth_getBlockByNumber
[2021/01/02 16:11:49.780] - eth_getBlockTransactionCountByHash
[2021/01/02 16:11:53.703] - eth_getTransactionByHash
[2021/01/02 16:11:57.644] - eth_getTransactionByHash
[2021/01/02 16:22:12.030] - eth_blockNumber
[2021/01/02 16:22:12.044] - net_version
[2021/01/02 16:22:12.049] - eth_accounts
[2021/01/02 16:22:12.073] - eth_getBlockByNumber
[2021/01/02 16:22:12.090] - eth_getCode
[2021/01/02 16:22:14.365] - eth_getBlockByNumber
[2021/01/02 16:22:14.379] - eth_call
[2021/01/02 16:23:48.110] - eth_blockNumber
[2021/01/02 16:23:48.111] - eth_blockNumber
[2021/01/02 16:23:48.121] - net_version
[2021/01/02 16:23:48.123] - net_version
[2021/01/02 16:23:48.131] - eth_accounts
[2021/01/02 16:23:48.132] - eth_accounts
[2021/01/02 16:23:48.330] - eth_accounts
[2021/01/02 16:23:49.271] - eth_getBlockByNumber
[2021/01/02 16:23:49.278] - eth_accounts
[2021/01/02 16:23:49.296] - eth_getBlockByNumber
[2021/01/02 16:23:49.303] - eth_getBlockByNumber
[2021/01/02 16:23:49.310] - eth_getBlockByNumber
[2021/01/02 16:23:49.321] - eth_estimateGas
[2021/01/02 16:23:51.519] - eth_getBlockByNumber
[2021/01/02 16:23:51.520] - eth_blockNumber
[2021/01/02 16:23:51.527] - eth_sendTransaction
[2021/01/02 16:23:51.618] - 
[2021/01/02 16:23:51.619] -   Transaction: 0xc683dc579e7459fdd8aeaaab44e1dfaf6a8704033b13b08679b7cacd4c280a3b
[2021/01/02 16:23:51.621] -   Contract created: 0xd2fa6c49dddf222926c97fa1c2b74e3e429a38fd
[2021/01/02 16:23:51.622] -   Gas usage: 191931
[2021/01/02 16:23:51.623] -   Block Number: 9
[2021/01/02 16:23:51.624] -   Block Time: Sat Jan 02 2021 16:23:51 GMT+0800 (Malaysia Time)
[2021/01/02 16:23:51.626] - 
[2021/01/02 16:23:51.630] - eth_getBlockByNumber
[2021/01/02 16:23:51.633] - eth_getTransactionReceipt
[2021/01/02 16:23:51.642] - eth_getBlockByNumber
[2021/01/02 16:23:51.654] - eth_getCode
[2021/01/02 16:23:51.664] - eth_getBalance
[2021/01/02 16:23:51.670] - eth_getBlockByNumber
[2021/01/02 16:23:51.681] - eth_getTransactionCount
[2021/01/02 16:23:51.683] - eth_getBalance
[2021/01/02 16:23:51.689] - eth_getBlockByNumber
[2021/01/02 16:23:51.695] - eth_getTransactionCount
[2021/01/02 16:23:51.705] - eth_getBalance
[2021/01/02 16:23:51.713] - eth_sendTransaction
[2021/01/02 16:23:51.716] - eth_getTransactionCount
[2021/01/02 16:23:51.726] - eth_getBalance
[2021/01/02 16:23:51.754] - eth_getTransactionCount
[2021/01/02 16:23:51.756] - eth_getBalance
[2021/01/02 16:23:51.758] - eth_getTransactionCount
[2021/01/02 16:23:51.759] - eth_getBalance
[2021/01/02 16:23:51.760] - eth_getTransactionCount
[2021/01/02 16:23:51.768] - eth_getBalance
[2021/01/02 16:23:51.776] - eth_getTransactionCount
[2021/01/02 16:23:51.788] - eth_getBalance
[2021/01/02 16:23:51.790] - eth_getTransactionCount
[2021/01/02 16:23:51.801] - eth_getBalance
[2021/01/02 16:23:51.805] - eth_getTransactionCount
[2021/01/02 16:23:51.813] - eth_getBalance
[2021/01/02 16:23:51.818] - eth_getTransactionCount
[2021/01/02 16:23:51.836] - 
[2021/01/02 16:23:51.838] -   Transaction: 0xbd77d42c95b27421d0ba4a7fa426d050177e8f277d48eb03ef2bacd6acb0454b
[2021/01/02 16:23:51.838] -   Gas usage: 42338
[2021/01/02 16:23:51.839] -   Block Number: 10
[2021/01/02 16:23:51.840] -   Block Time: Sat Jan 02 2021 16:23:51 GMT+0800 (Malaysia Time)
[2021/01/02 16:23:51.841] - 
[2021/01/02 16:23:51.846] - eth_getBlockByNumber
[2021/01/02 16:23:51.848] - eth_getTransactionReceipt
[2021/01/02 16:23:51.903] - eth_getBlockTransactionCountByHash
[2021/01/02 16:23:51.966] - eth_getBlockByNumber
[2021/01/02 16:23:51.976] - eth_accounts
[2021/01/02 16:23:51.990] - eth_getBlockByNumber
[2021/01/02 16:23:51.997] - eth_getBlockByNumber
[2021/01/02 16:23:52.004] - eth_getBlockByNumber
[2021/01/02 16:23:52.010] - eth_getBlockByNumber
[2021/01/02 16:23:52.022] - eth_estimateGas
[2021/01/02 16:23:52.040] - eth_getBalance
[2021/01/02 16:23:52.048] - eth_getTransactionCount
[2021/01/02 16:23:52.058] - eth_getBalance
[2021/01/02 16:23:52.071] - eth_getTransactionCount
[2021/01/02 16:23:52.079] - eth_getBalance
[2021/01/02 16:23:52.084] - eth_getTransactionCount
[2021/01/02 16:23:52.092] - eth_getBalance
[2021/01/02 16:23:52.194] - eth_getTransactionCount
[2021/01/02 16:23:52.196] - eth_getBalance
[2021/01/02 16:23:52.197] - eth_getTransactionCount
[2021/01/02 16:23:52.199] - eth_getBalance
[2021/01/02 16:23:52.205] - eth_getTransactionCount
[2021/01/02 16:23:52.207] - eth_getBalance
[2021/01/02 16:23:52.208] - eth_getTransactionCount
[2021/01/02 16:23:52.210] - eth_getBalance
[2021/01/02 16:23:52.211] - eth_getTransactionCount
[2021/01/02 16:23:52.213] - eth_getBalance
[2021/01/02 16:23:52.214] - eth_getTransactionCount
[2021/01/02 16:23:52.306] - eth_getBlockByNumber
[2021/01/02 16:23:52.311] - eth_blockNumber
[2021/01/02 16:23:52.411] - eth_sendTransaction
[2021/01/02 16:23:52.519] - 
[2021/01/02 16:23:52.520] -   Transaction: 0xe714c8bb6e845ac5301f7cdeac644190fae7a2155add5a347c097e6d694e0263
[2021/01/02 16:23:52.522] -   Contract created: 0xb32280f491e1939a7ca0c7c349bc10af6849042b
[2021/01/02 16:23:52.523] -   Gas usage: 507926
[2021/01/02 16:23:52.524] -   Block Number: 11
[2021/01/02 16:23:52.526] -   Block Time: Sat Jan 02 2021 16:23:52 GMT+0800 (Malaysia Time)
[2021/01/02 16:23:52.527] - 
[2021/01/02 16:23:52.531] - eth_getBlockByNumber
[2021/01/02 16:23:52.534] - eth_getTransactionReceipt
[2021/01/02 16:23:52.554] - eth_getCode
[2021/01/02 16:23:52.575] - eth_getBlockByNumber
[2021/01/02 16:23:52.581] - eth_getBlockTransactionCountByHash
[2021/01/02 16:23:52.583] - eth_getBlockByNumber
[2021/01/02 16:23:52.590] - eth_sendTransaction
[2021/01/02 16:23:52.655] - 
[2021/01/02 16:23:52.656] -   Transaction: 0xa0a180d362d92aca40f2b817f5708d8274bdcf4be62fb7dd0f7ed34b47ec0571
[2021/01/02 16:23:52.656] -   Gas usage: 27338
[2021/01/02 16:23:52.657] -   Block Number: 12
[2021/01/02 16:23:52.658] -   Block Time: Sat Jan 02 2021 16:23:52 GMT+0800 (Malaysia Time)
[2021/01/02 16:23:52.659] - 
[2021/01/02 16:23:52.663] - eth_getBlockByNumber
[2021/01/02 16:23:52.671] - eth_getBlockByNumber
[2021/01/02 16:23:52.673] - eth_getTransactionReceipt
[2021/01/02 16:23:52.684] - eth_getBlockByNumber
[2021/01/02 16:23:52.734] - eth_getBlockByNumber
[2021/01/02 16:23:52.794] - eth_getBlockByNumber
[2021/01/02 16:23:52.804] - eth_getBalance
[2021/01/02 16:23:52.808] - eth_getTransactionCount
[2021/01/02 16:23:52.813] - eth_getBalance
[2021/01/02 16:23:52.817] - eth_getTransactionCount
[2021/01/02 16:23:52.821] - eth_getBalance
[2021/01/02 16:23:52.826] - eth_getTransactionCount
[2021/01/02 16:23:52.831] - eth_getBalance
[2021/01/02 16:23:52.832] - eth_getTransactionCount
[2021/01/02 16:23:52.836] - eth_getBalance
[2021/01/02 16:23:52.839] - eth_getTransactionCount
[2021/01/02 16:23:52.840] - eth_getBalance
[2021/01/02 16:23:52.845] - eth_getTransactionCount
[2021/01/02 16:23:52.850] - eth_getBalance
[2021/01/02 16:23:52.853] - eth_getTransactionCount
[2021/01/02 16:23:52.857] - eth_getBalance
[2021/01/02 16:23:52.861] - eth_getTransactionCount
[2021/01/02 16:23:52.867] - eth_getBalance
[2021/01/02 16:23:52.872] - eth_getTransactionCount
[2021/01/02 16:23:52.877] - eth_getBalance
[2021/01/02 16:23:52.882] - eth_getTransactionCount
[2021/01/02 16:23:52.889] - eth_getBalance
[2021/01/02 16:23:52.898] - eth_getTransactionCount
[2021/01/02 16:23:52.906] - eth_getBalance
[2021/01/02 16:23:52.914] - eth_getTransactionCount
[2021/01/02 16:23:52.922] - eth_getBalance
[2021/01/02 16:23:52.931] - eth_getTransactionCount
[2021/01/02 16:23:52.940] - eth_getBalance
[2021/01/02 16:23:52.949] - eth_getTransactionCount
[2021/01/02 16:23:52.957] - eth_getBalance
[2021/01/02 16:23:52.966] - eth_getTransactionCount
[2021/01/02 16:23:52.974] - eth_getBalance
[2021/01/02 16:23:52.982] - eth_getTransactionCount
[2021/01/02 16:23:52.990] - eth_getBalance
[2021/01/02 16:23:52.999] - eth_getTransactionCount
[2021/01/02 16:23:53.006] - eth_getBalance
[2021/01/02 16:23:53.014] - eth_getTransactionCount
[2021/01/02 16:23:53.021] - eth_getBalance
[2021/01/02 16:23:53.027] - eth_getTransactionCount
[2021/01/02 16:23:53.036] - eth_getBalance
[2021/01/02 16:23:53.043] - eth_getTransactionCount
[2021/01/02 16:23:53.130] - eth_getBalance
[2021/01/02 16:23:53.137] - eth_getTransactionCount
[2021/01/02 16:23:53.144] - eth_getBalance
[2021/01/02 16:23:53.150] - eth_getTransactionCount
[2021/01/02 16:23:53.158] - eth_getBalance
[2021/01/02 16:23:53.164] - eth_getTransactionCount
[2021/01/02 16:23:53.170] - eth_getBalance
[2021/01/02 16:23:53.179] - eth_getTransactionCount
[2021/01/02 16:23:53.189] - eth_getBalance
[2021/01/02 16:23:53.195] - eth_getTransactionCount
[2021/01/02 16:23:53.199] - eth_getBalance
[2021/01/02 16:23:53.203] - eth_getTransactionCount
[2021/01/02 16:23:53.208] - eth_getBalance
[2021/01/02 16:23:53.214] - eth_getTransactionCount
[2021/01/02 16:23:53.222] - eth_getBalance
[2021/01/02 16:23:53.229] - eth_getTransactionCount
[2021/01/02 16:23:53.236] - eth_getBalance
[2021/01/02 16:23:53.243] - eth_getTransactionCount
[2021/01/02 16:23:53.249] - eth_getBalance
[2021/01/02 16:23:53.256] - eth_getTransactionCount
[2021/01/02 16:23:53.356] - eth_getBlockTransactionCountByHash
[2021/01/02 16:23:53.362] - eth_getBlockTransactionCountByHash
[2021/01/02 16:23:53.370] - eth_getTransactionCount
[2021/01/02 16:23:53.378] - eth_getBalance
[2021/01/02 16:23:53.390] - eth_getTransactionCount
[2021/01/02 16:23:53.397] - eth_getBalance
[2021/01/02 16:23:53.404] - eth_getTransactionCount
[2021/01/02 16:23:53.443] - eth_getBalance
[2021/01/02 16:23:53.444] - eth_getTransactionCount
[2021/01/02 16:23:53.458] - eth_getBalance
[2021/01/02 16:23:53.459] - eth_getTransactionCount
[2021/01/02 16:23:53.461] - eth_getBalance
[2021/01/02 16:23:53.462] - eth_getTransactionCount
[2021/01/02 16:23:53.468] - eth_getBalance
[2021/01/02 16:23:53.470] - eth_getTransactionCount
[2021/01/02 16:23:53.475] - eth_getBalance
[2021/01/02 16:23:53.477] - eth_getTransactionCount
[2021/01/02 16:25:37.029] - eth_blockNumber
[2021/01/02 16:25:37.031] - eth_blockNumber
[2021/01/02 16:25:37.048] - net_version
[2021/01/02 16:25:37.050] - net_version
[2021/01/02 16:25:37.057] - eth_accounts
[2021/01/02 16:25:37.069] - eth_accounts
[2021/01/02 16:25:37.254] - eth_accounts
[2021/01/02 16:25:38.193] - eth_getBlockByNumber
[2021/01/02 16:25:38.202] - eth_accounts
[2021/01/02 16:25:38.221] - eth_getBlockByNumber
[2021/01/02 16:25:38.228] - eth_getBlockByNumber
[2021/01/02 16:25:38.235] - eth_getBlockByNumber
[2021/01/02 16:25:38.246] - eth_estimateGas
[2021/01/02 16:25:40.374] - eth_getBlockByNumber
[2021/01/02 16:25:40.374] - eth_blockNumber
[2021/01/02 16:25:40.380] - eth_sendTransaction
[2021/01/02 16:25:40.472] - 
[2021/01/02 16:25:40.473] -   Transaction: 0x709a83e524ecc012da7ccb415a566bed7f27dfaaba282b48c97f318494be2194
[2021/01/02 16:25:40.474] -   Contract created: 0xd78b5db05576e6d27113f32b9122695402b63e2f
[2021/01/02 16:25:40.475] -   Gas usage: 191931
[2021/01/02 16:25:40.476] -   Block Number: 13
[2021/01/02 16:25:40.477] -   Block Time: Sat Jan 02 2021 16:25:40 GMT+0800 (Malaysia Time)
[2021/01/02 16:25:40.478] - 
[2021/01/02 16:25:40.481] - eth_getBlockByNumber
[2021/01/02 16:25:40.483] - eth_getTransactionReceipt
[2021/01/02 16:25:40.496] - eth_getBlockByNumber
[2021/01/02 16:25:40.503] - eth_getCode
[2021/01/02 16:25:40.515] - eth_getBlockByNumber
[2021/01/02 16:25:40.524] - eth_getBalance
[2021/01/02 16:25:40.530] - eth_getTransactionCount
[2021/01/02 16:25:40.531] - eth_getBlockByNumber
[2021/01/02 16:25:40.540] - eth_getBalance
[2021/01/02 16:25:40.546] - eth_getTransactionCount
[2021/01/02 16:25:40.552] - eth_sendTransaction
[2021/01/02 16:25:40.554] - eth_getBalance
[2021/01/02 16:25:40.565] - eth_getTransactionCount
[2021/01/02 16:25:40.585] - eth_getBalance
[2021/01/02 16:25:40.587] - eth_getTransactionCount
[2021/01/02 16:25:40.589] - eth_getBalance
[2021/01/02 16:25:40.599] - eth_getTransactionCount
[2021/01/02 16:25:40.605] - eth_getBalance
[2021/01/02 16:25:40.611] - eth_getTransactionCount
[2021/01/02 16:25:40.620] - eth_getBalance
[2021/01/02 16:25:40.629] - eth_getTransactionCount
[2021/01/02 16:25:40.634] - eth_getBalance
[2021/01/02 16:25:40.647] - eth_getTransactionCount
[2021/01/02 16:25:40.649] - eth_getBalance
[2021/01/02 16:25:40.659] - eth_getTransactionCount
[2021/01/02 16:25:40.672] - 
[2021/01/02 16:25:40.673] -   Transaction: 0x7441e109944ea9352d984d116a15fd55fdebab2da8847de01a0338e7a93c2415
[2021/01/02 16:25:40.675] -   Gas usage: 42338
[2021/01/02 16:25:40.675] -   Block Number: 14
[2021/01/02 16:25:40.676] -   Block Time: Sat Jan 02 2021 16:25:40 GMT+0800 (Malaysia Time)
[2021/01/02 16:25:40.677] - 
[2021/01/02 16:25:40.681] - eth_getBalance
[2021/01/02 16:25:40.682] - eth_getBlockByNumber
[2021/01/02 16:25:40.684] - eth_getTransactionCount
[2021/01/02 16:25:40.686] - eth_getTransactionReceipt
[2021/01/02 16:25:40.695] - eth_getBlockByNumber
[2021/01/02 16:25:40.717] - eth_getBalance
[2021/01/02 16:25:40.724] - eth_getTransactionCount
[2021/01/02 16:25:40.730] - eth_getBalance
[2021/01/02 16:25:40.741] - eth_getTransactionCount
[2021/01/02 16:25:40.752] - eth_getBalance
[2021/01/02 16:25:40.760] - eth_getTransactionCount
[2021/01/02 16:25:40.766] - eth_getBalance
[2021/01/02 16:25:40.779] - eth_getTransactionCount
[2021/01/02 16:25:40.783] - eth_getBalance
[2021/01/02 16:25:40.788] - eth_getBlockByNumber
[2021/01/02 16:25:40.793] - eth_getTransactionCount
[2021/01/02 16:25:40.803] - eth_getBalance
[2021/01/02 16:25:40.822] - eth_getTransactionCount
[2021/01/02 16:25:40.824] - eth_getBalance
[2021/01/02 16:25:40.828] - eth_getTransactionCount
[2021/01/02 16:25:40.832] - eth_getBalance
[2021/01/02 16:25:40.840] - eth_getTransactionCount
[2021/01/02 16:25:40.852] - eth_accounts
[2021/01/02 16:25:40.854] - eth_getBalance
[2021/01/02 16:25:40.859] - eth_getTransactionCount
[2021/01/02 16:25:40.870] - eth_getBalance
[2021/01/02 16:25:40.882] - eth_getTransactionCount
[2021/01/02 16:25:40.907] - eth_getBlockByNumber
[2021/01/02 16:25:40.917] - eth_getBlockByNumber
[2021/01/02 16:25:40.926] - eth_getBlockByNumber
[2021/01/02 16:25:40.933] - eth_estimateGas
[2021/01/02 16:25:40.962] - eth_getBlockTransactionCountByHash
[2021/01/02 16:25:41.078] - eth_getBlockByNumber
[2021/01/02 16:25:41.079] - eth_blockNumber
[2021/01/02 16:25:41.093] - eth_sendTransaction
[2021/01/02 16:25:41.217] - 
[2021/01/02 16:25:41.218] -   Transaction: 0x782ff84f929f5820fba2c4366034ca200da5440690d296282043cbe05cc5f75f
[2021/01/02 16:25:41.219] -   Contract created: 0x98918abd4db7797896347c67036a96d85108588c
[2021/01/02 16:25:41.220] -   Gas usage: 507926
[2021/01/02 16:25:41.222] -   Block Number: 15
[2021/01/02 16:25:41.223] -   Block Time: Sat Jan 02 2021 16:25:41 GMT+0800 (Malaysia Time)
[2021/01/02 16:25:41.224] - 
[2021/01/02 16:25:41.228] - eth_getBlockByNumber
[2021/01/02 16:25:41.230] - eth_getTransactionReceipt
[2021/01/02 16:25:41.248] - eth_getCode
[2021/01/02 16:25:41.272] - eth_getBlockByNumber
[2021/01/02 16:25:41.284] - eth_getBlockByNumber
[2021/01/02 16:25:41.296] - eth_sendTransaction
[2021/01/02 16:25:41.324] - eth_getBlockByNumber
[2021/01/02 16:25:41.395] - 
[2021/01/02 16:25:41.396] -   Transaction: 0x4832add0475a3e63a1b38afcfd60c6484b184ec612940bfe250e9876e2edb824
[2021/01/02 16:25:41.398] -   Gas usage: 27338
[2021/01/02 16:25:41.399] -   Block Number: 16
[2021/01/02 16:25:41.400] -   Block Time: Sat Jan 02 2021 16:25:41 GMT+0800 (Malaysia Time)
[2021/01/02 16:25:41.401] - 
[2021/01/02 16:25:41.406] - eth_getBalance
[2021/01/02 16:25:41.408] - eth_getBlockByNumber
[2021/01/02 16:25:41.410] - eth_getTransactionCount
[2021/01/02 16:25:41.415] - eth_getTransactionReceipt
[2021/01/02 16:25:41.417] - eth_getBalance
[2021/01/02 16:25:41.419] - eth_getTransactionCount
[2021/01/02 16:25:41.420] - eth_getBalance
[2021/01/02 16:25:41.427] - eth_getTransactionCount
[2021/01/02 16:25:41.431] - eth_getBalance
[2021/01/02 16:25:41.436] - eth_getTransactionCount
[2021/01/02 16:25:41.442] - eth_getBalance
[2021/01/02 16:25:41.446] - eth_getTransactionCount
[2021/01/02 16:25:41.454] - eth_getBalance
[2021/01/02 16:25:41.460] - eth_getTransactionCount
[2021/01/02 16:25:41.464] - eth_getBalance
[2021/01/02 16:25:41.472] - eth_getTransactionCount
[2021/01/02 16:25:41.476] - eth_getTransactionCount
[2021/01/02 16:25:41.483] - eth_getBalance
[2021/01/02 16:25:41.487] - eth_getTransactionCount
[2021/01/02 16:25:41.559] - eth_getBlockByNumber
[2021/01/02 16:25:41.601] - eth_getBlockTransactionCountByHash
[2021/01/02 16:25:41.606] - eth_getBalance
[2021/01/02 16:25:41.620] - eth_getTransactionCount
[2021/01/02 16:25:41.621] - eth_getBalance
[2021/01/02 16:25:41.621] - eth_getTransactionCount
[2021/01/02 16:25:41.622] - eth_getBalance
[2021/01/02 16:25:41.622] - eth_getTransactionCount
[2021/01/02 16:25:41.624] - eth_getBalance
[2021/01/02 16:25:41.628] - eth_getTransactionCount
[2021/01/02 16:25:41.632] - eth_getBalance
[2021/01/02 16:25:41.637] - eth_getTransactionCount
[2021/01/02 16:25:41.640] - eth_getBalance
[2021/01/02 16:25:41.645] - eth_getTransactionCount
[2021/01/02 16:25:41.653] - eth_getBalance
[2021/01/02 16:25:41.660] - eth_getTransactionCount
[2021/01/02 16:25:41.669] - eth_getBalance
[2021/01/02 16:25:41.677] - eth_getTransactionCount
[2021/01/02 16:25:41.940] - eth_getBlockTransactionCountByHash
[2021/01/02 16:25:41.956] - eth_getBalance
[2021/01/02 16:25:41.964] - eth_getTransactionCount
[2021/01/02 16:25:41.971] - eth_getBalance
[2021/01/02 16:25:41.979] - eth_getTransactionCount
[2021/01/02 16:25:41.986] - eth_getBalance
[2021/01/02 16:25:41.993] - eth_getTransactionCount
[2021/01/02 16:25:42.000] - eth_getBalance
[2021/01/02 16:25:42.007] - eth_getTransactionCount
[2021/01/02 16:25:42.014] - eth_getBalance
[2021/01/02 16:25:42.020] - eth_getTransactionCount
[2021/01/02 16:25:42.027] - eth_getBalance
[2021/01/02 16:25:42.033] - eth_getTransactionCount
[2021/01/02 16:25:42.041] - eth_getBalance
[2021/01/02 16:25:42.049] - eth_getTransactionCount
[2021/01/02 16:25:42.056] - eth_getBalance
[2021/01/02 16:25:42.062] - eth_getTransactionCount
[2021/01/02 16:25:42.069] - eth_getBalance
[2021/01/02 16:25:42.076] - eth_getTransactionCount
[2021/01/02 16:25:42.082] - eth_getBalance
[2021/01/02 16:25:42.088] - eth_getTransactionCount
[2021/01/02 16:25:42.095] - eth_getBalance
[2021/01/02 16:25:42.101] - eth_getTransactionCount
[2021/01/02 16:25:42.108] - eth_getBalance
[2021/01/02 16:25:42.114] - eth_getTransactionCount
[2021/01/02 16:25:42.121] - eth_getBalance
[2021/01/02 16:25:42.126] - eth_getTransactionCount
[2021/01/02 16:25:42.133] - eth_getBalance
[2021/01/02 16:25:42.141] - eth_getTransactionCount
[2021/01/02 16:25:42.148] - eth_getBalance
[2021/01/02 16:25:42.155] - eth_getTransactionCount
[2021/01/02 16:25:42.163] - eth_getBalance
[2021/01/02 16:25:42.170] - eth_getTransactionCount
[2021/01/02 16:25:42.176] - eth_getBalance
[2021/01/02 16:25:42.183] - eth_getTransactionCount
[2021/01/02 16:25:42.193] - eth_getBalance
[2021/01/02 16:25:42.203] - eth_getTransactionCount
[2021/01/02 16:25:42.204] - eth_getBalance
[2021/01/02 16:25:42.209] - eth_getTransactionCount
[2021/01/02 16:25:42.216] - eth_getBalance
[2021/01/02 16:25:42.227] - eth_getTransactionCount
[2021/01/02 16:25:42.441] - eth_getBlockTransactionCountByHash
[2021/01/02 16:26:39.695] - eth_getBlockByNumber
[2021/01/02 16:26:39.719] - eth_getTransactionReceipt
[2021/01/02 16:26:39.736] - eth_getBlockByNumber
[2021/01/02 16:26:39.752] - eth_getTransactionReceipt
[2021/01/02 16:26:39.770] - eth_getBlockByNumber
[2021/01/02 16:26:39.783] - eth_getTransactionReceipt
[2021/01/02 16:26:39.800] - eth_getBlockByNumber
[2021/01/02 16:26:39.813] - eth_getTransactionReceipt
[2021/01/02 16:26:39.827] - eth_getBlockByNumber
[2021/01/02 16:26:39.837] - eth_getTransactionReceipt
[2021/01/02 16:26:39.853] - eth_getBlockByNumber
[2021/01/02 16:26:39.867] - eth_getTransactionReceipt
[2021/01/02 16:26:39.887] - eth_getBlockByNumber
[2021/01/02 16:26:39.901] - eth_getTransactionReceipt
[2021/01/02 16:26:39.918] - eth_getBlockByNumber
[2021/01/02 16:26:39.931] - eth_getTransactionReceipt
[2021/01/02 16:26:39.947] - eth_getTransactionReceipt
[2021/01/02 16:26:39.964] - eth_getTransactionReceipt
[2021/01/02 16:26:39.981] - eth_getTransactionReceipt
[2021/01/02 16:26:41.989] - eth_getTransactionReceipt
[2021/01/02 16:26:42.013] - eth_getTransactionReceipt
[2021/01/02 16:26:42.036] - eth_getTransactionReceipt
[2021/01/02 16:26:42.068] - eth_getTransactionReceipt
[2021/01/02 16:26:42.089] - eth_getTransactionReceipt
[2021/01/02 16:26:50.452] - eth_getBalance
[2021/01/02 16:26:50.513] - net_version
[2021/01/02 16:26:50.517] - eth_getCode
[2021/01/02 16:26:50.521] - eth_getBlockByNumber
[2021/01/02 16:26:50.525] - eth_getBalance
[2021/01/02 16:26:50.529] - eth_getTransactionCount
[2021/01/02 16:26:50.532] - eth_getStorageAt
[2021/01/02 16:26:50.538] - eth_getStorageAt
[2021/01/02 16:26:50.541] - eth_getStorageAt
[2021/01/02 16:26:50.546] - eth_getStorageAt
[2021/01/02 16:26:50.549] - eth_getStorageAt
[2021/01/02 16:26:50.553] - eth_getStorageAt
[2021/01/02 16:28:23.932] - net_version
[2021/01/02 16:28:23.935] - eth_getCode
[2021/01/02 16:28:23.941] - eth_getBlockByNumber
[2021/01/02 16:28:23.944] - eth_getBalance
[2021/01/02 16:28:23.948] - eth_getTransactionCount
[2021/01/02 16:28:23.951] - eth_getStorageAt
[2021/01/02 16:28:23.956] - eth_getStorageAt
[2021/01/02 16:28:23.961] - eth_getStorageAt
[2021/01/02 16:28:23.966] - eth_getStorageAt
[2021/01/02 16:28:23.970] - eth_getStorageAt
[2021/01/02 16:28:23.975] - eth_getStorageAt
[2021/01/02 16:28:43.682] - eth_blockNumber
[2021/01/02 16:28:43.683] - eth_blockNumber
[2021/01/02 16:28:43.700] - net_version
[2021/01/02 16:28:43.701] - net_version
[2021/01/02 16:28:43.707] - eth_accounts
[2021/01/02 16:28:43.708] - eth_accounts
[2021/01/02 16:28:43.869] - eth_accounts
[2021/01/02 16:28:44.873] - eth_getBlockByNumber
[2021/01/02 16:28:44.882] - eth_accounts
[2021/01/02 16:28:44.906] - eth_getBlockByNumber
[2021/01/02 16:28:44.913] - eth_getBlockByNumber
[2021/01/02 16:28:44.919] - eth_getBlockByNumber
[2021/01/02 16:28:44.930] - eth_estimateGas
[2021/01/02 16:28:47.143] - eth_getBlockByNumber
[2021/01/02 16:28:47.144] - eth_blockNumber
[2021/01/02 16:28:47.151] - eth_sendTransaction
[2021/01/02 16:28:47.237] - 
[2021/01/02 16:28:47.238] -   Transaction: 0x500cd04c07f49f46c06bb8662bc6adf03f27e1a634ad6bc899f82c0250495b63
[2021/01/02 16:28:47.239] -   Contract created: 0xc46ccfc01dd69a085605fe7e00b8c857078b74b3
[2021/01/02 16:28:47.239] -   Gas usage: 191931
[2021/01/02 16:28:47.240] -   Block Number: 17
[2021/01/02 16:28:47.241] -   Block Time: Sat Jan 02 2021 16:28:47 GMT+0800 (Malaysia Time)
[2021/01/02 16:28:47.241] - 
[2021/01/02 16:28:47.243] - eth_getBlockByNumber
[2021/01/02 16:28:47.244] - eth_getTransactionReceipt
[2021/01/02 16:28:47.258] - eth_getCode
[2021/01/02 16:28:47.269] - eth_getBlockByNumber
[2021/01/02 16:28:47.278] - eth_getBlockByNumber
[2021/01/02 16:28:47.284] - eth_getBalance
[2021/01/02 16:28:47.288] - eth_sendTransaction
[2021/01/02 16:28:47.296] - eth_getTransactionCount
[2021/01/02 16:28:47.319] - eth_getBalance
[2021/01/02 16:28:47.344] - eth_getTransactionCount
[2021/01/02 16:28:47.363] - eth_getBalance
[2021/01/02 16:28:47.387] - eth_getTransactionCount
[2021/01/02 16:28:47.396] - 
[2021/01/02 16:28:47.397] -   Transaction: 0xf49fe41cd193ef7dba9cb18520d11a12364de04c11b15ac5e2b749b2002ee7e6
[2021/01/02 16:28:47.398] -   Gas usage: 42338
[2021/01/02 16:28:47.399] -   Block Number: 18
[2021/01/02 16:28:47.401] -   Block Time: Sat Jan 02 2021 16:28:47 GMT+0800 (Malaysia Time)
[2021/01/02 16:28:47.402] - 
[2021/01/02 16:28:47.408] - eth_getBlockByNumber
[2021/01/02 16:28:47.410] - eth_getTransactionReceipt
[2021/01/02 16:28:47.415] - eth_getBalance
[2021/01/02 16:28:47.441] - eth_getTransactionCount
[2021/01/02 16:28:47.459] - eth_getBalance
[2021/01/02 16:28:47.461] - eth_getBlockByNumber
[2021/01/02 16:28:47.475] - eth_getTransactionCount
[2021/01/02 16:28:47.479] - eth_accounts
[2021/01/02 16:28:47.494] - eth_getBalance
[2021/01/02 16:28:47.501] - eth_getBlockByNumber
[2021/01/02 16:28:47.507] - eth_getBlockByNumber
[2021/01/02 16:28:47.514] - eth_getBlockByNumber
[2021/01/02 16:28:47.518] - eth_getTransactionCount
[2021/01/02 16:28:47.522] - eth_estimateGas
[2021/01/02 16:28:47.533] - eth_getBalance
[2021/01/02 16:28:47.545] - eth_getTransactionCount
[2021/01/02 16:28:47.567] - eth_getBalance
[2021/01/02 16:28:47.585] - eth_getTransactionCount
[2021/01/02 16:28:47.604] - eth_getBalance
[2021/01/02 16:28:47.652] - eth_getTransactionCount
[2021/01/02 16:28:47.653] - eth_getBalance
[2021/01/02 16:28:47.669] - eth_getTransactionCount
[2021/01/02 16:28:47.693] - eth_getBlockByNumber
[2021/01/02 16:28:47.695] - eth_blockNumber
[2021/01/02 16:28:47.734] - eth_sendTransaction
[2021/01/02 16:28:47.793] - eth_getBalance
[2021/01/02 16:28:47.813] - eth_getTransactionCount
[2021/01/02 16:28:47.829] - 
[2021/01/02 16:28:47.830] -   Transaction: 0x5a0098accb35f4b23db76a9e9bb348a880e02155f320cac0489f686078d56579
[2021/01/02 16:28:47.831] -   Contract created: 0x1e6d6a5b015248b7c2e68671eb737587e7668c0d
[2021/01/02 16:28:47.832] -   Gas usage: 507926
[2021/01/02 16:28:47.833] -   Block Number: 19
[2021/01/02 16:28:47.834] -   Block Time: Sat Jan 02 2021 16:28:47 GMT+0800 (Malaysia Time)
[2021/01/02 16:28:47.835] - 
[2021/01/02 16:28:47.839] - eth_getBlockByNumber
[2021/01/02 16:28:47.841] - eth_getBalance
[2021/01/02 16:28:47.844] - eth_getTransactionReceipt
[2021/01/02 16:28:47.857] - eth_getTransactionCount
[2021/01/02 16:28:47.864] - eth_getCode
[2021/01/02 16:28:47.876] - eth_getBalance
[2021/01/02 16:28:47.885] - eth_getBlockByNumber
[2021/01/02 16:28:47.897] - eth_getBlockByNumber
[2021/01/02 16:28:47.899] - eth_getTransactionCount
[2021/01/02 16:28:47.908] - eth_sendTransaction
[2021/01/02 16:28:47.933] - eth_getBalance
[2021/01/02 16:28:47.942] - eth_getTransactionCount
[2021/01/02 16:28:47.965] - eth_getBalance
[2021/01/02 16:28:47.995] - 
[2021/01/02 16:28:47.997] -   Transaction: 0xa7286d6255a31bd2ecdf6c0a764e432b2c3d7a0941f4756c83fda4b14be3a88f
[2021/01/02 16:28:47.998] -   Gas usage: 27338
[2021/01/02 16:28:48.000] -   Block Number: 20
[2021/01/02 16:28:48.001] -   Block Time: Sat Jan 02 2021 16:28:47 GMT+0800 (Malaysia Time)
[2021/01/02 16:28:48.002] - 
[2021/01/02 16:28:48.016] - eth_getTransactionCount
[2021/01/02 16:28:48.018] - eth_getBlockByNumber
[2021/01/02 16:28:48.020] - eth_getBalance
[2021/01/02 16:28:48.024] - eth_getTransactionReceipt
[2021/01/02 16:28:48.054] - eth_getTransactionCount
[2021/01/02 16:28:48.055] - eth_getBalance
[2021/01/02 16:28:48.077] - eth_getTransactionCount
[2021/01/02 16:28:48.092] - eth_getBalance
[2021/01/02 16:28:48.103] - eth_getTransactionCount
[2021/01/02 16:28:48.113] - eth_getBalance
[2021/01/02 16:28:48.125] - eth_getTransactionCount
[2021/01/02 16:28:48.136] - eth_getBalance
[2021/01/02 16:28:48.145] - eth_getTransactionCount
[2021/01/02 16:28:48.590] - eth_getBalance
[2021/01/02 16:28:48.609] - eth_getTransactionCount
[2021/01/02 16:28:48.622] - eth_getBalance
[2021/01/02 16:28:48.640] - eth_getTransactionCount
[2021/01/02 16:28:48.658] - eth_getBalance
[2021/01/02 16:28:48.671] - eth_getTransactionCount
[2021/01/02 16:28:48.686] - eth_getBalance
[2021/01/02 16:28:48.705] - eth_getTransactionCount
[2021/01/02 16:28:48.719] - eth_getBalance
[2021/01/02 16:28:48.737] - eth_getTransactionCount
[2021/01/02 16:28:48.752] - eth_getBalance
[2021/01/02 16:28:48.766] - eth_getTransactionCount
[2021/01/02 16:28:48.780] - eth_getBalance
[2021/01/02 16:28:48.796] - eth_getTransactionCount
[2021/01/02 16:28:48.815] - eth_getBalance
[2021/01/02 16:28:48.831] - eth_getTransactionCount
[2021/01/02 16:28:48.849] - eth_getBalance
[2021/01/02 16:28:48.865] - eth_getTransactionCount
[2021/01/02 16:28:48.882] - eth_getBalance
[2021/01/02 16:28:48.898] - eth_getTransactionCount
[2021/01/02 16:28:48.928] - eth_getBalance
[2021/01/02 16:28:48.942] - eth_getTransactionCount
[2021/01/02 16:28:48.956] - eth_getBalance
[2021/01/02 16:28:48.971] - eth_getTransactionCount
[2021/01/02 16:28:48.987] - eth_getBalance
[2021/01/02 16:28:49.004] - eth_getTransactionCount
[2021/01/02 16:28:49.031] - eth_getBalance
[2021/01/02 16:28:49.045] - eth_getTransactionCount
[2021/01/02 16:28:49.062] - eth_getBalance
[2021/01/02 16:28:49.078] - eth_getTransactionCount
[2021/01/02 16:28:49.093] - eth_getBalance
[2021/01/02 16:28:49.109] - eth_getTransactionCount
[2021/01/02 16:28:49.127] - eth_getBalance
[2021/01/02 16:28:49.142] - eth_getTransactionCount
[2021/01/02 16:28:49.162] - eth_getBalance
[2021/01/02 16:28:49.176] - eth_getTransactionCount
[2021/01/02 16:28:49.191] - eth_getBalance
[2021/01/02 16:28:49.206] - eth_getTransactionCount
[2021/01/02 16:28:49.225] - eth_getBalance
[2021/01/02 16:28:49.239] - eth_getTransactionCount
[2021/01/02 16:28:49.821] - eth_getTransactionCount
[2021/01/02 16:28:49.834] - eth_getBalance
[2021/01/02 16:28:49.849] - eth_getTransactionCount
[2021/01/02 16:28:49.865] - eth_getBalance
[2021/01/02 16:28:49.883] - eth_getTransactionCount
[2021/01/02 16:28:49.898] - eth_getBalance
[2021/01/02 16:28:49.918] - eth_getTransactionCount
[2021/01/02 16:28:49.935] - eth_getBalance
[2021/01/02 16:28:49.949] - eth_getTransactionCount
[2021/01/02 16:28:49.964] - eth_getBalance
[2021/01/02 16:28:49.980] - eth_getTransactionCount
[2021/01/02 16:28:49.994] - eth_getBalance
[2021/01/02 16:28:50.011] - eth_getTransactionCount
[2021/01/02 16:28:50.025] - eth_getBalance
[2021/01/02 16:28:50.041] - eth_getTransactionCount
[2021/01/02 16:28:50.055] - eth_getBalance
[2021/01/02 16:28:50.070] - eth_getTransactionCount
[2021/01/02 16:28:50.084] - eth_getBalance
[2021/01/02 16:28:50.101] - eth_getTransactionCount
[2021/01/02 16:28:50.302] - eth_getBalance
[2021/01/02 16:28:50.315] - eth_getTransactionCount
[2021/01/02 16:28:50.329] - eth_getBalance
[2021/01/02 16:28:50.344] - eth_getTransactionCount
[2021/01/02 16:28:50.362] - eth_getBalance
[2021/01/02 16:28:50.372] - eth_getTransactionCount
[2021/01/02 16:28:50.383] - eth_getBalance
[2021/01/02 16:28:50.394] - eth_getTransactionCount
[2021/01/02 16:28:50.402] - eth_getBalance
[2021/01/02 16:28:50.410] - eth_getTransactionCount
[2021/01/02 16:28:50.416] - eth_getBalance
[2021/01/02 16:28:50.424] - eth_getTransactionCount
[2021/01/02 16:28:50.433] - eth_getBalance
[2021/01/02 16:28:50.440] - eth_getTransactionCount
[2021/01/02 16:28:50.446] - eth_getBalance
[2021/01/02 16:28:50.453] - eth_getTransactionCount
[2021/01/02 16:28:50.460] - eth_getBalance
[2021/01/02 16:28:50.468] - eth_getTransactionCount
[2021/01/02 16:28:50.477] - eth_getBalance
[2021/01/02 16:28:50.485] - eth_getTransactionCount
[2021/01/02 16:29:39.785] - eth_getBlockByNumber
[2021/01/02 16:29:39.821] - eth_getBlockTransactionCountByHash
[2021/01/02 16:29:39.834] - eth_getBlockByNumber
[2021/01/02 16:29:39.849] - eth_getBlockTransactionCountByHash
[2021/01/02 16:29:39.864] - eth_getBlockByNumber
[2021/01/02 16:29:39.875] - eth_getBlockTransactionCountByHash
[2021/01/02 16:29:39.887] - eth_getBlockByNumber
[2021/01/02 16:29:39.898] - eth_getBlockTransactionCountByHash
[2021/01/02 16:29:59.537] - eth_unsubscribe
[2021/01/02 16:29:59.538] - eth_unsubscribe
