[2021/01/05 11:05:14.523] - Starting server with initial configuration: {"gasLimit":6721975,"gasPrice":20000000000,"hardfork":"muirGlacier","hostname":"127.0.0.1","port":9545,"network_id":5777,"default_balance_ether":1000,"total_accounts":10,"unlocked_accounts":[],"locked":false,"vmErrorsOnRPCResponse":true,"verbose":false,"db_path":"C:\\Users\\mango\\AppData\\Roaming\\Ganache\\workspaces\\blockchain-project\\chaindata","logDirectory":"C:\\Users\\mango\\Documents\\BlockchainProject"}
[2021/01/05 11:05:14.714] - eth_getCode
[2021/01/05 11:05:14.719] - eth_subscribe
[2021/01/05 11:05:14.721] - eth_getLogs
[2021/01/05 11:05:14.728] - eth_subscribe
[2021/01/05 11:05:14.745] - eth_getCode
[2021/01/05 11:05:14.820] - eth_getCode
[2021/01/05 11:05:14.822] - eth_subscribe
[2021/01/05 11:05:14.823] - eth_getLogs
[2021/01/05 11:05:14.827] - eth_subscribe
[2021/01/05 11:05:14.831] - eth_getCode
[2021/01/05 11:05:15.081] - eth_blockNumber
[2021/01/05 11:05:15.083] - eth_accounts
[2021/01/05 11:05:15.084] - eth_gasPrice
[2021/01/05 11:05:15.086] - eth_blockNumber
[2021/01/05 11:05:15.087] - eth_getBlockByNumber
[2021/01/05 11:05:15.087] - eth_subscribe
[2021/01/05 11:05:15.102] - eth_accounts
[2021/01/05 11:05:15.103] - eth_gasPrice
[2021/01/05 11:05:15.104] - eth_getBlockByNumber
[2021/01/05 11:05:15.105] - eth_subscribe
[2021/01/05 11:05:15.241] - eth_getBalance
[2021/01/05 11:05:15.257] - eth_getTransactionCount
[2021/01/05 11:05:15.274] - eth_getBalance
[2021/01/05 11:05:15.288] - eth_getTransactionCount
[2021/01/05 11:05:15.299] - eth_getBalance
[2021/01/05 11:05:15.311] - eth_getTransactionCount
[2021/01/05 11:05:15.321] - eth_getBalance
[2021/01/05 11:05:15.333] - eth_getTransactionCount
[2021/01/05 11:05:15.344] - eth_getBalance
[2021/01/05 11:05:15.356] - eth_getTransactionCount
[2021/01/05 11:05:15.371] - eth_getBalance
[2021/01/05 11:05:15.381] - eth_getTransactionCount
[2021/01/05 11:05:15.391] - eth_getBalance
[2021/01/05 11:05:15.403] - eth_getTransactionCount
[2021/01/05 11:05:15.414] - eth_getBalance
[2021/01/05 11:05:15.426] - eth_getTransactionCount
[2021/01/05 11:05:15.436] - eth_getBalance
[2021/01/05 11:05:15.456] - eth_getTransactionCount
[2021/01/05 11:05:15.467] - eth_getBalance
[2021/01/05 11:05:15.476] - eth_getTransactionCount
[2021/01/05 11:05:15.486] - eth_getBalance
[2021/01/05 11:05:15.497] - eth_getTransactionCount
[2021/01/05 11:05:15.505] - eth_getBalance
[2021/01/05 11:05:15.518] - eth_getTransactionCount
[2021/01/05 11:05:15.526] - eth_getBalance
[2021/01/05 11:05:15.533] - eth_getTransactionCount
[2021/01/05 11:05:15.541] - eth_getBalance
[2021/01/05 11:05:15.551] - eth_getTransactionCount
[2021/01/05 11:05:15.561] - eth_getBalance
[2021/01/05 11:05:15.571] - eth_getTransactionCount
[2021/01/05 11:05:15.583] - eth_getBalance
[2021/01/05 11:05:15.591] - eth_getTransactionCount
[2021/01/05 11:05:15.600] - eth_getBalance
[2021/01/05 11:05:15.615] - eth_getTransactionCount
[2021/01/05 11:05:15.638] - eth_getBalance
[2021/01/05 11:05:15.648] - eth_getTransactionCount
[2021/01/05 11:05:15.656] - eth_getBalance
[2021/01/05 11:05:15.669] - eth_getTransactionCount
[2021/01/05 11:05:15.677] - eth_getBalance
[2021/01/05 11:05:15.686] - eth_getTransactionCount
[2021/01/05 11:05:15.694] - eth_getBalance
[2021/01/05 11:05:15.712] - eth_getTransactionCount
[2021/01/05 11:05:15.722] - eth_getBalance
[2021/01/05 11:05:15.730] - eth_getTransactionCount
[2021/01/05 11:05:15.742] - eth_getBalance
[2021/01/05 11:05:15.751] - eth_getTransactionCount
[2021/01/05 11:05:15.758] - eth_getBalance
[2021/01/05 11:05:15.767] - eth_getTransactionCount
[2021/01/05 11:05:15.776] - eth_getBalance
[2021/01/05 11:05:15.785] - eth_getTransactionCount
[2021/01/05 11:05:15.796] - eth_getBalance
[2021/01/05 11:05:15.805] - eth_getTransactionCount
[2021/01/05 11:05:15.827] - eth_getBalance
[2021/01/05 11:05:15.848] - eth_getTransactionCount
[2021/01/05 11:05:15.859] - eth_getBalance
[2021/01/05 11:05:15.869] - eth_getTransactionCount
[2021/01/05 11:05:15.878] - eth_getBalance
[2021/01/05 11:05:15.891] - eth_getTransactionCount
[2021/01/05 11:05:15.902] - eth_getBalance
[2021/01/05 11:05:15.924] - eth_getTransactionCount
[2021/01/05 11:05:15.924] - eth_getBalance
[2021/01/05 11:05:15.925] - eth_getTransactionCount
[2021/01/05 11:05:15.930] - eth_getBalance
[2021/01/05 11:05:15.935] - eth_getTransactionCount
[2021/01/05 11:05:15.944] - eth_getBalance
[2021/01/05 11:05:15.948] - eth_getTransactionCount
[2021/01/05 11:05:15.953] - eth_getBalance
[2021/01/05 11:05:15.959] - eth_getTransactionCount
[2021/01/05 11:05:15.966] - eth_getBalance
[2021/01/05 11:05:15.972] - eth_getTransactionCount
[2021/01/05 11:05:15.982] - eth_getBalance
[2021/01/05 11:05:15.995] - eth_getTransactionCount
[2021/01/05 11:05:16.004] - eth_getBalance
[2021/01/05 11:05:16.011] - eth_getTransactionCount
[2021/01/05 11:05:16.021] - eth_getBalance
[2021/01/05 11:05:16.029] - eth_getTransactionCount
[2021/01/05 11:05:16.037] - eth_getBalance
[2021/01/05 11:05:16.050] - eth_getTransactionCount
[2021/01/05 11:05:16.057] - eth_getBalance
[2021/01/05 11:05:16.064] - eth_getTransactionCount
[2021/01/05 11:05:39.419] - eth_getBlockByNumber
[2021/01/05 11:05:39.467] - eth_getBlockTransactionCountByHash
[2021/01/05 11:05:39.528] - eth_getBlockByNumber
[2021/01/05 11:05:39.584] - eth_getBlockTransactionCountByHash
[2021/01/05 11:05:39.636] - eth_getBlockByNumber
[2021/01/05 11:05:39.680] - eth_getBlockTransactionCountByHash
[2021/01/05 11:05:39.709] - eth_getBlockByNumber
[2021/01/05 11:05:39.757] - eth_getBlockTransactionCountByHash
[2021/01/05 11:05:39.786] - eth_getBlockByNumber
[2021/01/05 11:05:39.829] - eth_getBlockTransactionCountByHash
[2021/01/05 11:05:39.851] - eth_getBlockByNumber
[2021/01/05 11:05:39.869] - eth_getBlockTransactionCountByHash
[2021/01/05 11:05:39.883] - eth_getBlockByNumber
[2021/01/05 11:05:39.906] - eth_getBlockTransactionCountByHash
[2021/01/05 11:05:39.947] - eth_getBlockByNumber
[2021/01/05 11:05:39.974] - eth_getBlockTransactionCountByHash
[2021/01/05 11:05:40.010] - eth_getBlockByNumber
[2021/01/05 11:05:40.039] - eth_getBlockTransactionCountByHash
[2021/01/05 11:05:40.070] - eth_getBlockByNumber
[2021/01/05 11:05:40.115] - eth_getBlockTransactionCountByHash
[2021/01/05 11:05:40.151] - eth_getBlockByNumber
[2021/01/05 11:05:40.177] - eth_getBlockTransactionCountByHash
[2021/01/05 11:05:40.209] - eth_getBlockByNumber
[2021/01/05 11:05:40.234] - eth_getBlockTransactionCountByHash
[2021/01/05 11:05:40.251] - eth_getBlockByNumber
[2021/01/05 11:05:40.289] - eth_getBlockTransactionCountByHash
[2021/01/05 11:05:40.312] - eth_getBlockByNumber
[2021/01/05 11:05:40.349] - eth_getBlockTransactionCountByHash
[2021/01/05 11:05:40.373] - eth_getBlockByNumber
[2021/01/05 11:05:40.393] - eth_getBlockTransactionCountByHash
[2021/01/05 11:05:40.411] - eth_getBlockByNumber
[2021/01/05 11:05:40.430] - eth_getBlockTransactionCountByHash
[2021/01/05 11:05:43.189] - eth_getBlockByNumber
[2021/01/05 11:05:43.229] - eth_getTransactionReceipt
[2021/01/05 11:05:43.276] - eth_getBlockByNumber
[2021/01/05 11:05:43.308] - eth_getTransactionReceipt
[2021/01/05 11:05:43.339] - eth_getBlockByNumber
[2021/01/05 11:05:43.374] - eth_getTransactionReceipt
[2021/01/05 11:05:43.417] - eth_getBlockByNumber
[2021/01/05 11:05:43.448] - eth_getTransactionReceipt
[2021/01/05 11:05:43.480] - eth_getBlockByNumber
[2021/01/05 11:05:43.502] - eth_getTransactionReceipt
[2021/01/05 11:05:43.551] - eth_getBlockByNumber
[2021/01/05 11:05:43.577] - eth_getTransactionReceipt
[2021/01/05 11:05:43.612] - eth_getBlockByNumber
[2021/01/05 11:05:43.632] - eth_getTransactionReceipt
[2021/01/05 11:05:43.655] - eth_getBlockByNumber
[2021/01/05 11:05:43.677] - eth_getTransactionReceipt
[2021/01/05 11:05:43.720] - eth_getBlockByNumber
[2021/01/05 11:05:43.739] - eth_getTransactionReceipt
[2021/01/05 11:05:43.795] - eth_getBlockByNumber
[2021/01/05 11:05:43.824] - eth_getTransactionReceipt
[2021/01/05 11:05:43.872] - eth_getBlockByNumber
[2021/01/05 11:05:43.899] - eth_getTransactionReceipt
[2021/01/05 11:07:32.037] - eth_getBlockByNumber
[2021/01/05 11:08:44.579] - eth_accounts
[2021/01/05 11:09:11.542] - eth_getBlockByNumber
[2021/01/05 11:09:11.558] - eth_call
[2021/01/05 11:09:50.697] - eth_getBlockByNumber
[2021/01/05 11:09:50.715] - eth_call
[2021/01/05 11:11:37.692] - eth_getBlockByNumber
[2021/01/05 11:11:37.707] - eth_call
[2021/01/05 11:12:25.588] - eth_blockNumber
[2021/01/05 11:12:25.603] - net_version
[2021/01/05 11:12:25.610] - eth_accounts
[2021/01/05 11:12:25.639] - eth_accounts
[2021/01/05 11:12:42.114] - eth_unsubscribe
[2021/01/05 11:12:42.115] - eth_unsubscribe
