[2021/01/05 15:45:12.145] - Starting server with initial configuration: {"gasLimit":6721975,"gasPrice":20000000000,"hardfork":"muirGlacier","hostname":"127.0.0.1","port":9545,"network_id":5777,"default_balance_ether":300,"total_accounts":10,"unlocked_accounts":[],"locked":false,"vmErrorsOnRPCResponse":true,"verbose":false,"db_path":"C:\\Users\\mango\\AppData\\Roaming\\Ganache\\workspaces\\precious-volleyball\\chaindata","logDirectory":"C:\\Users\\mango\\Documents\\BlockchainProject\\ganache-logs"}
[2021/01/05 15:45:12.266] - eth_subscribe
[2021/01/05 15:45:12.266] - eth_getLogs
[2021/01/05 15:45:12.267] - eth_subscribe
[2021/01/05 15:45:12.282] - eth_subscribe
[2021/01/05 15:45:12.283] - eth_getLogs
[2021/01/05 15:45:12.283] - eth_subscribe
[2021/01/05 15:45:12.326] - eth_blockNumber
[2021/01/05 15:45:12.328] - eth_accounts
[2021/01/05 15:45:12.329] - eth_blockNumber
[2021/01/05 15:45:12.330] - eth_gasPrice
[2021/01/05 15:45:12.331] - eth_accounts
[2021/01/05 15:45:12.332] - eth_getBlockByNumber
[2021/01/05 15:45:12.333] - eth_gasPrice
[2021/01/05 15:45:12.335] - eth_subscribe
[2021/01/05 15:45:12.335] - eth_getBlockByNumber
[2021/01/05 15:45:12.337] - eth_subscribe
[2021/01/05 15:45:12.342] - eth_accounts
[2021/01/05 15:45:12.374] - eth_getBalance
[2021/01/05 15:45:12.377] - eth_getTransactionCount
[2021/01/05 15:45:12.382] - eth_getBalance
[2021/01/05 15:45:12.386] - eth_getTransactionCount
[2021/01/05 15:45:12.389] - eth_getBalance
[2021/01/05 15:45:12.393] - eth_getTransactionCount
[2021/01/05 15:45:12.395] - eth_getBalance
[2021/01/05 15:45:12.396] - eth_getTransactionCount
[2021/01/05 15:45:12.400] - eth_getBalance
[2021/01/05 15:45:12.401] - eth_getTransactionCount
[2021/01/05 15:45:12.402] - eth_getBalance
[2021/01/05 15:45:12.407] - eth_getTransactionCount
[2021/01/05 15:45:12.407] - eth_getBalance
[2021/01/05 15:45:12.409] - eth_getTransactionCount
[2021/01/05 15:45:12.411] - eth_getBalance
[2021/01/05 15:45:12.414] - eth_getTransactionCount
[2021/01/05 15:45:12.414] - eth_getBalance
[2021/01/05 15:45:12.417] - eth_getTransactionCount
[2021/01/05 15:45:12.419] - eth_getBalance
[2021/01/05 15:45:12.420] - eth_getTransactionCount
[2021/01/05 15:45:12.424] - eth_getBalance
[2021/01/05 15:45:12.426] - eth_getTransactionCount
[2021/01/05 15:45:12.428] - eth_getBalance
[2021/01/05 15:45:12.429] - eth_getTransactionCount
[2021/01/05 15:45:12.431] - eth_getBalance
[2021/01/05 15:45:12.433] - eth_getTransactionCount
[2021/01/05 15:45:12.436] - eth_getBalance
[2021/01/05 15:45:12.438] - eth_getTransactionCount
[2021/01/05 15:45:12.440] - eth_getBalance
[2021/01/05 15:45:12.441] - eth_getTransactionCount
[2021/01/05 15:45:12.443] - eth_getBalance
[2021/01/05 15:45:12.445] - eth_getTransactionCount
[2021/01/05 15:45:12.453] - eth_getBalance
[2021/01/05 15:45:12.453] - eth_getTransactionCount
[2021/01/05 15:45:12.454] - eth_getBalance
[2021/01/05 15:45:12.455] - eth_getTransactionCount
[2021/01/05 15:45:12.455] - eth_getBalance
[2021/01/05 15:45:12.456] - eth_getTransactionCount
[2021/01/05 15:45:12.457] - eth_getBalance
[2021/01/05 15:45:12.457] - eth_getTransactionCount
[2021/01/05 15:45:12.459] - eth_getBalance
[2021/01/05 15:45:12.461] - eth_getTransactionCount
[2021/01/05 15:45:12.462] - eth_getBalance
[2021/01/05 15:45:12.465] - eth_getTransactionCount
[2021/01/05 15:45:12.467] - eth_getBalance
[2021/01/05 15:45:12.468] - eth_getTransactionCount
[2021/01/05 15:45:12.469] - eth_getBalance
[2021/01/05 15:45:12.471] - eth_getTransactionCount
[2021/01/05 15:45:12.474] - eth_getBalance
[2021/01/05 15:45:12.475] - eth_getTransactionCount
[2021/01/05 15:45:12.477] - eth_getBalance
[2021/01/05 15:45:12.479] - eth_getTransactionCount
[2021/01/05 15:45:12.482] - eth_getBalance
[2021/01/05 15:45:12.483] - eth_getTransactionCount
[2021/01/05 15:45:12.485] - eth_getBalance
[2021/01/05 15:45:12.487] - eth_getTransactionCount
[2021/01/05 15:45:12.490] - eth_getBalance
[2021/01/05 15:45:12.492] - eth_getTransactionCount
[2021/01/05 15:45:12.493] - eth_getBalance
[2021/01/05 15:45:12.494] - eth_getTransactionCount
[2021/01/05 15:45:12.536] - eth_getBalance
[2021/01/05 15:45:12.538] - eth_getTransactionCount
[2021/01/05 15:45:12.539] - eth_getBalance
[2021/01/05 15:45:12.540] - eth_getTransactionCount
[2021/01/05 15:45:12.542] - eth_getBalance
[2021/01/05 15:45:12.545] - eth_getTransactionCount
[2021/01/05 15:45:12.546] - eth_getBalance
[2021/01/05 15:45:12.548] - eth_getTransactionCount
[2021/01/05 15:45:12.550] - eth_getBalance
[2021/01/05 15:45:12.562] - eth_getTransactionCount
[2021/01/05 15:45:12.563] - eth_getBalance
[2021/01/05 15:45:12.565] - eth_getTransactionCount
[2021/01/05 15:45:12.565] - eth_getBalance
[2021/01/05 15:45:12.566] - eth_getTransactionCount
[2021/01/05 15:45:12.566] - eth_getBalance
[2021/01/05 15:45:12.568] - eth_getTransactionCount
[2021/01/05 15:45:12.569] - eth_getBalance
[2021/01/05 15:45:12.570] - eth_getTransactionCount
[2021/01/05 15:45:13.944] - eth_getBlockByNumber
[2021/01/05 15:45:13.957] - eth_getBlockTransactionCountByHash
[2021/01/05 15:45:14.453] - eth_getBlockByNumber
[2021/01/05 15:45:29.980] - eth_blockNumber
[2021/01/05 15:45:29.999] - net_version
[2021/01/05 15:45:30.009] - eth_accounts
[2021/01/05 15:45:30.060] - eth_accounts
[2021/01/05 15:45:44.240] - eth_blockNumber
[2021/01/05 15:45:44.253] - net_version
[2021/01/05 15:45:44.259] - eth_accounts
[2021/01/05 15:45:44.327] - eth_getBlockByNumber
[2021/01/05 15:45:44.351] - eth_accounts
[2021/01/05 15:45:44.371] - net_version
[2021/01/05 15:45:44.380] - eth_getBlockByNumber
[2021/01/05 15:45:44.395] - eth_getBlockByNumber
[2021/01/05 15:45:44.405] - net_version
[2021/01/05 15:45:44.417] - eth_getBlockByNumber
[2021/01/05 15:45:44.428] - eth_estimateGas
[2021/01/05 15:45:47.016] - net_version
[2021/01/05 15:45:47.018] - eth_blockNumber
[2021/01/05 15:45:47.021] - eth_getBlockByNumber
[2021/01/05 15:45:47.027] - eth_sendTransaction
[2021/01/05 15:45:47.173] - 
[2021/01/05 15:45:47.174] -   Transaction: 0xe54435936b1f924eade5b71de12d4942cf873a2f660dbbc0371334053ffea56b
[2021/01/05 15:45:47.175] -   Contract created: 0x4c174384466389c6f43f346d381d059dd1673f9b
[2021/01/05 15:45:47.176] -   Gas usage: 191931
[2021/01/05 15:45:47.177] -   Block Number: 1
[2021/01/05 15:45:47.184] -   Block Time: Tue Jan 05 2021 15:45:47 GMT+0800 (Malaysia Time)
[2021/01/05 15:45:47.186] - 
[2021/01/05 15:45:47.190] - eth_getBlockByNumber
[2021/01/05 15:45:47.192] - eth_getTransactionReceipt
[2021/01/05 15:45:47.196] - eth_getBalance
[2021/01/05 15:45:47.208] - eth_getTransactionCount
[2021/01/05 15:45:47.214] - eth_getBalance
[2021/01/05 15:45:47.222] - eth_getCode
[2021/01/05 15:45:47.224] - eth_getTransactionCount
[2021/01/05 15:45:47.237] - eth_getBalance
[2021/01/05 15:45:47.246] - eth_getTransactionCount
[2021/01/05 15:45:47.251] - eth_getTransactionByHash
[2021/01/05 15:45:47.256] - eth_getBalance
[2021/01/05 15:45:47.263] - eth_getTransactionCount
[2021/01/05 15:45:47.271] - eth_getBalance
[2021/01/05 15:45:47.283] - eth_getBlockByNumber
[2021/01/05 15:45:47.285] - eth_getTransactionCount
[2021/01/05 15:45:47.286] - eth_getBalance
[2021/01/05 15:45:47.299] - eth_getTransactionCount
[2021/01/05 15:45:47.306] - eth_getBalance
[2021/01/05 15:45:47.313] - eth_getBalance
[2021/01/05 15:45:47.321] - eth_getTransactionCount
[2021/01/05 15:45:47.327] - eth_getBalance
[2021/01/05 15:45:47.334] - eth_getTransactionCount
[2021/01/05 15:45:47.339] - eth_getBlockByNumber
[2021/01/05 15:45:47.341] - eth_getBalance
[2021/01/05 15:45:47.348] - eth_getTransactionCount
[2021/01/05 15:45:47.356] - eth_getBlockByNumber
[2021/01/05 15:45:47.357] - eth_getBalance
[2021/01/05 15:45:47.362] - eth_getTransactionCount
[2021/01/05 15:45:47.375] - eth_sendTransaction
[2021/01/05 15:45:47.509] - 
[2021/01/05 15:45:47.510] -   Transaction: 0xa5ca3f7cd780f6a4d271cab7eecae25faacdcb31d565d28879ec446d7169b46a
[2021/01/05 15:45:47.511] -   Gas usage: 42338
[2021/01/05 15:45:47.512] -   Block Number: 2
[2021/01/05 15:45:47.513] -   Block Time: Tue Jan 05 2021 15:45:47 GMT+0800 (Malaysia Time)
[2021/01/05 15:45:47.513] - 
[2021/01/05 15:45:47.517] - eth_getBlockByNumber
[2021/01/05 15:45:47.519] - eth_getTransactionReceipt
[2021/01/05 15:45:47.559] - eth_getBlockByNumber
[2021/01/05 15:45:47.571] - eth_accounts
[2021/01/05 15:45:47.602] - net_version
[2021/01/05 15:45:47.613] - eth_getBlockByNumber
[2021/01/05 15:45:47.629] - eth_getBlockByNumber
[2021/01/05 15:45:47.643] - net_version
[2021/01/05 15:45:47.653] - eth_getBlockByNumber
[2021/01/05 15:45:47.663] - eth_getBalance
[2021/01/05 15:45:47.671] - eth_getTransactionCount
[2021/01/05 15:45:47.673] - eth_estimateGas
[2021/01/05 15:45:47.679] - eth_getBalance
[2021/01/05 15:45:47.707] - eth_getTransactionCount
[2021/01/05 15:45:47.709] - eth_getBalance
[2021/01/05 15:45:47.711] - eth_getTransactionCount
[2021/01/05 15:45:47.730] - eth_getBalance
[2021/01/05 15:45:47.752] - eth_getTransactionCount
[2021/01/05 15:45:47.753] - eth_getBalance
[2021/01/05 15:45:47.767] - eth_getTransactionCount
[2021/01/05 15:45:47.768] - eth_getBalance
[2021/01/05 15:45:47.776] - eth_getTransactionCount
[2021/01/05 15:45:47.784] - eth_getBalance
[2021/01/05 15:45:47.795] - eth_getTransactionCount
[2021/01/05 15:45:47.796] - eth_getBalance
[2021/01/05 15:45:47.805] - eth_getTransactionCount
[2021/01/05 15:45:47.829] - eth_getBalance
[2021/01/05 15:45:47.830] - eth_getTransactionCount
[2021/01/05 15:45:47.950] - net_version
[2021/01/05 15:45:47.951] - eth_blockNumber
[2021/01/05 15:45:48.079] - eth_getBlockByNumber
[2021/01/05 15:45:48.099] - eth_sendTransaction
[2021/01/05 15:45:48.242] - eth_getBlockByNumber
[2021/01/05 15:45:48.303] - 
[2021/01/05 15:45:48.304] -   Transaction: 0xa78fd25cd85278482a699f61f0139fa5bafb0fe7bad73faeea32b812b9d75fcc
[2021/01/05 15:45:48.305] -   Contract created: 0x815c694837b21ae194f2d9952ed1088077c869be
[2021/01/05 15:45:48.306] -   Gas usage: 704974
[2021/01/05 15:45:48.308] -   Block Number: 3
[2021/01/05 15:45:48.309] -   Block Time: Tue Jan 05 2021 15:45:48 GMT+0800 (Malaysia Time)
[2021/01/05 15:45:48.310] - 
[2021/01/05 15:45:48.330] - eth_getBlockByNumber
[2021/01/05 15:45:48.334] - eth_getTransactionReceipt
[2021/01/05 15:45:48.348] - eth_getBlockByNumber
[2021/01/05 15:45:48.361] - eth_getCode
[2021/01/05 15:45:48.371] - eth_getTransactionByHash
[2021/01/05 15:45:48.380] - eth_getBlockByNumber
[2021/01/05 15:45:48.395] - eth_getBalance
[2021/01/05 15:45:48.455] - eth_getBlockByNumber
[2021/01/05 15:45:48.468] - eth_getBlockByNumber
[2021/01/05 15:45:48.481] - eth_sendTransaction
[2021/01/05 15:45:48.540] - eth_getBlockByNumber
[2021/01/05 15:45:48.575] - 
[2021/01/05 15:45:48.576] -   Transaction: 0x086c21a573cd28c2f9dfb09f066da6a28a1699ffaf2a1c9faac7b3b38d13d346
[2021/01/05 15:45:48.577] -   Gas usage: 27338
[2021/01/05 15:45:48.578] -   Block Number: 4
[2021/01/05 15:45:48.579] -   Block Time: Tue Jan 05 2021 15:45:48 GMT+0800 (Malaysia Time)
[2021/01/05 15:45:48.580] - 
[2021/01/05 15:45:48.585] - eth_getBalance
[2021/01/05 15:45:48.586] - eth_getBlockByNumber
[2021/01/05 15:45:48.587] - eth_getTransactionCount
[2021/01/05 15:45:48.588] - eth_getTransactionReceipt
[2021/01/05 15:45:48.589] - eth_getBalance
[2021/01/05 15:45:48.592] - eth_getTransactionCount
[2021/01/05 15:45:48.593] - eth_getBalance
[2021/01/05 15:45:48.595] - eth_getBlockByNumber
[2021/01/05 15:45:48.597] - eth_getTransactionCount
[2021/01/05 15:45:48.605] - eth_getBalance
[2021/01/05 15:45:48.614] - eth_getTransactionCount
[2021/01/05 15:45:48.616] - eth_getBalance
[2021/01/05 15:45:48.621] - eth_getTransactionCount
[2021/01/05 15:45:48.628] - eth_getBalance
[2021/01/05 15:45:48.632] - eth_getTransactionCount
[2021/01/05 15:45:48.637] - eth_getBalance
[2021/01/05 15:45:48.645] - eth_getBalance
[2021/01/05 15:45:48.651] - eth_getTransactionCount
[2021/01/05 15:45:48.870] - eth_getTransactionCount
[2021/01/05 15:45:48.878] - eth_getBalance
[2021/01/05 15:45:48.886] - eth_getTransactionCount
[2021/01/05 15:45:48.892] - eth_getBalance
[2021/01/05 15:45:48.899] - eth_getTransactionCount
[2021/01/05 15:45:48.906] - eth_getBalance
[2021/01/05 15:45:48.915] - eth_getTransactionCount
[2021/01/05 15:45:48.921] - eth_getBalance
[2021/01/05 15:45:48.926] - eth_getTransactionCount
[2021/01/05 15:45:48.935] - eth_getBalance
[2021/01/05 15:45:48.941] - eth_getTransactionCount
[2021/01/05 15:45:48.950] - eth_getBalance
[2021/01/05 15:45:48.958] - eth_getTransactionCount
[2021/01/05 15:45:48.967] - eth_getBalance
[2021/01/05 15:45:48.978] - eth_getTransactionCount
[2021/01/05 15:45:48.990] - eth_getBalance
[2021/01/05 15:45:48.998] - eth_getTransactionCount
[2021/01/05 15:57:27.022] - eth_blockNumber
[2021/01/05 15:57:27.034] - net_version
[2021/01/05 15:57:27.043] - eth_accounts
[2021/01/05 15:57:27.075] - eth_getBlockByNumber
[2021/01/05 15:57:27.101] - eth_getCode
[2021/01/05 15:57:29.425] - eth_getBlockByNumber
[2021/01/05 15:57:29.445] - eth_call
[2021/01/05 15:58:09.045] - eth_blockNumber
[2021/01/05 15:58:09.056] - net_version
[2021/01/05 15:58:09.068] - eth_accounts
[2021/01/05 15:58:09.102] - eth_accounts
[2021/01/05 15:59:01.367] - eth_blockNumber
[2021/01/05 15:59:01.380] - net_version
[2021/01/05 15:59:01.396] - eth_accounts
[2021/01/05 15:59:01.432] - eth_accounts
[2021/01/05 15:59:57.759] - eth_blockNumber
[2021/01/05 15:59:57.778] - net_version
[2021/01/05 15:59:57.788] - eth_accounts
[2021/01/05 15:59:57.840] - eth_getBlockByNumber
[2021/01/05 15:59:57.856] - eth_accounts
[2021/01/05 15:59:57.878] - net_version
[2021/01/05 15:59:57.887] - eth_getBlockByNumber
[2021/01/05 15:59:57.900] - eth_getBlockByNumber
[2021/01/05 15:59:57.912] - net_version
[2021/01/05 15:59:57.919] - eth_getBlockByNumber
[2021/01/05 15:59:57.935] - eth_estimateGas
[2021/01/05 16:00:00.582] - net_version
[2021/01/05 16:00:00.583] - eth_blockNumber
[2021/01/05 16:00:00.590] - eth_getBlockByNumber
[2021/01/05 16:00:00.601] - eth_sendTransaction
[2021/01/05 16:00:00.699] - 
[2021/01/05 16:00:00.701] -   Transaction: 0xf75311905dd65ac5c7c5168bf7c14c7556684e4eec4d8b7ddbc63eef172a7cba
[2021/01/05 16:00:00.702] -   Contract created: 0xfe8bf5df12fb73f30f4717d9540d1ac07c84f2fd
[2021/01/05 16:00:00.703] -   Gas usage: 191931
[2021/01/05 16:00:00.703] -   Block Number: 5
[2021/01/05 16:00:00.704] -   Block Time: Tue Jan 05 2021 16:00:00 GMT+0800 (Malaysia Time)
[2021/01/05 16:00:00.705] - 
[2021/01/05 16:00:00.708] - eth_getBlockByNumber
[2021/01/05 16:00:00.710] - eth_getTransactionReceipt
[2021/01/05 16:00:00.727] - eth_getCode
[2021/01/05 16:00:00.736] - eth_getBalance
[2021/01/05 16:00:00.745] - eth_getTransactionByHash
[2021/01/05 16:00:00.751] - eth_getTransactionCount
[2021/01/05 16:00:00.768] - eth_getBalance
[2021/01/05 16:00:00.770] - eth_getBlockByNumber
[2021/01/05 16:00:00.776] - eth_getTransactionCount
[2021/01/05 16:00:00.784] - eth_getBalance
[2021/01/05 16:00:00.791] - eth_getBalance
[2021/01/05 16:00:00.801] - eth_getTransactionCount
[2021/01/05 16:00:00.811] - eth_getBlockByNumber
[2021/01/05 16:00:00.816] - eth_getBalance
[2021/01/05 16:00:00.820] - eth_getBlockByNumber
[2021/01/05 16:00:00.826] - eth_getTransactionCount
[2021/01/05 16:00:00.834] - eth_getBalance
[2021/01/05 16:00:00.835] - eth_sendTransaction
[2021/01/05 16:00:00.857] - eth_getTransactionCount
[2021/01/05 16:00:00.869] - eth_getBalance
[2021/01/05 16:00:00.882] - eth_getTransactionCount
[2021/01/05 16:00:00.891] - eth_getBalance
[2021/01/05 16:00:00.904] - eth_getTransactionCount
[2021/01/05 16:00:00.913] - eth_getBalance
[2021/01/05 16:00:00.933] - 
[2021/01/05 16:00:00.934] -   Transaction: 0xbc3b3b58618827fd73f5965b99bc2375afbd8a0ca207bb8aba858f18a97188a3
[2021/01/05 16:00:00.935] -   Gas usage: 42338
[2021/01/05 16:00:00.936] -   Block Number: 6
[2021/01/05 16:00:00.937] -   Block Time: Tue Jan 05 2021 16:00:00 GMT+0800 (Malaysia Time)
[2021/01/05 16:00:00.938] - 
[2021/01/05 16:00:00.944] - eth_getTransactionCount
[2021/01/05 16:00:00.945] - eth_getBlockByNumber
[2021/01/05 16:00:00.947] - eth_getBalance
[2021/01/05 16:00:00.952] - eth_getTransactionReceipt
[2021/01/05 16:00:00.953] - eth_getTransactionCount
[2021/01/05 16:00:00.967] - eth_getBalance
[2021/01/05 16:00:00.998] - eth_getTransactionCount
[2021/01/05 16:00:01.046] - eth_getBalance
[2021/01/05 16:00:01.064] - eth_getTransactionCount
[2021/01/05 16:00:01.074] - eth_getBlockByNumber
[2021/01/05 16:00:01.089] - eth_accounts
[2021/01/05 16:00:01.090] - eth_getBalance
[2021/01/05 16:00:01.099] - eth_getTransactionCount
[2021/01/05 16:00:01.107] - net_version
[2021/01/05 16:00:01.109] - eth_getBalance
[2021/01/05 16:00:01.113] - eth_getBlockByNumber
[2021/01/05 16:00:01.134] - eth_getTransactionCount
[2021/01/05 16:00:01.135] - eth_getBalance
[2021/01/05 16:00:01.139] - eth_getBlockByNumber
[2021/01/05 16:00:01.147] - eth_getTransactionCount
[2021/01/05 16:00:01.162] - eth_getBalance
[2021/01/05 16:00:01.164] - net_version
[2021/01/05 16:00:01.173] - eth_getBlockByNumber
[2021/01/05 16:00:01.184] - eth_getTransactionCount
[2021/01/05 16:00:01.186] - eth_estimateGas
[2021/01/05 16:00:01.190] - eth_getBalance
[2021/01/05 16:00:01.209] - eth_getTransactionCount
[2021/01/05 16:00:01.225] - eth_getBalance
[2021/01/05 16:00:01.229] - eth_getTransactionCount
[2021/01/05 16:00:01.252] - eth_getBalance
[2021/01/05 16:00:01.266] - eth_getTransactionCount
[2021/01/05 16:00:01.283] - eth_getBalance
[2021/01/05 16:00:01.290] - eth_getTransactionCount
[2021/01/05 16:00:01.308] - eth_getBalance
[2021/01/05 16:00:01.324] - eth_getTransactionCount
[2021/01/05 16:00:01.407] - net_version
[2021/01/05 16:00:01.416] - eth_blockNumber
[2021/01/05 16:00:01.472] - eth_getBlockByNumber
[2021/01/05 16:00:01.484] - eth_sendTransaction
[2021/01/05 16:00:01.565] - 
[2021/01/05 16:00:01.565] -   Transaction: 0x0f4e5c84d0c80f509c650cf58b977383949d908f115d9c25c357dc328e1e1c18
[2021/01/05 16:00:01.566] -   Contract created: 0x5ae66b723806a2af736933cfff863672a8240ab0
[2021/01/05 16:00:01.566] -   Gas usage: 706462
[2021/01/05 16:00:01.567] -   Block Number: 7
[2021/01/05 16:00:01.567] -   Block Time: Tue Jan 05 2021 16:00:01 GMT+0800 (Malaysia Time)
[2021/01/05 16:00:01.568] - 
[2021/01/05 16:00:01.569] - eth_getBlockByNumber
[2021/01/05 16:00:01.571] - eth_getTransactionReceipt
[2021/01/05 16:00:01.581] - eth_getCode
[2021/01/05 16:00:01.592] - eth_getTransactionByHash
[2021/01/05 16:00:01.607] - eth_getBlockByNumber
[2021/01/05 16:00:01.619] - eth_getBalance
[2021/01/05 16:00:01.706] - eth_getBlockByNumber
[2021/01/05 16:00:01.728] - eth_getBlockByNumber
[2021/01/05 16:00:01.730] - eth_getBlockByNumber
[2021/01/05 16:00:01.746] - eth_sendTransaction
[2021/01/05 16:00:01.775] - eth_getBlockByNumber
[2021/01/05 16:00:01.841] - 
[2021/01/05 16:00:01.843] -   Transaction: 0x0bf3baa3ccfe5eda579d86bfc5d2ea8046625f7a93fa40c9dc2b44fdd0c2b3fb
[2021/01/05 16:00:01.844] -   Gas usage: 27338
[2021/01/05 16:00:01.845] -   Block Number: 8
[2021/01/05 16:00:01.846] -   Block Time: Tue Jan 05 2021 16:00:01 GMT+0800 (Malaysia Time)
[2021/01/05 16:00:01.847] - 
[2021/01/05 16:00:01.853] - eth_getBlockByNumber
[2021/01/05 16:00:01.861] - eth_getTransactionReceipt
[2021/01/05 16:00:02.104] - eth_getBalance
[2021/01/05 16:00:02.119] - eth_getTransactionCount
[2021/01/05 16:00:02.153] - eth_getBalance
[2021/01/05 16:00:02.194] - eth_getTransactionCount
[2021/01/05 16:00:02.211] - eth_getBalance
[2021/01/05 16:00:02.228] - eth_getTransactionCount
[2021/01/05 16:00:02.242] - eth_getBalance
[2021/01/05 16:00:02.257] - eth_getTransactionCount
[2021/01/05 16:00:02.271] - eth_getBalance
[2021/01/05 16:00:02.287] - eth_getTransactionCount
[2021/01/05 16:00:02.301] - eth_getBalance
[2021/01/05 16:00:02.315] - eth_getTransactionCount
[2021/01/05 16:00:02.325] - eth_getBalance
[2021/01/05 16:00:02.339] - eth_getTransactionCount
[2021/01/05 16:00:02.359] - eth_getBalance
[2021/01/05 16:00:02.371] - eth_getTransactionCount
[2021/01/05 16:00:02.384] - eth_getBalance
[2021/01/05 16:00:02.400] - eth_getTransactionCount
[2021/01/05 16:00:02.412] - eth_getBalance
[2021/01/05 16:00:02.426] - eth_getTransactionCount
[2021/01/05 16:00:02.437] - eth_getBalance
[2021/01/05 16:00:02.446] - eth_getTransactionCount
[2021/01/05 16:00:02.457] - eth_getBalance
[2021/01/05 16:00:02.470] - eth_getTransactionCount
[2021/01/05 16:00:02.481] - eth_getBalance
[2021/01/05 16:00:02.492] - eth_getTransactionCount
[2021/01/05 16:00:02.506] - eth_getBalance
[2021/01/05 16:00:02.518] - eth_getTransactionCount
[2021/01/05 16:00:02.527] - eth_getBalance
[2021/01/05 16:00:02.542] - eth_getTransactionCount
[2021/01/05 16:00:02.553] - eth_getBalance
[2021/01/05 16:00:02.565] - eth_getTransactionCount
[2021/01/05 16:00:02.577] - eth_getBalance
[2021/01/05 16:00:02.591] - eth_getTransactionCount
[2021/01/05 16:00:02.604] - eth_getBalance
[2021/01/05 16:00:02.615] - eth_getTransactionCount
[2021/01/05 16:00:02.633] - eth_getBalance
[2021/01/05 16:00:02.645] - eth_getTransactionCount
[2021/01/05 16:00:02.656] - eth_getBalance
[2021/01/05 16:00:02.671] - eth_getTransactionCount
[2021/01/05 16:00:03.169] - eth_getBalance
[2021/01/05 16:00:03.182] - eth_getTransactionCount
[2021/01/05 16:00:03.196] - eth_getBalance
[2021/01/05 16:00:03.210] - eth_getTransactionCount
[2021/01/05 16:00:03.231] - eth_getBalance
[2021/01/05 16:00:03.250] - eth_getTransactionCount
[2021/01/05 16:00:03.262] - eth_getBalance
[2021/01/05 16:00:03.277] - eth_getTransactionCount
[2021/01/05 16:00:03.296] - eth_getBalance
[2021/01/05 16:00:03.309] - eth_getBalance
[2021/01/05 16:00:03.325] - eth_getTransactionCount
[2021/01/05 16:00:03.339] - eth_getBalance
[2021/01/05 16:00:03.406] - eth_getTransactionCount
[2021/01/05 16:00:03.439] - eth_getBalance
[2021/01/05 16:00:03.456] - eth_getTransactionCount
[2021/01/05 16:00:03.469] - eth_getBalance
[2021/01/05 16:00:03.485] - eth_getTransactionCount
[2021/01/05 16:00:04.472] - eth_getBalance
[2021/01/05 16:00:04.519] - eth_getTransactionCount
[2021/01/05 16:00:04.521] - eth_getBalance
[2021/01/05 16:00:04.529] - eth_getTransactionCount
[2021/01/05 16:00:04.545] - eth_getBalance
[2021/01/05 16:00:04.560] - eth_getTransactionCount
[2021/01/05 16:00:04.576] - eth_getBalance
[2021/01/05 16:00:04.594] - eth_getTransactionCount
[2021/01/05 16:00:04.609] - eth_getBalance
[2021/01/05 16:00:04.624] - eth_getTransactionCount
[2021/01/05 16:00:04.636] - eth_getBalance
[2021/01/05 16:00:04.648] - eth_getTransactionCount
[2021/01/05 16:00:04.655] - eth_getBalance
[2021/01/05 16:00:04.664] - eth_getTransactionCount
[2021/01/05 16:00:04.674] - eth_getBalance
[2021/01/05 16:00:04.683] - eth_getTransactionCount
[2021/01/05 16:00:04.690] - eth_getBalance
[2021/01/05 16:00:04.703] - eth_getTransactionCount
[2021/01/05 16:00:04.715] - eth_getBalance
[2021/01/05 16:00:04.727] - eth_getTransactionCount
[2021/01/05 16:00:04.734] - eth_getBalance
[2021/01/05 16:00:04.743] - eth_getTransactionCount
[2021/01/05 16:00:04.753] - eth_getBalance
[2021/01/05 16:00:04.765] - eth_getTransactionCount
[2021/01/05 16:00:04.773] - eth_getBalance
[2021/01/05 16:00:04.780] - eth_getTransactionCount
[2021/01/05 16:00:04.787] - eth_getBalance
[2021/01/05 16:00:04.795] - eth_getTransactionCount
[2021/01/05 16:00:04.805] - eth_getBalance
[2021/01/05 16:00:04.813] - eth_getTransactionCount
[2021/01/05 16:00:04.819] - eth_getBalance
[2021/01/05 16:00:04.827] - eth_getTransactionCount
[2021/01/05 16:00:04.840] - eth_getBalance
[2021/01/05 16:00:04.864] - eth_getTransactionCount
[2021/01/05 16:00:04.874] - eth_getBalance
[2021/01/05 16:00:04.883] - eth_getTransactionCount
[2021/01/05 16:00:20.236] - eth_getBlockByNumber
[2021/01/05 16:00:20.261] - eth_getBlockByNumber
[2021/01/05 16:00:20.289] - eth_getBlockByNumber
[2021/01/05 16:00:20.338] - eth_getBlockByNumber
[2021/01/05 16:00:20.366] - eth_getBlockByNumber
[2021/01/05 16:00:20.390] - eth_getBlockByNumber
[2021/01/05 16:00:20.414] - eth_getBlockByNumber
[2021/01/05 16:00:20.440] - eth_getBlockByNumber
[2021/01/05 16:00:20.467] - eth_getLogs
[2021/01/05 16:00:20.702] - eth_getBlockTransactionCountByHash
[2021/01/05 16:00:20.734] - eth_getBlockTransactionCountByHash
[2021/01/05 16:00:20.759] - eth_getBlockTransactionCountByHash
[2021/01/05 16:00:20.786] - eth_getBlockTransactionCountByHash
[2021/01/05 16:00:20.807] - eth_getBlockTransactionCountByHash
[2021/01/05 16:00:20.842] - eth_getBlockTransactionCountByHash
[2021/01/05 16:00:20.865] - eth_getBlockTransactionCountByHash
[2021/01/05 16:00:20.896] - eth_getBlockTransactionCountByHash
[2021/01/05 16:00:28.144] - eth_getBalance
[2021/01/05 16:00:28.243] - net_version
[2021/01/05 16:00:28.265] - eth_getCode
[2021/01/05 16:00:28.271] - eth_getBlockByNumber
[2021/01/05 16:00:28.279] - eth_getBalance
[2021/01/05 16:00:28.288] - eth_getTransactionCount
[2021/01/05 16:00:28.295] - eth_getStorageAt
[2021/01/05 16:00:28.306] - eth_getStorageAt
[2021/01/05 16:00:28.316] - eth_getStorageAt
[2021/01/05 16:00:28.327] - eth_getStorageAt
[2021/01/05 16:00:28.339] - eth_getStorageAt
[2021/01/05 16:00:28.354] - eth_getStorageAt
[2021/01/05 16:00:28.359] - eth_getStorageAt
[2021/01/05 16:00:28.363] - eth_getStorageAt
[2021/01/05 16:01:34.689] - eth_blockNumber
[2021/01/05 16:01:34.716] - eth_blockNumber
[2021/01/05 16:01:34.732] - net_version
[2021/01/05 16:01:34.734] - net_version
[2021/01/05 16:01:34.739] - eth_accounts
[2021/01/05 16:01:34.740] - eth_accounts
[2021/01/05 16:01:35.003] - eth_accounts
[2021/01/05 16:01:35.920] - eth_getBlockByNumber
[2021/01/05 16:01:35.931] - eth_accounts
[2021/01/05 16:01:35.954] - eth_getBlockByNumber
[2021/01/05 16:01:35.965] - eth_getBlockByNumber
[2021/01/05 16:01:35.975] - eth_getBlockByNumber
[2021/01/05 16:01:35.996] - eth_estimateGas
[2021/01/05 16:01:38.506] - eth_getBlockByNumber
[2021/01/05 16:01:38.507] - eth_blockNumber
[2021/01/05 16:01:38.513] - eth_sendTransaction
[2021/01/05 16:01:38.616] - 
[2021/01/05 16:01:38.617] -   Transaction: 0xdbc3d5cd0e032364c53f5f385cc8556e81ae3b6227f07f63b4c94602c2670c13
[2021/01/05 16:01:38.618] -   Contract created: 0x8fe41e3407a25c90f2d42c900352b5c8ccad226f
[2021/01/05 16:01:38.619] -   Gas usage: 191931
[2021/01/05 16:01:38.620] -   Block Number: 9
[2021/01/05 16:01:38.621] -   Block Time: Tue Jan 05 2021 16:01:38 GMT+0800 (Malaysia Time)
[2021/01/05 16:01:38.622] - 
[2021/01/05 16:01:38.626] - eth_getBlockByNumber
[2021/01/05 16:01:38.628] - eth_getTransactionReceipt
[2021/01/05 16:01:38.647] - eth_getCode
[2021/01/05 16:01:38.663] - eth_getBlockByNumber
[2021/01/05 16:01:38.679] - eth_getBlockByNumber
[2021/01/05 16:01:38.689] - eth_getBalance
[2021/01/05 16:01:38.699] - eth_sendTransaction
[2021/01/05 16:01:38.716] - eth_getTransactionCount
[2021/01/05 16:01:38.739] - eth_getBalance
[2021/01/05 16:01:38.765] - eth_getTransactionCount
[2021/01/05 16:01:38.789] - eth_getBalance
[2021/01/05 16:01:38.813] - 
[2021/01/05 16:01:38.814] -   Transaction: 0x7cb1accdff22ddd6217e9a1a76960c613c2346ba0836942accdf1e6ca7c8d318
[2021/01/05 16:01:38.815] -   Gas usage: 42338
[2021/01/05 16:01:38.817] -   Block Number: 10
[2021/01/05 16:01:38.818] -   Block Time: Tue Jan 05 2021 16:01:38 GMT+0800 (Malaysia Time)
[2021/01/05 16:01:38.819] - 
[2021/01/05 16:01:38.827] - eth_getBlockByNumber
[2021/01/05 16:01:38.829] - eth_getTransactionCount
[2021/01/05 16:01:38.831] - eth_getTransactionReceipt
[2021/01/05 16:01:38.843] - eth_getBalance
[2021/01/05 16:01:38.868] - eth_getTransactionCount
[2021/01/05 16:01:38.885] - eth_getBalance
[2021/01/05 16:01:38.896] - eth_getBlockByNumber
[2021/01/05 16:01:38.907] - eth_getTransactionCount
[2021/01/05 16:01:38.912] - eth_accounts
[2021/01/05 16:01:38.926] - eth_getBalance
[2021/01/05 16:01:38.935] - eth_getBlockByNumber
[2021/01/05 16:01:38.944] - eth_getBlockByNumber
[2021/01/05 16:01:38.977] - eth_getTransactionCount
[2021/01/05 16:01:38.978] - eth_getBalance
[2021/01/05 16:01:38.980] - eth_getBlockByNumber
[2021/01/05 16:01:38.990] - eth_getTransactionCount
[2021/01/05 16:01:39.009] - eth_estimateGas
[2021/01/05 16:01:39.058] - eth_getBalance
[2021/01/05 16:01:39.099] - eth_getTransactionCount
[2021/01/05 16:01:39.143] - eth_getBalance
[2021/01/05 16:01:39.168] - eth_getTransactionCount
[2021/01/05 16:01:39.186] - eth_getBalance
[2021/01/05 16:01:39.219] - eth_getTransactionCount
[2021/01/05 16:01:39.237] - eth_getBlockByNumber
[2021/01/05 16:01:39.239] - eth_blockNumber
[2021/01/05 16:01:39.299] - eth_sendTransaction
[2021/01/05 16:01:39.437] - 
[2021/01/05 16:01:39.438] -   Transaction: 0x77077a6d8c9931f45c1c9590db84ad5064e1e5dec019d6fe0492ce7d5424f327
[2021/01/05 16:01:39.438] -   Contract created: 0xbbe43f9006a02f64d054402de458bee8996dc61d
[2021/01/05 16:01:39.439] -   Gas usage: 706462
[2021/01/05 16:01:39.439] -   Block Number: 11
[2021/01/05 16:01:39.440] -   Block Time: Tue Jan 05 2021 16:01:39 GMT+0800 (Malaysia Time)
[2021/01/05 16:01:39.441] - 
[2021/01/05 16:01:39.463] - eth_getBlockByNumber
[2021/01/05 16:01:39.469] - eth_getTransactionReceipt
[2021/01/05 16:01:39.483] - eth_getCode
[2021/01/05 16:01:39.517] - eth_getBlockByNumber
[2021/01/05 16:01:39.536] - eth_getBlockByNumber
[2021/01/05 16:01:39.554] - eth_sendTransaction
[2021/01/05 16:01:39.656] - 
[2021/01/05 16:01:39.657] -   Transaction: 0xb0982d901d36a67ed92e29e8399f355336de2a8217337067bbfc28ccf226853b
[2021/01/05 16:01:39.658] -   Gas usage: 27338
[2021/01/05 16:01:39.659] -   Block Number: 12
[2021/01/05 16:01:39.660] -   Block Time: Tue Jan 05 2021 16:01:39 GMT+0800 (Malaysia Time)
[2021/01/05 16:01:39.662] - 
[2021/01/05 16:01:39.665] - eth_getBlockByNumber
[2021/01/05 16:01:39.672] - eth_getBlockByNumber
[2021/01/05 16:01:39.674] - eth_getTransactionReceipt
[2021/01/05 16:01:39.675] - eth_getBalance
[2021/01/05 16:01:39.687] - eth_getTransactionCount
[2021/01/05 16:01:39.696] - eth_getBlockByNumber
[2021/01/05 16:01:39.711] - eth_getBalance
[2021/01/05 16:01:39.742] - eth_getTransactionCount
[2021/01/05 16:01:39.743] - evm_snapshot
[2021/01/05 16:01:39.748] - Saved snapshot #1
[2021/01/05 16:01:39.753] - eth_getBalance
[2021/01/05 16:01:39.766] - eth_getTransactionCount
[2021/01/05 16:01:39.780] - eth_getBalance
[2021/01/05 16:01:39.790] - eth_getTransactionCount
[2021/01/05 16:01:39.801] - eth_getBalance
[2021/01/05 16:01:39.807] - eth_blockNumber
[2021/01/05 16:01:39.810] - eth_getTransactionCount
[2021/01/05 16:01:39.818] - eth_getBlockByNumber
[2021/01/05 16:01:39.818] - eth_getBalance
[2021/01/05 16:01:39.843] - eth_getTransactionCount
[2021/01/05 16:01:39.845] - eth_getBlockByNumber
[2021/01/05 16:01:39.846] - eth_blockNumber
[2021/01/05 16:01:39.853] - eth_getBalance
[2021/01/05 16:01:39.860] - eth_sendTransaction
[2021/01/05 16:01:39.873] - eth_getTransactionCount
[2021/01/05 16:01:39.883] - eth_getBlockByNumber
[2021/01/05 16:01:39.884] - eth_getBlockByNumber
[2021/01/05 16:01:39.887] - eth_getBalance
[2021/01/05 16:01:39.916] - eth_getTransactionCount
[2021/01/05 16:01:39.938] - eth_getBalance
[2021/01/05 16:01:39.964] - eth_getTransactionCount
[2021/01/05 16:01:39.982] - 
[2021/01/05 16:01:39.983] -   Transaction: 0x4ae418506ec1ccddba846ae38aa554709a318e81bda6dd906a62bc522477d958
[2021/01/05 16:01:39.983] -   Gas usage: 86187
[2021/01/05 16:01:39.984] -   Block Number: 13
[2021/01/05 16:01:39.985] -   Block Time: Tue Jan 05 2021 16:01:39 GMT+0800 (Malaysia Time)
[2021/01/05 16:01:39.986] - 
[2021/01/05 16:01:39.993] - eth_getBlockByNumber
[2021/01/05 16:01:39.995] - eth_getBalance
[2021/01/05 16:01:39.997] - eth_getTransactionReceipt
[2021/01/05 16:01:40.016] - eth_getTransactionCount
[2021/01/05 16:01:40.020] - eth_getBalance
[2021/01/05 16:01:40.023] - eth_getBlockByNumber
[2021/01/05 16:01:40.025] - eth_blockNumber
[2021/01/05 16:01:40.027] - eth_getBlockByNumber
[2021/01/05 16:01:40.054] - eth_getTransactionCount
[2021/01/05 16:01:40.064] - eth_getBalance
[2021/01/05 16:01:40.086] - eth_getTransactionCount
[2021/01/05 16:01:40.111] - eth_getBalance
[2021/01/05 16:01:40.132] - eth_getBlockByNumber
[2021/01/05 16:01:40.133] - eth_sendTransaction
[2021/01/05 16:01:40.167] - eth_getTransactionCount
[2021/01/05 16:01:40.186] - eth_getBalance
[2021/01/05 16:01:40.219] - eth_getBlockByNumber
[2021/01/05 16:01:40.223] - eth_getTransactionCount
[2021/01/05 16:01:40.233] - eth_getBalance
[2021/01/05 16:01:40.261] - eth_getTransactionCount
[2021/01/05 16:01:40.263] - eth_getBalance
[2021/01/05 16:01:40.278] - eth_getTransactionCount
[2021/01/05 16:01:40.297] - eth_getBalance
[2021/01/05 16:01:40.317] - 
[2021/01/05 16:01:40.319] -   Transaction: 0xca62849c4b37111917c582f55069a9b946118411d86e5874e570a44b5f952416
[2021/01/05 16:01:40.320] -   Gas usage: 71187
[2021/01/05 16:01:40.321] -   Block Number: 14
[2021/01/05 16:01:40.322] -   Block Time: Tue Jan 05 2021 16:01:40 GMT+0800 (Malaysia Time)
[2021/01/05 16:01:40.323] - 
[2021/01/05 16:01:40.330] - eth_getBlockByNumber
[2021/01/05 16:01:40.332] - eth_getTransactionCount
[2021/01/05 16:01:40.334] - eth_getTransactionReceipt
[2021/01/05 16:01:40.341] - eth_getBalance
[2021/01/05 16:01:40.345] - eth_call
[2021/01/05 16:01:40.371] - eth_getTransactionCount
[2021/01/05 16:01:40.378] - eth_getBalance
[2021/01/05 16:01:40.397] - eth_getTransactionCount
[2021/01/05 16:01:40.414] - eth_getBalance
[2021/01/05 16:01:40.434] - eth_getTransactionCount
[2021/01/05 16:01:40.505] - eth_getBlockByNumber
[2021/01/05 16:01:40.557] - eth_blockNumber
[2021/01/05 16:01:40.573] - eth_getBlockByNumber
[2021/01/05 16:01:40.574] - eth_getBlockByNumber
[2021/01/05 16:01:40.590] - eth_getBlockByNumber
[2021/01/05 16:01:40.601] - eth_call
[2021/01/05 16:01:40.654] - eth_getBlockByNumber
[2021/01/05 16:01:40.678] - eth_getBlockByNumber
[2021/01/05 16:01:40.679] - eth_blockNumber
[2021/01/05 16:01:40.700] - eth_getBlockByNumber
[2021/01/05 16:01:40.701] - eth_getBlockByNumber
[2021/01/05 16:01:40.715] - eth_getBlockByNumber
[2021/01/05 16:01:40.717] - eth_getBlockByNumber
[2021/01/05 16:01:40.727] - eth_call
[2021/01/05 16:01:40.847] - evm_revert
[2021/01/05 16:01:40.857] - Reverting to snapshot #1
[2021/01/05 16:01:40.883] - eth_getBlockByNumber
[2021/01/05 16:01:40.893] - evm_snapshot
[2021/01/05 16:01:40.894] - eth_getBlockByNumber
[2021/01/05 16:01:40.895] - Saved snapshot #1
[2021/01/05 16:01:40.913] - eth_blockNumber
[2021/01/05 16:01:40.936] - eth_getBlockByNumber
[2021/01/05 16:01:40.957] - eth_getBlockByNumber
[2021/01/05 16:01:40.959] - eth_blockNumber
[2021/01/05 16:01:40.989] - eth_sendTransaction
[2021/01/05 16:01:40.992] - eth_getBlockByNumber
[2021/01/05 16:01:41.099] - eth_getBlockByNumber
[2021/01/05 16:01:41.151] - 
[2021/01/05 16:01:41.152] -   Transaction: 0x212fd4f6cf4b582d9874fecdf91c12387719da52f3fd931cd2615d61991118c6
[2021/01/05 16:01:41.153] -   Gas usage: 168903
[2021/01/05 16:01:41.153] -   Block Number: 13
[2021/01/05 16:01:41.154] -   Block Time: Tue Jan 05 2021 16:01:41 GMT+0800 (Malaysia Time)
[2021/01/05 16:01:41.155] - 
[2021/01/05 16:01:41.160] - eth_getTransactionReceipt
[2021/01/05 16:01:41.210] - eth_getBlockByNumber
[2021/01/05 16:01:41.211] - eth_getBlockByNumber
[2021/01/05 16:01:41.213] - eth_blockNumber
[2021/01/05 16:01:41.216] - eth_sendTransaction
[2021/01/05 16:01:41.240] - eth_getBlockByNumber
[2021/01/05 16:01:41.375] - 
[2021/01/05 16:01:41.377] -   Transaction: 0x1853e472fa62bbadccb1e35f2206b497712b70a0574223f2818dda851a6dda29
[2021/01/05 16:01:41.378] -   Gas usage: 123903
[2021/01/05 16:01:41.379] -   Block Number: 14
[2021/01/05 16:01:41.380] -   Block Time: Tue Jan 05 2021 16:01:41 GMT+0800 (Malaysia Time)
[2021/01/05 16:01:41.381] - 
[2021/01/05 16:01:41.387] - eth_getTransactionReceipt
[2021/01/05 16:01:41.392] - eth_getBlockByNumber
[2021/01/05 16:01:41.400] - eth_call
[2021/01/05 16:01:41.464] - eth_getBlockByNumber
[2021/01/05 16:01:41.471] - eth_getBalance
[2021/01/05 16:01:41.488] - eth_getTransactionCount
[2021/01/05 16:01:41.492] - eth_getBlockByNumber
[2021/01/05 16:01:41.507] - eth_getBalance
[2021/01/05 16:01:41.527] - eth_getTransactionCount
[2021/01/05 16:01:41.540] - eth_getBlockByNumber
[2021/01/05 16:01:41.542] - eth_getBlockByNumber
[2021/01/05 16:01:41.545] - eth_getBalance
[2021/01/05 16:01:41.547] - eth_blockNumber
[2021/01/05 16:01:41.576] - eth_getTransactionCount
[2021/01/05 16:01:41.588] - eth_getBlockByNumber
[2021/01/05 16:01:41.601] - eth_getBlockByNumber
[2021/01/05 16:01:41.602] - eth_getBalance
[2021/01/05 16:01:41.610] - eth_call
[2021/01/05 16:01:41.631] - eth_getTransactionCount
[2021/01/05 16:01:41.639] - eth_getBalance
[2021/01/05 16:01:41.665] - eth_getTransactionCount
[2021/01/05 16:01:41.667] - eth_getBalance
[2021/01/05 16:01:41.669] - eth_blockNumber
[2021/01/05 16:01:41.670] - eth_getBlockByNumber
[2021/01/05 16:01:41.695] - eth_getBlockByNumber
[2021/01/05 16:01:41.697] - eth_getBlockByNumber
[2021/01/05 16:01:41.699] - eth_getTransactionCount
[2021/01/05 16:01:41.705] - eth_getBlockByNumber
[2021/01/05 16:01:41.706] - eth_getBlockByNumber
[2021/01/05 16:01:41.725] - eth_getBlockByNumber
[2021/01/05 16:01:41.728] - eth_call
[2021/01/05 16:01:41.746] - eth_getBalance
[2021/01/05 16:01:41.757] - eth_getTransactionCount
[2021/01/05 16:01:41.758] - evm_revert
[2021/01/05 16:01:41.765] - Reverting to snapshot #1
[2021/01/05 16:01:41.769] - eth_getBalance
[2021/01/05 16:01:41.785] - eth_getTransactionCount
[2021/01/05 16:01:41.797] - evm_snapshot
[2021/01/05 16:01:41.801] - eth_getBalance
[2021/01/05 16:01:41.802] - Saved snapshot #1
[2021/01/05 16:01:41.811] - eth_getTransactionCount
[2021/01/05 16:01:41.825] - eth_getBalance
[2021/01/05 16:01:41.827] - eth_blockNumber
[2021/01/05 16:01:41.837] - eth_getTransactionCount
[2021/01/05 16:01:41.840] - eth_getBlockByNumber
[2021/01/05 16:01:41.847] - eth_getBalance
[2021/01/05 16:01:41.849] - eth_getBlockByNumber
[2021/01/05 16:01:41.851] - eth_blockNumber
[2021/01/05 16:01:41.854] - eth_sendTransaction
[2021/01/05 16:01:41.862] - eth_getTransactionCount
[2021/01/05 16:01:41.867] - eth_getBlockByNumber
[2021/01/05 16:01:41.884] - eth_getBalance
[2021/01/05 16:01:41.885] - eth_getBlockByNumber
[2021/01/05 16:01:41.891] - eth_getTransactionCount
[2021/01/05 16:01:41.905] - eth_getBalance
[2021/01/05 16:01:41.917] - 
[2021/01/05 16:01:41.918] -   Transaction: 0x4ae418506ec1ccddba846ae38aa554709a318e81bda6dd906a62bc522477d958
[2021/01/05 16:01:41.918] -   Gas usage: 86187
[2021/01/05 16:01:41.919] -   Block Number: 13
[2021/01/05 16:01:41.919] -   Block Time: Tue Jan 05 2021 16:01:41 GMT+0800 (Malaysia Time)
[2021/01/05 16:01:41.920] - 
[2021/01/05 16:01:41.921] - eth_getTransactionCount
[2021/01/05 16:01:41.923] - eth_getTransactionReceipt
[2021/01/05 16:01:41.931] - eth_getBalance
[2021/01/05 16:01:41.933] - eth_getBlockByNumber
[2021/01/05 16:01:41.934] - eth_getBlockByNumber
[2021/01/05 16:01:41.936] - eth_blockNumber
[2021/01/05 16:01:41.946] - eth_getTransactionCount
[2021/01/05 16:01:41.951] - eth_sendTransaction
[2021/01/05 16:01:41.968] - eth_getBalance
[2021/01/05 16:01:41.969] - eth_getBlockByNumber
[2021/01/05 16:01:41.970] - eth_getTransactionCount
[2021/01/05 16:01:41.992] - eth_getBalance
[2021/01/05 16:01:41.999] - eth_getTransactionCount
[2021/01/05 16:01:42.010] - eth_getBalance
[2021/01/05 16:01:42.021] - 
[2021/01/05 16:01:42.022] -   Transaction: 0xca62849c4b37111917c582f55069a9b946118411d86e5874e570a44b5f952416
[2021/01/05 16:01:42.022] -   Gas usage: 71187
[2021/01/05 16:01:42.023] -   Block Number: 14
[2021/01/05 16:01:42.023] -   Block Time: Tue Jan 05 2021 16:01:41 GMT+0800 (Malaysia Time)
[2021/01/05 16:01:42.024] - 
[2021/01/05 16:01:42.039] - eth_getTransactionCount
[2021/01/05 16:01:42.040] - eth_getBalance
[2021/01/05 16:01:42.041] - eth_getTransactionReceipt
[2021/01/05 16:01:42.048] - eth_getTransactionCount
[2021/01/05 16:01:42.052] - eth_getBlockByNumber
[2021/01/05 16:01:42.054] - eth_blockNumber
[2021/01/05 16:01:42.096] - eth_getBlockByNumber
[2021/01/05 16:01:42.107] - eth_getBalance
[2021/01/05 16:01:42.114] - eth_sendTransaction
[2021/01/05 16:01:42.116] - eth_getBlockByNumber
[2021/01/05 16:01:42.124] - eth_getBlockByNumber
[2021/01/05 16:01:42.139] - eth_getTransactionCount
[2021/01/05 16:01:42.168] - eth_getBalance
[2021/01/05 16:01:42.200] - eth_getTransactionCount
[2021/01/05 16:01:42.216] - eth_getBlockByNumber
[2021/01/05 16:01:42.287] - 
[2021/01/05 16:01:42.288] -   Transaction: 0x212fd4f6cf4b582d9874fecdf91c12387719da52f3fd931cd2615d61991118c6
[2021/01/05 16:01:42.289] -   Gas usage: 153903
[2021/01/05 16:01:42.289] -   Block Number: 15
[2021/01/05 16:01:42.290] -   Block Time: Tue Jan 05 2021 16:01:42 GMT+0800 (Malaysia Time)
[2021/01/05 16:01:42.290] - 
[2021/01/05 16:01:42.297] - eth_getBlockByNumber
[2021/01/05 16:01:42.299] - eth_getTransactionReceipt
[2021/01/05 16:01:42.314] - eth_getBlockByNumber
[2021/01/05 16:01:42.315] - eth_blockNumber
[2021/01/05 16:01:42.341] - eth_getBlockByNumber
[2021/01/05 16:01:42.361] - eth_sendTransaction
[2021/01/05 16:01:42.362] - eth_getBlockByNumber
[2021/01/05 16:01:42.399] - eth_getBlockByNumber
[2021/01/05 16:01:42.434] - eth_getBlockByNumber
[2021/01/05 16:01:42.499] - eth_getBlockByNumber
[2021/01/05 16:01:42.569] - 
[2021/01/05 16:01:42.570] -   Transaction: 0x1853e472fa62bbadccb1e35f2206b497712b70a0574223f2818dda851a6dda29
[2021/01/05 16:01:42.571] -   Gas usage: 123903
[2021/01/05 16:01:42.573] -   Block Number: 16
[2021/01/05 16:01:42.574] -   Block Time: Tue Jan 05 2021 16:01:42 GMT+0800 (Malaysia Time)
[2021/01/05 16:01:42.575] - 
[2021/01/05 16:01:42.589] - eth_getBlockByNumber
[2021/01/05 16:01:42.591] - eth_getTransactionReceipt
[2021/01/05 16:01:42.594] - eth_getBlockByNumber
[2021/01/05 16:01:42.596] - eth_blockNumber
[2021/01/05 16:01:42.599] - eth_getBlockByNumber
[2021/01/05 16:01:42.603] - eth_getBlockByNumber
[2021/01/05 16:01:42.610] - eth_getBlockByNumber
[2021/01/05 16:01:42.627] - eth_sendTransaction
[2021/01/05 16:01:42.630] - eth_getBlockByNumber
[2021/01/05 16:01:42.658] - eth_getBlockByNumber
[2021/01/05 16:01:42.708] - eth_getBlockByNumber
[2021/01/05 16:01:42.766] - 
[2021/01/05 16:01:42.767] -   Transaction: 0x258365ceb0029a14dc7fb87897d7209c7b417a95d3f6a26dcb21276587efba51
[2021/01/05 16:01:42.768] -   Gas usage: 123903
[2021/01/05 16:01:42.769] -   Block Number: 17
[2021/01/05 16:01:42.770] -   Block Time: Tue Jan 05 2021 16:01:42 GMT+0800 (Malaysia Time)
[2021/01/05 16:01:42.770] - 
[2021/01/05 16:01:42.781] - eth_getBlockByNumber
[2021/01/05 16:01:42.784] - eth_getTransactionReceipt
[2021/01/05 16:01:42.788] - eth_getBlockByNumber
[2021/01/05 16:01:42.793] - eth_getBlockByNumber
[2021/01/05 16:01:42.804] - eth_getBlockByNumber
[2021/01/05 16:01:42.820] - eth_call
[2021/01/05 16:01:42.886] - eth_getBlockByNumber
[2021/01/05 16:01:42.923] - eth_getBlockByNumber
[2021/01/05 16:01:42.926] - eth_blockNumber
[2021/01/05 16:01:42.952] - eth_getBlockByNumber
[2021/01/05 16:01:42.954] - eth_getBlockByNumber
[2021/01/05 16:01:42.965] - eth_getBlockByNumber
[2021/01/05 16:01:42.967] - eth_getBlockByNumber
[2021/01/05 16:01:42.978] - eth_call
[2021/01/05 16:01:43.046] - eth_blockNumber
[2021/01/05 16:01:43.068] - eth_getBalance
[2021/01/05 16:01:43.070] - eth_getBlockByNumber
[2021/01/05 16:01:43.088] - eth_getBlockByNumber
[2021/01/05 16:01:43.090] - eth_getBlockByNumber
[2021/01/05 16:01:43.094] - eth_getTransactionCount
[2021/01/05 16:01:43.099] - eth_getBlockByNumber
[2021/01/05 16:01:43.102] - eth_call
[2021/01/05 16:01:43.108] - eth_getBlockByNumber
[2021/01/05 16:01:43.115] - eth_getBlockByNumber
[2021/01/05 16:01:43.118] - eth_getBalance
[2021/01/05 16:01:43.139] - eth_getTransactionCount
[2021/01/05 16:01:43.165] - eth_getBalance
[2021/01/05 16:01:43.192] - eth_getTransactionCount
[2021/01/05 16:01:43.212] - eth_getBalance
[2021/01/05 16:01:43.226] - eth_getTransactionCount
[2021/01/05 16:01:43.244] - eth_getBalance
[2021/01/05 16:01:43.259] - eth_getTransactionCount
[2021/01/05 16:01:43.277] - eth_getBalance
[2021/01/05 16:01:43.300] - eth_getTransactionCount
[2021/01/05 16:01:43.326] - eth_getBalance
[2021/01/05 16:01:43.341] - eth_getTransactionCount
[2021/01/05 16:01:43.362] - eth_getBalance
[2021/01/05 16:01:43.389] - eth_getTransactionCount
[2021/01/05 16:01:43.419] - eth_getBalance
[2021/01/05 16:01:43.441] - eth_getTransactionCount
[2021/01/05 16:01:43.458] - eth_getBalance
[2021/01/05 16:01:43.487] - eth_getTransactionCount
[2021/01/05 16:01:45.106] - eth_getBalance
[2021/01/05 16:01:45.121] - eth_getTransactionCount
[2021/01/05 16:01:45.144] - eth_getBalance
[2021/01/05 16:01:45.157] - eth_getTransactionCount
[2021/01/05 16:01:45.171] - eth_getBalance
[2021/01/05 16:01:45.196] - eth_getTransactionCount
[2021/01/05 16:01:45.241] - eth_getBalance
[2021/01/05 16:01:45.259] - eth_getTransactionCount
[2021/01/05 16:01:45.277] - eth_getBalance
[2021/01/05 16:01:45.293] - eth_getTransactionCount
[2021/01/05 16:01:45.310] - eth_getBalance
[2021/01/05 16:01:45.328] - eth_getTransactionCount
[2021/01/05 16:01:45.347] - eth_getBalance
[2021/01/05 16:01:45.361] - eth_getTransactionCount
[2021/01/05 16:01:45.378] - eth_getBalance
[2021/01/05 16:01:45.395] - eth_getTransactionCount
[2021/01/05 16:01:45.409] - eth_getBalance
[2021/01/05 16:01:45.428] - eth_getTransactionCount
[2021/01/05 16:01:45.443] - eth_getBalance
[2021/01/05 16:01:45.460] - eth_getTransactionCount
[2021/01/05 16:01:45.480] - eth_getBalance
[2021/01/05 16:01:45.496] - eth_getTransactionCount
[2021/01/05 16:01:45.512] - eth_getBalance
[2021/01/05 16:01:45.532] - eth_getTransactionCount
[2021/01/05 16:01:45.545] - eth_getBalance
[2021/01/05 16:01:45.560] - eth_getTransactionCount
[2021/01/05 16:01:45.582] - eth_getBalance
[2021/01/05 16:01:45.596] - eth_getTransactionCount
[2021/01/05 16:01:45.614] - eth_getBalance
[2021/01/05 16:01:45.633] - eth_getTransactionCount
[2021/01/05 16:01:45.647] - eth_getBalance
[2021/01/05 16:01:45.663] - eth_getTransactionCount
[2021/01/05 16:01:45.682] - eth_getBalance
[2021/01/05 16:01:45.696] - eth_getTransactionCount
[2021/01/05 16:01:45.712] - eth_getBalance
[2021/01/05 16:01:45.735] - eth_getTransactionCount
[2021/01/05 16:01:45.777] - eth_getBalance
[2021/01/05 16:01:45.793] - eth_getTransactionCount
[2021/01/05 16:01:45.811] - eth_getBalance
[2021/01/05 16:01:45.828] - eth_getTransactionCount
[2021/01/05 16:01:45.845] - eth_getBalance
[2021/01/05 16:01:45.862] - eth_getTransactionCount
[2021/01/05 16:01:45.881] - eth_getBalance
[2021/01/05 16:01:45.897] - eth_getTransactionCount
[2021/01/05 16:01:45.915] - eth_getBalance
[2021/01/05 16:01:45.931] - eth_getTransactionCount
[2021/01/05 16:01:45.950] - eth_getBalance
[2021/01/05 16:01:45.964] - eth_getTransactionCount
[2021/01/05 16:01:45.981] - eth_getBalance
[2021/01/05 16:01:45.996] - eth_getTransactionCount
[2021/01/05 16:01:46.012] - eth_getBalance
[2021/01/05 16:01:46.026] - eth_getTransactionCount
[2021/01/05 16:01:46.044] - eth_getBalance
[2021/01/05 16:01:46.057] - eth_getTransactionCount
[2021/01/05 16:01:46.078] - eth_getBalance
[2021/01/05 16:01:46.091] - eth_getTransactionCount
[2021/01/05 16:01:46.108] - eth_getBalance
[2021/01/05 16:01:46.132] - eth_getTransactionCount
[2021/01/05 16:01:46.146] - eth_getBalance
[2021/01/05 16:01:46.162] - eth_getTransactionCount
[2021/01/05 16:01:46.475] - eth_getBalance
[2021/01/05 16:01:46.500] - eth_getTransactionCount
[2021/01/05 16:01:46.528] - eth_getBalance
[2021/01/05 16:01:46.556] - eth_getTransactionCount
[2021/01/05 16:01:46.571] - eth_getBalance
[2021/01/05 16:01:46.595] - eth_getTransactionCount
[2021/01/05 16:01:46.624] - eth_getBalance
[2021/01/05 16:01:46.647] - eth_getTransactionCount
[2021/01/05 16:01:46.690] - eth_getBalance
[2021/01/05 16:01:46.716] - eth_getTransactionCount
[2021/01/05 16:01:46.744] - eth_getBalance
[2021/01/05 16:01:46.770] - eth_getTransactionCount
[2021/01/05 16:01:46.798] - eth_getBalance
[2021/01/05 16:01:46.826] - eth_getTransactionCount
[2021/01/05 16:01:46.840] - eth_getBalance
[2021/01/05 16:01:46.854] - eth_getTransactionCount
[2021/01/05 16:01:46.871] - eth_getBalance
[2021/01/05 16:01:46.886] - eth_getTransactionCount
[2021/01/05 16:01:46.901] - eth_getBalance
[2021/01/05 16:01:46.919] - eth_getTransactionCount
[2021/01/05 16:01:46.934] - eth_getBalance
[2021/01/05 16:01:46.949] - eth_getTransactionCount
[2021/01/05 16:01:46.967] - eth_getBalance
[2021/01/05 16:01:46.980] - eth_getTransactionCount
[2021/01/05 16:01:46.994] - eth_getBalance
[2021/01/05 16:01:47.028] - eth_getTransactionCount
[2021/01/05 16:01:47.064] - eth_getBalance
[2021/01/05 16:01:47.076] - eth_getTransactionCount
[2021/01/05 16:01:47.093] - eth_getBalance
[2021/01/05 16:01:47.120] - eth_getTransactionCount
[2021/01/05 16:01:47.130] - eth_getBalance
[2021/01/05 16:01:47.148] - eth_getTransactionCount
[2021/01/05 16:01:47.162] - eth_getBalance
[2021/01/05 16:01:47.171] - eth_getTransactionCount
[2021/01/05 16:01:47.183] - eth_getBalance
[2021/01/05 16:01:47.194] - eth_getTransactionCount
[2021/01/05 16:01:47.206] - eth_getBalance
[2021/01/05 16:01:47.218] - eth_getTransactionCount
[2021/01/05 16:01:47.235] - eth_getBalance
[2021/01/05 16:01:47.248] - eth_getTransactionCount
[2021/01/05 16:01:47.431] - eth_getBalance
[2021/01/05 16:01:47.505] - eth_getTransactionCount
[2021/01/05 16:01:47.541] - eth_getBalance
[2021/01/05 16:01:47.555] - eth_getTransactionCount
[2021/01/05 16:01:47.570] - eth_getBalance
[2021/01/05 16:01:47.586] - eth_getTransactionCount
[2021/01/05 16:01:47.600] - eth_getBalance
[2021/01/05 16:01:47.615] - eth_getTransactionCount
[2021/01/05 16:01:47.631] - eth_getBalance
[2021/01/05 16:01:47.645] - eth_getTransactionCount
[2021/01/05 16:01:47.664] - eth_getBalance
[2021/01/05 16:01:47.672] - eth_getTransactionCount
[2021/01/05 16:01:47.690] - eth_getBalance
[2021/01/05 16:01:47.706] - eth_getTransactionCount
[2021/01/05 16:01:47.722] - eth_getBalance
[2021/01/05 16:01:47.739] - eth_getTransactionCount
[2021/01/05 16:01:47.753] - eth_getBalance
[2021/01/05 16:01:47.774] - eth_getTransactionCount
[2021/01/05 16:01:47.787] - eth_getTransactionCount
[2021/01/05 16:01:47.804] - eth_getBalance
[2021/01/05 16:01:47.818] - eth_getTransactionCount
[2021/01/05 16:01:47.833] - eth_getBalance
[2021/01/05 16:01:47.851] - eth_getTransactionCount
[2021/01/05 16:01:47.864] - eth_getBalance
[2021/01/05 16:01:47.879] - eth_getTransactionCount
[2021/01/05 16:01:47.896] - eth_getBalance
[2021/01/05 16:01:47.914] - eth_getTransactionCount
[2021/01/05 16:01:47.947] - eth_getBalance
[2021/01/05 16:01:47.985] - eth_getTransactionCount
[2021/01/05 16:01:48.004] - eth_getBalance
[2021/01/05 16:01:48.023] - eth_getTransactionCount
[2021/01/05 16:01:48.041] - eth_getBalance
[2021/01/05 16:01:48.058] - eth_getTransactionCount
[2021/01/05 16:01:48.076] - eth_getBalance
[2021/01/05 16:01:48.090] - eth_getTransactionCount
[2021/01/05 16:01:48.108] - eth_getBalance
[2021/01/05 16:01:48.124] - eth_getTransactionCount
[2021/01/05 16:01:48.138] - eth_getTransactionCount
[2021/01/05 16:01:48.304] - eth_getTransactionCount
[2021/01/05 16:01:48.322] - eth_getBalance
[2021/01/05 16:01:48.336] - eth_getTransactionCount
[2021/01/05 16:01:48.354] - eth_getBalance
[2021/01/05 16:01:48.376] - eth_getTransactionCount
[2021/01/05 16:01:48.389] - eth_getBalance
[2021/01/05 16:01:48.402] - eth_getTransactionCount
[2021/01/05 16:01:48.419] - eth_getBalance
[2021/01/05 16:01:48.433] - eth_getTransactionCount
[2021/01/05 16:01:48.448] - eth_getBalance
[2021/01/05 16:01:48.481] - eth_getTransactionCount
[2021/01/05 16:01:48.522] - eth_getBalance
[2021/01/05 16:01:48.547] - eth_getTransactionCount
[2021/01/05 16:01:48.562] - eth_getBalance
[2021/01/05 16:01:48.579] - eth_getTransactionCount
[2021/01/05 16:01:48.600] - eth_getBalance
[2021/01/05 16:01:48.619] - eth_getTransactionCount
[2021/01/05 16:01:48.634] - eth_getTransactionCount
[2021/01/05 16:01:48.651] - eth_getBalance
[2021/01/05 16:01:48.672] - eth_getTransactionCount
[2021/01/05 16:01:48.691] - eth_getBalance
[2021/01/05 16:01:48.706] - eth_getTransactionCount
[2021/01/05 16:01:48.724] - eth_getBalance
[2021/01/05 16:01:48.737] - eth_getTransactionCount
[2021/01/05 16:01:48.752] - eth_getBalance
[2021/01/05 16:01:48.768] - eth_getTransactionCount
[2021/01/05 16:01:48.788] - eth_getBalance
[2021/01/05 16:01:48.805] - eth_getTransactionCount
[2021/01/05 16:01:48.821] - eth_getBalance
[2021/01/05 16:01:48.840] - eth_getTransactionCount
[2021/01/05 16:01:48.853] - eth_getBalance
[2021/01/05 16:01:48.868] - eth_getTransactionCount
[2021/01/05 16:01:48.885] - eth_getBalance
[2021/01/05 16:01:48.899] - eth_getTransactionCount
[2021/01/05 16:01:49.348] - eth_getBalance
[2021/01/05 16:01:49.362] - eth_getTransactionCount
[2021/01/05 16:01:49.380] - eth_getBalance
[2021/01/05 16:01:49.394] - eth_getTransactionCount
[2021/01/05 16:01:49.408] - eth_getBalance
[2021/01/05 16:01:49.427] - eth_getTransactionCount
[2021/01/05 16:01:49.440] - eth_getBalance
[2021/01/05 16:01:49.454] - eth_getTransactionCount
[2021/01/05 16:01:49.472] - eth_getBalance
[2021/01/05 16:01:49.486] - eth_getTransactionCount
[2021/01/05 16:01:49.499] - eth_getBalance
[2021/01/05 16:01:49.529] - eth_getTransactionCount
[2021/01/05 16:01:49.567] - eth_getBalance
[2021/01/05 16:01:49.584] - eth_getTransactionCount
[2021/01/05 16:01:49.601] - eth_getBalance
[2021/01/05 16:01:49.617] - eth_getTransactionCount
[2021/01/05 16:01:49.633] - eth_getBalance
[2021/01/05 16:01:49.651] - eth_getTransactionCount
[2021/01/05 16:01:50.117] - eth_getBalance
[2021/01/05 16:01:50.143] - eth_getTransactionCount
[2021/01/05 16:01:50.184] - eth_getBalance
[2021/01/05 16:01:50.198] - eth_getTransactionCount
[2021/01/05 16:01:50.219] - eth_getBalance
[2021/01/05 16:01:50.239] - eth_getBalance
[2021/01/05 16:01:50.255] - eth_getTransactionCount
[2021/01/05 16:01:50.272] - eth_getBalance
[2021/01/05 16:01:50.289] - eth_getTransactionCount
[2021/01/05 16:01:50.306] - eth_getBalance
[2021/01/05 16:01:50.327] - eth_getTransactionCount
[2021/01/05 16:01:50.342] - eth_getBalance
[2021/01/05 16:01:50.360] - eth_getTransactionCount
[2021/01/05 16:01:50.377] - eth_getBalance
[2021/01/05 16:01:50.396] - eth_getTransactionCount
[2021/01/05 16:01:50.410] - eth_getBalance
[2021/01/05 16:01:50.429] - eth_getTransactionCount
[2021/01/05 16:01:51.016] - eth_getBalance
[2021/01/05 16:01:51.038] - eth_getTransactionCount
[2021/01/05 16:01:51.052] - eth_getBalance
[2021/01/05 16:01:51.074] - eth_getTransactionCount
[2021/01/05 16:01:51.090] - eth_getBalance
[2021/01/05 16:01:51.108] - eth_getTransactionCount
[2021/01/05 16:01:51.116] - eth_getBalance
[2021/01/05 16:01:51.126] - eth_getTransactionCount
[2021/01/05 16:01:51.144] - eth_getBalance
[2021/01/05 16:01:51.162] - eth_getTransactionCount
[2021/01/05 16:01:51.178] - eth_getBalance
[2021/01/05 16:01:51.195] - eth_getTransactionCount
[2021/01/05 16:01:51.217] - eth_getBalance
[2021/01/05 16:01:51.251] - eth_getTransactionCount
[2021/01/05 16:01:51.253] - eth_getBalance
[2021/01/05 16:01:51.272] - eth_getTransactionCount
[2021/01/05 16:01:51.296] - eth_getBalance
[2021/01/05 16:01:51.315] - eth_getTransactionCount
[2021/01/05 16:01:51.339] - eth_getBalance
[2021/01/05 16:01:51.359] - eth_getTransactionCount
[2021/01/05 16:01:51.381] - eth_getBalance
[2021/01/05 16:01:51.408] - eth_getTransactionCount
[2021/01/05 16:01:51.422] - eth_getBalance
[2021/01/05 16:01:51.438] - eth_getTransactionCount
[2021/01/05 16:01:51.458] - eth_getBalance
[2021/01/05 16:01:51.494] - eth_getTransactionCount
[2021/01/05 16:01:51.538] - eth_getBalance
[2021/01/05 16:01:51.556] - eth_getTransactionCount
[2021/01/05 16:01:51.577] - eth_getBalance
[2021/01/05 16:01:51.594] - eth_getTransactionCount
[2021/01/05 16:01:51.613] - eth_getBalance
[2021/01/05 16:01:51.631] - eth_getTransactionCount
[2021/01/05 16:01:51.648] - eth_getBalance
[2021/01/05 16:01:51.667] - eth_getTransactionCount
[2021/01/05 16:01:51.686] - eth_getBalance
[2021/01/05 16:01:51.700] - eth_getTransactionCount
[2021/01/05 16:01:52.756] - eth_getBalance
[2021/01/05 16:01:52.765] - eth_getBalance
[2021/01/05 16:01:52.779] - eth_getTransactionCount
[2021/01/05 16:01:52.790] - eth_getBalance
[2021/01/05 16:01:52.803] - eth_getTransactionCount
[2021/01/05 16:01:52.813] - eth_getBalance
[2021/01/05 16:01:52.824] - eth_getTransactionCount
[2021/01/05 16:01:52.834] - eth_getBalance
[2021/01/05 16:01:52.842] - eth_getTransactionCount
[2021/01/05 16:01:52.851] - eth_getBalance
[2021/01/05 16:01:52.862] - eth_getTransactionCount
[2021/01/05 16:01:52.872] - eth_getBalance
[2021/01/05 16:01:52.881] - eth_getTransactionCount
[2021/01/05 16:01:53.114] - eth_getBalance
[2021/01/05 16:01:53.130] - eth_getTransactionCount
[2021/01/05 16:01:53.150] - eth_getBalance
[2021/01/05 16:01:53.165] - eth_getTransactionCount
[2021/01/05 16:01:53.181] - eth_getBalance
[2021/01/05 16:01:53.203] - eth_getTransactionCount
[2021/01/05 16:01:53.217] - eth_getBalance
[2021/01/05 16:01:53.231] - eth_getTransactionCount
[2021/01/05 16:01:53.247] - eth_getBalance
[2021/01/05 16:01:53.265] - eth_getTransactionCount
[2021/01/05 16:01:53.279] - eth_getBalance
[2021/01/05 16:01:53.295] - eth_getTransactionCount
[2021/01/05 16:01:53.711] - eth_getBalance
[2021/01/05 16:01:53.725] - eth_getTransactionCount
[2021/01/05 16:01:53.744] - eth_getBalance
[2021/01/05 16:01:53.758] - eth_getTransactionCount
[2021/01/05 16:01:53.775] - eth_getBalance
[2021/01/05 16:01:53.792] - eth_getTransactionCount
[2021/01/05 16:01:53.809] - eth_getBalance
[2021/01/05 16:01:53.817] - eth_getTransactionCount
[2021/01/05 16:01:53.829] - eth_getBalance
[2021/01/05 16:01:53.848] - eth_getTransactionCount
[2021/01/05 16:01:53.862] - eth_getBalance
[2021/01/05 16:01:53.877] - eth_getTransactionCount
[2021/01/05 16:01:53.895] - eth_getBalance
[2021/01/05 16:01:53.914] - eth_getTransactionCount
[2021/01/05 16:01:53.930] - eth_getBalance
[2021/01/05 16:01:53.944] - eth_getTransactionCount
[2021/01/05 16:01:53.960] - eth_getBalance
[2021/01/05 16:01:53.979] - eth_getTransactionCount
[2021/01/05 16:01:53.993] - eth_getBalance
[2021/01/05 16:01:54.007] - eth_getTransactionCount
[2021/01/05 16:01:54.021] - eth_getBalance
[2021/01/05 16:01:54.039] - eth_getTransactionCount
[2021/01/05 16:01:54.059] - eth_getBalance
[2021/01/05 16:01:54.073] - eth_getTransactionCount
[2021/01/05 16:01:54.097] - eth_getBalance
[2021/01/05 16:01:54.142] - eth_getTransactionCount
[2021/01/05 16:01:54.158] - eth_getBalance
[2021/01/05 16:01:54.176] - eth_getTransactionCount
[2021/01/05 16:01:54.193] - eth_getBalance
[2021/01/05 16:01:54.208] - eth_getTransactionCount
[2021/01/05 16:01:54.226] - eth_getBalance
[2021/01/05 16:01:54.245] - eth_getTransactionCount
[2021/01/05 16:01:54.264] - eth_getBalance
[2021/01/05 16:01:54.282] - eth_getTransactionCount
[2021/01/05 16:01:54.298] - eth_getBalance
[2021/01/05 16:01:54.321] - eth_getTransactionCount
[2021/01/05 16:01:54.337] - eth_getBalance
[2021/01/05 16:01:54.354] - eth_getTransactionCount
[2021/01/05 16:01:54.369] - eth_getBalance
[2021/01/05 16:01:54.386] - eth_getTransactionCount
[2021/01/05 16:01:54.399] - eth_getBalance
[2021/01/05 16:01:54.417] - eth_getTransactionCount
[2021/01/05 16:01:54.431] - eth_getBalance
[2021/01/05 16:01:54.447] - eth_getTransactionCount
[2021/01/05 16:01:54.464] - eth_getBalance
[2021/01/05 16:01:54.482] - eth_getTransactionCount
[2021/01/05 16:01:54.503] - eth_getBalance
[2021/01/05 16:01:54.516] - eth_getTransactionCount
[2021/01/05 16:10:50.705] - eth_getBlockByNumber
[2021/01/05 16:10:50.754] - eth_getBlockTransactionCountByHash
[2021/01/05 16:10:50.779] - eth_getBlockByNumber
[2021/01/05 16:10:50.806] - eth_getBlockTransactionCountByHash
[2021/01/05 16:10:50.854] - eth_getBlockByNumber
[2021/01/05 16:10:50.892] - eth_getBlockTransactionCountByHash
[2021/01/05 16:10:50.926] - eth_getBlockByNumber
[2021/01/05 16:10:50.949] - eth_getBlockTransactionCountByHash
[2021/01/05 16:10:50.973] - eth_getBlockByNumber
[2021/01/05 16:10:50.999] - eth_getBlockTransactionCountByHash
[2021/01/05 16:10:51.019] - eth_getBlockByNumber
[2021/01/05 16:10:51.059] - eth_getBlockTransactionCountByHash
[2021/01/05 16:10:51.101] - eth_getBlockByNumber
[2021/01/05 16:10:51.123] - eth_getBlockTransactionCountByHash
[2021/01/05 16:10:51.170] - eth_getBlockByNumber
[2021/01/05 16:10:51.200] - eth_getBlockTransactionCountByHash
[2021/01/05 16:10:51.222] - eth_getBlockByNumber
[2021/01/05 16:10:51.244] - eth_getBlockTransactionCountByHash
[2021/01/05 16:10:52.001] - eth_getBlockByNumber
[2021/01/05 16:10:52.042] - eth_getTransactionReceipt
[2021/01/05 16:10:52.071] - eth_getBlockByNumber
[2021/01/05 16:10:52.094] - eth_getTransactionReceipt
[2021/01/05 16:10:52.126] - eth_getBlockByNumber
[2021/01/05 16:10:52.153] - eth_getTransactionReceipt
[2021/01/05 16:10:52.181] - eth_getBlockByNumber
[2021/01/05 16:10:52.210] - eth_getTransactionReceipt
[2021/01/05 16:10:52.241] - eth_getBlockByNumber
[2021/01/05 16:10:52.267] - eth_getTransactionReceipt
[2021/01/05 16:10:52.295] - eth_getBlockByNumber
[2021/01/05 16:10:52.328] - eth_getTransactionReceipt
[2021/01/05 16:10:52.355] - eth_getBlockByNumber
[2021/01/05 16:10:52.418] - eth_getTransactionReceipt
[2021/01/05 16:10:52.452] - eth_getBlockByNumber
[2021/01/05 16:10:52.475] - eth_getTransactionReceipt
[2021/01/05 16:10:52.508] - eth_getBlockByNumber
[2021/01/05 16:10:52.533] - eth_getTransactionReceipt
[2021/01/05 16:10:52.569] - eth_getBlockByNumber
[2021/01/05 16:10:52.614] - eth_getTransactionReceipt
[2021/01/05 16:10:52.663] - eth_getBlockByNumber
[2021/01/05 16:10:52.688] - eth_getTransactionReceipt
