[2021/01/18 14:15:36.317] - Starting server with initial configuration: {"gasLimit":6721975,"gasPrice":20000000000,"hardfork":"muirGlacier","hostname":"127.0.0.1","port":9545,"network_id":5777,"default_balance_ether":300,"total_accounts":10,"unlocked_accounts":[],"locked":false,"vmErrorsOnRPCResponse":true,"verbose":false,"db_path":"C:\\Users\\mango\\AppData\\Roaming\\Ganache\\workspaces\\Banknegara-Part1\\chaindata","logDirectory":"C:\\Users\\mango\\Documents\\BlockchainProject\\ganache-logs"}
[2021/01/18 14:15:36.408] - eth_getCode
[2021/01/18 14:15:36.409] - eth_subscribe
[2021/01/18 14:15:36.410] - eth_getLogs
[2021/01/18 14:15:36.411] - eth_subscribe
[2021/01/18 14:15:36.429] - eth_getCode
[2021/01/18 14:15:36.429] - eth_getCode
[2021/01/18 14:15:36.430] - eth_subscribe
[2021/01/18 14:15:36.432] - eth_getLogs
[2021/01/18 14:15:36.432] - eth_subscribe
[2021/01/18 14:15:36.441] - eth_getCode
[2021/01/18 14:15:36.495] - eth_blockNumber
[2021/01/18 14:15:36.495] - eth_accounts
[2021/01/18 14:15:36.496] - eth_blockNumber
[2021/01/18 14:15:36.496] - eth_gasPrice
[2021/01/18 14:15:36.497] - eth_accounts
[2021/01/18 14:15:36.497] - eth_getBlockByNumber
[2021/01/18 14:15:36.498] - eth_gasPrice
[2021/01/18 14:15:36.498] - eth_subscribe
[2021/01/18 14:15:36.499] - eth_getBlockByNumber
[2021/01/18 14:15:36.499] - eth_subscribe
[2021/01/18 14:15:36.513] - eth_accounts
[2021/01/18 14:15:36.562] - eth_getBalance
[2021/01/18 14:15:36.569] - eth_getTransactionCount
[2021/01/18 14:15:36.575] - eth_getBalance
[2021/01/18 14:15:36.580] - eth_getTransactionCount
[2021/01/18 14:15:36.583] - eth_getBalance
[2021/01/18 14:15:36.589] - eth_getTransactionCount
[2021/01/18 14:15:36.595] - eth_getBalance
[2021/01/18 14:15:36.600] - eth_getTransactionCount
[2021/01/18 14:15:36.605] - eth_getBalance
[2021/01/18 14:15:36.610] - eth_getTransactionCount
[2021/01/18 14:15:36.617] - eth_getBalance
[2021/01/18 14:15:36.622] - eth_getTransactionCount
[2021/01/18 14:15:36.628] - eth_getBalance
[2021/01/18 14:15:36.632] - eth_getTransactionCount
[2021/01/18 14:15:36.637] - eth_getBalance
[2021/01/18 14:15:36.643] - eth_getTransactionCount
[2021/01/18 14:15:36.648] - eth_getBalance
[2021/01/18 14:15:36.652] - eth_getTransactionCount
[2021/01/18 14:15:36.657] - eth_getBalance
[2021/01/18 14:15:36.661] - eth_getTransactionCount
[2021/01/18 14:15:36.675] - eth_getBalance
[2021/01/18 14:15:36.686] - eth_getTransactionCount
[2021/01/18 14:15:36.687] - eth_getBalance
[2021/01/18 14:15:36.688] - eth_getTransactionCount
[2021/01/18 14:15:36.694] - eth_getBalance
[2021/01/18 14:15:36.697] - eth_getTransactionCount
[2021/01/18 14:15:36.703] - eth_getBalance
[2021/01/18 14:15:36.709] - eth_getTransactionCount
[2021/01/18 14:15:36.713] - eth_getBalance
[2021/01/18 14:15:36.717] - eth_getTransactionCount
[2021/01/18 14:15:36.721] - eth_getBalance
[2021/01/18 14:15:36.726] - eth_getTransactionCount
[2021/01/18 14:15:36.731] - eth_getBalance
[2021/01/18 14:15:36.736] - eth_getTransactionCount
[2021/01/18 14:15:36.742] - eth_getBalance
[2021/01/18 14:15:36.747] - eth_getTransactionCount
[2021/01/18 14:15:36.752] - eth_getBalance
[2021/01/18 14:15:36.757] - eth_getTransactionCount
[2021/01/18 14:15:36.761] - eth_getBalance
[2021/01/18 14:15:36.766] - eth_getTransactionCount
[2021/01/18 14:15:36.770] - eth_getBalance
[2021/01/18 14:15:36.776] - eth_getTransactionCount
[2021/01/18 14:15:36.780] - eth_getBalance
[2021/01/18 14:15:36.790] - eth_getTransactionCount
[2021/01/18 14:15:36.791] - eth_getBalance
[2021/01/18 14:15:36.795] - eth_getTransactionCount
[2021/01/18 14:15:36.800] - eth_getBalance
[2021/01/18 14:15:36.804] - eth_getTransactionCount
[2021/01/18 14:15:36.813] - eth_getBalance
[2021/01/18 14:15:36.819] - eth_getTransactionCount
[2021/01/18 14:15:36.822] - eth_getBalance
[2021/01/18 14:15:36.827] - eth_getTransactionCount
[2021/01/18 14:15:36.833] - eth_getBalance
[2021/01/18 14:15:36.838] - eth_getTransactionCount
[2021/01/18 14:15:36.841] - eth_getBalance
[2021/01/18 14:15:36.847] - eth_getTransactionCount
[2021/01/18 14:15:36.852] - eth_getBalance
[2021/01/18 14:15:36.857] - eth_getTransactionCount
[2021/01/18 14:15:36.862] - eth_getBalance
[2021/01/18 14:15:36.867] - eth_getTransactionCount
[2021/01/18 14:15:36.954] - eth_getTransactionCount
[2021/01/18 14:15:36.961] - eth_getBalance
[2021/01/18 14:15:36.966] - eth_getTransactionCount
[2021/01/18 14:15:36.973] - eth_getBalance
[2021/01/18 14:15:36.977] - eth_getTransactionCount
[2021/01/18 14:15:36.980] - eth_getBalance
[2021/01/18 14:15:36.985] - eth_getTransactionCount
[2021/01/18 14:15:36.994] - eth_getBalance
[2021/01/18 14:15:36.997] - eth_getTransactionCount
[2021/01/18 14:15:37.002] - eth_getBalance
[2021/01/18 14:15:37.007] - eth_getTransactionCount
[2021/01/18 14:15:37.011] - eth_getBalance
[2021/01/18 14:15:37.015] - eth_getTransactionCount
[2021/01/18 14:15:37.019] - eth_getBalance
[2021/01/18 14:15:37.026] - eth_getTransactionCount
[2021/01/18 14:15:37.039] - eth_getBalance
[2021/01/18 14:15:37.040] - eth_getTransactionCount
[2021/01/18 14:15:37.041] - eth_getBalance
[2021/01/18 14:15:37.047] - eth_getTransactionCount
[2021/01/18 14:15:45.516] - eth_unsubscribe
[2021/01/18 14:15:45.518] - eth_unsubscribe
