[2021/01/05 15:44:19.540] - Starting server with initial configuration: {"gasLimit":6721975,"gasPrice":20000000000,"hardfork":"muirGlacier","hostname":"127.0.0.1","port":9545,"network_id":5777,"default_balance_ether":100,"total_accounts":10,"unlocked_accounts":[],"locked":false,"vmErrorsOnRPCResponse":true,"verbose":false,"db_path":"C:\\Users\\mango\\AppData\\Roaming\\Ganache\\workspaces\\LaundererDetect\\chaindata","logDirectory":"C:\\Users\\mango\\Documents\\BlockchainProject\\ganache-logs"}
[2021/01/05 15:44:19.667] - eth_subscribe
[2021/01/05 15:44:19.670] - eth_getLogs
[2021/01/05 15:44:19.671] - eth_subscribe
[2021/01/05 15:44:19.711] - eth_subscribe
[2021/01/05 15:44:19.712] - eth_getLogs
[2021/01/05 15:44:19.713] - eth_subscribe
[2021/01/05 15:44:19.817] - eth_blockNumber
[2021/01/05 15:44:19.818] - eth_accounts
[2021/01/05 15:44:19.820] - eth_blockNumber
[2021/01/05 15:44:19.821] - eth_gasPrice
[2021/01/05 15:44:19.822] - eth_accounts
[2021/01/05 15:44:19.824] - eth_getBlockByNumber
[2021/01/05 15:44:19.825] - eth_gasPrice
[2021/01/05 15:44:19.827] - eth_subscribe
[2021/01/05 15:44:19.828] - eth_getBlockByNumber
[2021/01/05 15:44:19.829] - eth_subscribe
[2021/01/05 15:44:19.839] - eth_accounts
[2021/01/05 15:44:19.883] - eth_getBalance
[2021/01/05 15:44:19.889] - eth_getTransactionCount
[2021/01/05 15:44:19.892] - eth_getBalance
[2021/01/05 15:44:19.896] - eth_getTransactionCount
[2021/01/05 15:44:19.903] - eth_getBalance
[2021/01/05 15:44:19.908] - eth_getTransactionCount
[2021/01/05 15:44:19.915] - eth_getBalance
[2021/01/05 15:44:19.920] - eth_getTransactionCount
[2021/01/05 15:44:19.927] - eth_getBalance
[2021/01/05 15:44:19.931] - eth_getTransactionCount
[2021/01/05 15:44:19.935] - eth_getBalance
[2021/01/05 15:44:19.939] - eth_getTransactionCount
[2021/01/05 15:44:19.941] - eth_getBalance
[2021/01/05 15:44:19.943] - eth_getTransactionCount
[2021/01/05 15:44:19.946] - eth_getBalance
[2021/01/05 15:44:19.948] - eth_getTransactionCount
[2021/01/05 15:44:19.951] - eth_getBalance
[2021/01/05 15:44:19.953] - eth_getTransactionCount
[2021/01/05 15:44:19.955] - eth_getBalance
[2021/01/05 15:44:19.958] - eth_getTransactionCount
[2021/01/05 15:44:19.963] - eth_getBalance
[2021/01/05 15:44:19.970] - eth_getTransactionCount
[2021/01/05 15:44:19.970] - eth_getBalance
[2021/01/05 15:44:19.974] - eth_getTransactionCount
[2021/01/05 15:44:19.978] - eth_getBalance
[2021/01/05 15:44:19.980] - eth_getTransactionCount
[2021/01/05 15:44:19.983] - eth_getBalance
[2021/01/05 15:44:19.987] - eth_getTransactionCount
[2021/01/05 15:44:19.991] - eth_getBalance
[2021/01/05 15:44:19.992] - eth_getTransactionCount
[2021/01/05 15:44:19.996] - eth_getBalance
[2021/01/05 15:44:20.000] - eth_getTransactionCount
[2021/01/05 15:44:20.005] - eth_getBalance
[2021/01/05 15:44:20.006] - eth_getTransactionCount
[2021/01/05 15:44:20.012] - eth_getBalance
[2021/01/05 15:44:20.015] - eth_getTransactionCount
[2021/01/05 15:44:20.016] - eth_getBalance
[2021/01/05 15:44:20.022] - eth_getTransactionCount
[2021/01/05 15:44:20.026] - eth_getBalance
[2021/01/05 15:44:20.027] - eth_getTransactionCount
[2021/01/05 15:44:20.031] - eth_getBalance
[2021/01/05 15:44:20.033] - eth_getTransactionCount
[2021/01/05 15:44:20.038] - eth_getBalance
[2021/01/05 15:44:20.042] - eth_getTransactionCount
[2021/01/05 15:44:20.048] - eth_getBalance
[2021/01/05 15:44:20.052] - eth_getTransactionCount
[2021/01/05 15:44:20.065] - eth_getBalance
[2021/01/05 15:44:20.066] - eth_getTransactionCount
[2021/01/05 15:44:20.067] - eth_getBalance
[2021/01/05 15:44:20.069] - eth_getTransactionCount
[2021/01/05 15:44:20.070] - eth_getBalance
[2021/01/05 15:44:20.077] - eth_getTransactionCount
[2021/01/05 15:44:20.078] - eth_getBalance
[2021/01/05 15:44:20.085] - eth_getTransactionCount
[2021/01/05 15:44:20.089] - eth_getBalance
[2021/01/05 15:44:20.097] - eth_getTransactionCount
[2021/01/05 15:44:20.098] - eth_getBalance
[2021/01/05 15:44:20.105] - eth_getTransactionCount
[2021/01/05 15:44:20.108] - eth_getBalance
[2021/01/05 15:44:20.113] - eth_getTransactionCount
[2021/01/05 15:44:20.198] - eth_getBalance
[2021/01/05 15:44:20.206] - eth_getTransactionCount
[2021/01/05 15:44:20.207] - eth_getBalance
[2021/01/05 15:44:20.209] - eth_getTransactionCount
[2021/01/05 15:44:20.213] - eth_getBalance
[2021/01/05 15:44:20.220] - eth_getTransactionCount
[2021/01/05 15:44:20.221] - eth_getBalance
[2021/01/05 15:44:20.225] - eth_getTransactionCount
[2021/01/05 15:44:20.239] - eth_getBalance
[2021/01/05 15:44:20.240] - eth_getTransactionCount
[2021/01/05 15:44:20.243] - eth_getBalance
[2021/01/05 15:44:20.244] - eth_getTransactionCount
[2021/01/05 15:44:20.244] - eth_getBalance
[2021/01/05 15:44:20.247] - eth_getTransactionCount
[2021/01/05 15:44:20.249] - eth_getBalance
[2021/01/05 15:44:20.255] - eth_getTransactionCount
[2021/01/05 15:44:20.256] - eth_getBalance
[2021/01/05 15:44:20.261] - eth_getTransactionCount
[2021/01/05 15:44:20.264] - eth_getBalance
[2021/01/05 15:44:20.265] - eth_getTransactionCount
[2021/01/05 15:44:24.930] - eth_unsubscribe
[2021/01/05 15:44:24.932] - eth_unsubscribe
