[2021/01/05 16:16:33.629] - Starting server with initial configuration: {"gasLimit":6721975,"gasPrice":20000000000,"hardfork":"muirGlacier","hostname":"127.0.0.1","port":9545,"network_id":5777,"default_balance_ether":300,"total_accounts":10,"unlocked_accounts":[],"locked":false,"vmErrorsOnRPCResponse":true,"verbose":false,"db_path":"C:\\Users\\mango\\AppData\\Roaming\\Ganache\\workspaces\\gleaming-bears\\chaindata","logDirectory":"C:\\Users\\mango\\Documents\\BlockchainProject\\ganache-logs"}
[2021/01/05 16:16:33.762] - eth_subscribe
[2021/01/05 16:16:33.763] - eth_getLogs
[2021/01/05 16:16:33.764] - eth_subscribe
[2021/01/05 16:16:33.767] - eth_subscribe
[2021/01/05 16:16:33.767] - eth_getLogs
[2021/01/05 16:16:33.768] - eth_subscribe
[2021/01/05 16:16:33.790] - eth_blockNumber
[2021/01/05 16:16:33.791] - eth_accounts
[2021/01/05 16:16:33.791] - eth_gasPrice
[2021/01/05 16:16:33.792] - eth_getBlockByNumber
[2021/01/05 16:16:33.792] - eth_subscribe
[2021/01/05 16:16:33.796] - eth_accounts
[2021/01/05 16:16:33.805] - eth_getBalance
[2021/01/05 16:16:33.807] - eth_getTransactionCount
[2021/01/05 16:16:33.809] - eth_getBalance
[2021/01/05 16:16:33.811] - eth_getTransactionCount
[2021/01/05 16:16:33.813] - eth_getBalance
[2021/01/05 16:16:33.814] - eth_getTransactionCount
[2021/01/05 16:16:33.819] - eth_getBalance
[2021/01/05 16:16:33.819] - eth_getTransactionCount
[2021/01/05 16:16:33.821] - eth_getBalance
[2021/01/05 16:16:33.823] - eth_getTransactionCount
[2021/01/05 16:16:33.826] - eth_getBalance
[2021/01/05 16:16:33.826] - eth_getTransactionCount
[2021/01/05 16:16:33.828] - eth_getBalance
[2021/01/05 16:16:33.832] - eth_getTransactionCount
[2021/01/05 16:16:33.836] - eth_getBalance
[2021/01/05 16:16:33.837] - eth_getTransactionCount
[2021/01/05 16:16:33.838] - eth_getBalance
[2021/01/05 16:16:33.839] - eth_getTransactionCount
[2021/01/05 16:16:33.841] - eth_getBalance
[2021/01/05 16:16:33.842] - eth_getTransactionCount
[2021/01/05 16:16:33.858] - eth_blockNumber
[2021/01/05 16:16:33.859] - eth_accounts
[2021/01/05 16:16:33.859] - eth_gasPrice
[2021/01/05 16:16:33.869] - eth_getTransactionCount
[2021/01/05 16:16:33.871] - eth_getBalance
[2021/01/05 16:16:33.874] - eth_getTransactionCount
[2021/01/05 16:16:33.876] - eth_getBalance
[2021/01/05 16:16:33.877] - eth_getTransactionCount
[2021/01/05 16:16:33.879] - eth_getBalance
[2021/01/05 16:16:33.880] - eth_getTransactionCount
[2021/01/05 16:16:33.882] - eth_getBalance
[2021/01/05 16:16:33.883] - eth_getTransactionCount
[2021/01/05 16:16:33.887] - eth_getBalance
[2021/01/05 16:16:33.888] - eth_getTransactionCount
[2021/01/05 16:16:33.898] - eth_getBalance
[2021/01/05 16:16:33.898] - eth_getTransactionCount
[2021/01/05 16:16:33.899] - eth_getBalance
[2021/01/05 16:16:33.899] - eth_getTransactionCount
[2021/01/05 16:16:33.900] - eth_getBalance
[2021/01/05 16:16:33.901] - eth_getTransactionCount
[2021/01/05 16:16:33.901] - eth_getBalance
[2021/01/05 16:16:33.903] - eth_getTransactionCount
[2021/01/05 16:16:33.903] - eth_getBlockByNumber
[2021/01/05 16:16:33.904] - eth_subscribe
[2021/01/05 16:16:33.987] - eth_getBalance
[2021/01/05 16:16:33.988] - eth_getTransactionCount
[2021/01/05 16:16:33.989] - eth_getBalance
[2021/01/05 16:16:33.991] - eth_getTransactionCount
[2021/01/05 16:16:33.993] - eth_getBalance
[2021/01/05 16:16:33.996] - eth_getTransactionCount
[2021/01/05 16:16:33.996] - eth_getBalance
[2021/01/05 16:16:33.998] - eth_getTransactionCount
[2021/01/05 16:16:33.999] - eth_getBalance
[2021/01/05 16:16:34.001] - eth_getTransactionCount
[2021/01/05 16:16:34.002] - eth_getBalance
[2021/01/05 16:16:34.003] - eth_getTransactionCount
[2021/01/05 16:16:34.005] - eth_getBalance
[2021/01/05 16:16:34.006] - eth_getTransactionCount
[2021/01/05 16:16:34.008] - eth_getBalance
[2021/01/05 16:16:34.010] - eth_getTransactionCount
[2021/01/05 16:16:34.011] - eth_getBalance
[2021/01/05 16:16:34.013] - eth_getTransactionCount
[2021/01/05 16:16:34.015] - eth_getBalance
[2021/01/05 16:16:34.017] - eth_getTransactionCount
[2021/01/05 16:16:34.019] - eth_getBalance
[2021/01/05 16:16:34.020] - eth_getTransactionCount
[2021/01/05 16:16:34.022] - eth_getBalance
[2021/01/05 16:16:34.023] - eth_getTransactionCount
[2021/01/05 16:16:34.024] - eth_getBalance
[2021/01/05 16:16:34.026] - eth_getTransactionCount
[2021/01/05 16:16:34.027] - eth_getBalance
[2021/01/05 16:16:34.029] - eth_getTransactionCount
[2021/01/05 16:16:34.030] - eth_getBalance
[2021/01/05 16:16:34.032] - eth_getTransactionCount
[2021/01/05 16:16:34.033] - eth_getBalance
[2021/01/05 16:16:34.034] - eth_getTransactionCount
[2021/01/05 16:16:34.036] - eth_getBalance
[2021/01/05 16:16:34.052] - eth_getTransactionCount
[2021/01/05 16:16:34.053] - eth_getBalance
[2021/01/05 16:16:34.053] - eth_getTransactionCount
[2021/01/05 16:16:34.054] - eth_getBalance
[2021/01/05 16:16:34.054] - eth_getTransactionCount
[2021/01/05 16:16:34.055] - eth_getBalance
[2021/01/05 16:16:34.055] - eth_getTransactionCount
[2021/01/05 16:16:35.154] - eth_getBlockByNumber
[2021/01/05 16:16:35.166] - eth_getBlockTransactionCountByHash
[2021/01/05 16:16:35.552] - eth_getBlockByNumber
[2021/01/05 16:17:17.007] - eth_blockNumber
[2021/01/05 16:17:17.017] - net_version
[2021/01/05 16:17:17.023] - eth_accounts
[2021/01/05 16:17:17.049] - eth_accounts
[2021/01/05 16:17:25.195] - eth_blockNumber
[2021/01/05 16:17:25.215] - net_version
[2021/01/05 16:17:25.225] - eth_accounts
[2021/01/05 16:17:25.278] - eth_getBlockByNumber
[2021/01/05 16:17:25.293] - eth_accounts
[2021/01/05 16:17:25.316] - net_version
[2021/01/05 16:17:25.322] - eth_getBlockByNumber
[2021/01/05 16:17:25.333] - eth_getBlockByNumber
[2021/01/05 16:17:25.342] - net_version
[2021/01/05 16:17:25.350] - eth_getBlockByNumber
[2021/01/05 16:17:25.365] - eth_estimateGas
[2021/01/05 16:17:27.878] - net_version
[2021/01/05 16:17:27.879] - eth_blockNumber
[2021/01/05 16:17:27.882] - eth_getBlockByNumber
[2021/01/05 16:17:27.894] - eth_sendTransaction
[2021/01/05 16:17:27.959] - 
[2021/01/05 16:17:27.960] -   Transaction: 0xf2f12e15a36c8c16f1a118867f01a484012f6ee4c5b946c1864ee57ffc52adb7
[2021/01/05 16:17:27.960] -   Contract created: 0xab177626fb5e128b950566eb1a2288b34471dd4f
[2021/01/05 16:17:27.961] -   Gas usage: 191931
[2021/01/05 16:17:27.961] -   Block Number: 1
[2021/01/05 16:17:27.962] -   Block Time: Tue Jan 05 2021 16:17:27 GMT+0800 (Malaysia Time)
[2021/01/05 16:17:27.962] - 
[2021/01/05 16:17:27.963] - eth_getBlockByNumber
[2021/01/05 16:17:27.965] - eth_getTransactionReceipt
[2021/01/05 16:17:27.971] - eth_getBalance
[2021/01/05 16:17:27.975] - eth_getCode
[2021/01/05 16:17:27.976] - eth_getTransactionCount
[2021/01/05 16:17:27.983] - eth_getTransactionByHash
[2021/01/05 16:17:27.985] - eth_getBalance
[2021/01/05 16:17:27.995] - eth_getBlockByNumber
[2021/01/05 16:17:27.997] - eth_getTransactionCount
[2021/01/05 16:17:28.003] - eth_getBalance
[2021/01/05 16:17:28.008] - eth_getBalance
[2021/01/05 16:17:28.012] - eth_getTransactionCount
[2021/01/05 16:17:28.022] - eth_getBalance
[2021/01/05 16:17:28.031] - eth_getTransactionCount
[2021/01/05 16:17:28.039] - eth_getBalance
[2021/01/05 16:17:28.047] - eth_getTransactionCount
[2021/01/05 16:17:28.057] - eth_getBalance
[2021/01/05 16:17:28.068] - eth_getTransactionCount
[2021/01/05 16:17:28.071] - eth_getBalance
[2021/01/05 16:17:28.077] - eth_getBlockByNumber
[2021/01/05 16:17:28.079] - eth_getTransactionCount
[2021/01/05 16:17:28.087] - eth_getBalance
[2021/01/05 16:17:28.089] - eth_getBlockByNumber
[2021/01/05 16:17:28.100] - eth_getTransactionCount
[2021/01/05 16:17:28.103] - eth_getBalance
[2021/01/05 16:17:28.111] - eth_getTransactionCount
[2021/01/05 16:17:28.117] - eth_getBalance
[2021/01/05 16:17:28.118] - eth_sendTransaction
[2021/01/05 16:17:28.125] - eth_getTransactionCount
[2021/01/05 16:17:28.194] - 
[2021/01/05 16:17:28.196] -   Transaction: 0xea038e022ffdb8a4dcb782db4ee55fb1eb9bc56be43a7c7ac160616bc431069b
[2021/01/05 16:17:28.197] -   Gas usage: 42338
[2021/01/05 16:17:28.198] -   Block Number: 2
[2021/01/05 16:17:28.199] -   Block Time: Tue Jan 05 2021 16:17:28 GMT+0800 (Malaysia Time)
[2021/01/05 16:17:28.200] - 
[2021/01/05 16:17:28.206] - eth_getBlockByNumber
[2021/01/05 16:17:28.208] - eth_getTransactionReceipt
[2021/01/05 16:17:28.251] - eth_getBlockByNumber
[2021/01/05 16:17:28.269] - eth_accounts
[2021/01/05 16:17:28.289] - net_version
[2021/01/05 16:17:28.296] - eth_getBlockByNumber
[2021/01/05 16:17:28.309] - eth_getBlockByNumber
[2021/01/05 16:17:28.318] - net_version
[2021/01/05 16:17:28.327] - eth_getBlockByNumber
[2021/01/05 16:17:28.329] - eth_getBalance
[2021/01/05 16:17:28.334] - eth_getTransactionCount
[2021/01/05 16:17:28.335] - eth_estimateGas
[2021/01/05 16:17:28.357] - eth_getTransactionCount
[2021/01/05 16:17:28.359] - eth_getBalance
[2021/01/05 16:17:28.362] - eth_getTransactionCount
[2021/01/05 16:17:28.371] - eth_getBalance
[2021/01/05 16:17:28.382] - eth_getTransactionCount
[2021/01/05 16:17:28.392] - eth_getBalance
[2021/01/05 16:17:28.403] - eth_getTransactionCount
[2021/01/05 16:17:28.409] - eth_getBalance
[2021/01/05 16:17:28.422] - eth_getTransactionCount
[2021/01/05 16:17:28.423] - eth_getBalance
[2021/01/05 16:17:28.438] - eth_getTransactionCount
[2021/01/05 16:17:28.440] - eth_getBalance
[2021/01/05 16:17:28.444] - eth_getTransactionCount
[2021/01/05 16:17:28.452] - eth_getBalance
[2021/01/05 16:17:28.461] - eth_getTransactionCount
[2021/01/05 16:17:28.515] - net_version
[2021/01/05 16:17:28.517] - eth_blockNumber
[2021/01/05 16:17:28.580] - eth_getBlockByNumber
[2021/01/05 16:17:28.593] - eth_sendTransaction
[2021/01/05 16:17:28.675] - 
[2021/01/05 16:17:28.676] -   Transaction: 0xb4a9140683c80e528ea511813d53f02f2833b3521ff490a5452dfdbdb281929b
[2021/01/05 16:17:28.677] -   Contract created: 0x11988614f3f9b2c2034fb83abc1a759b2d2e8deb
[2021/01/05 16:17:28.678] -   Gas usage: 769231
[2021/01/05 16:17:28.679] -   Block Number: 3
[2021/01/05 16:17:28.679] -   Block Time: Tue Jan 05 2021 16:17:28 GMT+0800 (Malaysia Time)
[2021/01/05 16:17:28.680] - 
[2021/01/05 16:17:28.682] - eth_getBlockByNumber
[2021/01/05 16:17:28.687] - eth_getTransactionReceipt
[2021/01/05 16:17:28.696] - eth_getCode
[2021/01/05 16:17:28.702] - eth_getTransactionByHash
[2021/01/05 16:17:28.711] - eth_getBlockByNumber
[2021/01/05 16:17:28.723] - eth_getBalance
[2021/01/05 16:17:28.772] - eth_getBlockByNumber
[2021/01/05 16:17:28.782] - eth_getBlockByNumber
[2021/01/05 16:17:28.793] - eth_sendTransaction
[2021/01/05 16:17:28.866] - 
[2021/01/05 16:17:28.867] -   Transaction: 0xed36f7dde57c9300a21234cc0a05bcb921afc40ef750f2b44247e466de61ded4
[2021/01/05 16:17:28.868] -   Gas usage: 27338
[2021/01/05 16:17:28.869] -   Block Number: 4
[2021/01/05 16:17:28.870] -   Block Time: Tue Jan 05 2021 16:17:28 GMT+0800 (Malaysia Time)
[2021/01/05 16:17:28.871] - 
[2021/01/05 16:17:28.874] - eth_getBlockByNumber
[2021/01/05 16:17:28.875] - eth_getTransactionReceipt
[2021/01/05 16:17:28.880] - eth_getBalance
[2021/01/05 16:17:28.890] - eth_getTransactionCount
[2021/01/05 16:17:28.899] - eth_getBalance
[2021/01/05 16:17:28.909] - eth_getTransactionCount
[2021/01/05 16:17:28.920] - eth_getBalance
[2021/01/05 16:17:28.933] - eth_getTransactionCount
[2021/01/05 16:17:28.948] - eth_getBalance
[2021/01/05 16:17:28.957] - eth_getTransactionCount
[2021/01/05 16:17:28.973] - eth_getBalance
[2021/01/05 16:17:28.997] - eth_getTransactionCount
[2021/01/05 16:17:28.998] - eth_getBalance
[2021/01/05 16:17:28.999] - eth_getBalance
[2021/01/05 16:17:29.007] - eth_getTransactionCount
[2021/01/05 16:17:29.014] - eth_getBalance
[2021/01/05 16:17:29.020] - eth_getTransactionCount
[2021/01/05 16:17:29.025] - eth_getBalance
[2021/01/05 16:17:29.031] - eth_getTransactionCount
[2021/01/05 16:17:29.481] - eth_getTransactionCount
[2021/01/05 16:17:29.491] - eth_getBalance
[2021/01/05 16:17:29.501] - eth_getTransactionCount
[2021/01/05 16:17:29.512] - eth_getBalance
[2021/01/05 16:17:29.521] - eth_getTransactionCount
[2021/01/05 16:17:29.531] - eth_getBalance
[2021/01/05 16:17:29.541] - eth_getTransactionCount
[2021/01/05 16:17:29.554] - eth_getBalance
[2021/01/05 16:17:29.564] - eth_getTransactionCount
[2021/01/05 16:17:29.573] - eth_getBalance
[2021/01/05 16:17:29.584] - eth_getTransactionCount
[2021/01/05 16:17:29.594] - eth_getBalance
[2021/01/05 16:17:29.604] - eth_getTransactionCount
[2021/01/05 16:17:29.615] - eth_getBalance
[2021/01/05 16:17:29.625] - eth_getTransactionCount
[2021/01/05 16:17:29.637] - eth_getBalance
[2021/01/05 16:17:29.647] - eth_getTransactionCount
[2021/01/05 16:17:29.656] - eth_getBalance
[2021/01/05 16:17:29.666] - eth_getTransactionCount
[2021/01/05 16:17:29.676] - eth_getBalance
[2021/01/05 16:17:29.685] - eth_getTransactionCount
[2021/01/05 16:17:29.696] - eth_getBalance
[2021/01/05 16:17:29.707] - eth_getTransactionCount
[2021/01/05 16:17:29.719] - eth_getBalance
[2021/01/05 16:17:29.729] - eth_getTransactionCount
[2021/01/05 16:17:29.739] - eth_getBalance
[2021/01/05 16:17:29.749] - eth_getTransactionCount
[2021/01/05 16:17:29.759] - eth_getBalance
[2021/01/05 16:17:29.769] - eth_getTransactionCount
[2021/01/05 16:17:29.779] - eth_getBalance
[2021/01/05 16:17:29.792] - eth_getTransactionCount
[2021/01/05 16:17:29.801] - eth_getBalance
[2021/01/05 16:17:29.811] - eth_getTransactionCount
[2021/01/05 16:17:29.821] - eth_getBalance
[2021/01/05 16:17:29.830] - eth_getTransactionCount
[2021/01/05 16:17:29.840] - eth_getBalance
[2021/01/05 16:17:30.232] - eth_getBalance
[2021/01/05 16:17:30.243] - eth_getTransactionCount
[2021/01/05 16:17:30.253] - eth_getBalance
[2021/01/05 16:17:30.265] - eth_getTransactionCount
[2021/01/05 16:17:30.276] - eth_getBalance
[2021/01/05 16:17:30.295] - eth_getTransactionCount
[2021/01/05 16:17:30.305] - eth_getBalance
[2021/01/05 16:17:30.315] - eth_getTransactionCount
[2021/01/05 16:17:30.325] - eth_getBalance
[2021/01/05 16:17:30.335] - eth_getTransactionCount
[2021/01/05 16:17:30.347] - eth_getBalance
[2021/01/05 16:17:30.356] - eth_getTransactionCount
[2021/01/05 16:17:30.366] - eth_getBalance
[2021/01/05 16:17:30.378] - eth_getTransactionCount
[2021/01/05 16:17:30.388] - eth_getBalance
[2021/01/05 16:17:30.402] - eth_getTransactionCount
[2021/01/05 16:17:30.417] - eth_getBalance
[2021/01/05 16:17:30.428] - eth_getTransactionCount
[2021/01/05 16:17:30.440] - eth_getBalance
[2021/01/05 16:17:30.450] - eth_getTransactionCount
[2021/01/05 16:17:30.464] - eth_getBalance
[2021/01/05 16:17:30.490] - eth_getTransactionCount
[2021/01/05 16:17:30.491] - eth_getBalance
[2021/01/05 16:17:30.501] - eth_getTransactionCount
[2021/01/05 16:17:30.513] - eth_getBalance
[2021/01/05 16:17:30.525] - eth_getTransactionCount
[2021/01/05 16:17:30.535] - eth_getBalance
[2021/01/05 16:17:30.546] - eth_getTransactionCount
[2021/01/05 16:17:30.558] - eth_getBalance
[2021/01/05 16:17:30.569] - eth_getTransactionCount
[2021/01/05 16:17:30.579] - eth_getBalance
[2021/01/05 16:17:30.589] - eth_getTransactionCount
[2021/01/05 16:17:30.599] - eth_getBalance
[2021/01/05 16:17:30.609] - eth_getTransactionCount
[2021/01/05 16:17:30.618] - eth_getBalance
[2021/01/05 16:17:30.628] - eth_getTransactionCount
[2021/01/05 16:18:13.468] - eth_getBalance
[2021/01/05 16:18:13.528] - net_version
[2021/01/05 16:18:13.535] - eth_getCode
[2021/01/05 16:18:13.544] - eth_getBlockByNumber
[2021/01/05 16:18:13.555] - eth_getBalance
[2021/01/05 16:18:13.560] - eth_getTransactionCount
[2021/01/05 16:18:13.565] - eth_getStorageAt
[2021/01/05 16:18:13.588] - eth_getStorageAt
[2021/01/05 16:18:13.592] - eth_getStorageAt
[2021/01/05 16:18:13.599] - eth_getStorageAt
[2021/01/05 16:18:13.604] - eth_getStorageAt
[2021/01/05 16:18:13.611] - eth_getStorageAt
[2021/01/05 16:18:13.614] - eth_getStorageAt
[2021/01/05 16:18:13.619] - eth_getStorageAt
[2021/01/05 16:20:51.032] - eth_blockNumber
[2021/01/05 16:20:51.034] - eth_blockNumber
[2021/01/05 16:20:51.054] - net_version
[2021/01/05 16:20:51.057] - net_version
[2021/01/05 16:20:51.064] - eth_accounts
[2021/01/05 16:20:51.066] - eth_accounts
[2021/01/05 16:20:51.266] - eth_accounts
[2021/01/05 16:20:52.203] - eth_getBlockByNumber
[2021/01/05 16:20:52.215] - eth_accounts
[2021/01/05 16:20:52.243] - eth_getBlockByNumber
[2021/01/05 16:20:52.253] - eth_getBlockByNumber
[2021/01/05 16:20:52.265] - eth_getBlockByNumber
[2021/01/05 16:20:52.277] - eth_estimateGas
[2021/01/05 16:20:54.553] - eth_getBlockByNumber
[2021/01/05 16:20:54.554] - eth_blockNumber
[2021/01/05 16:20:54.572] - eth_sendTransaction
[2021/01/05 16:20:54.661] - 
[2021/01/05 16:20:54.662] -   Transaction: 0xf637654142fc226eaacf49de44fdb42deafecf01f8bd8183a576f70f8c082772
[2021/01/05 16:20:54.663] -   Contract created: 0x7d222aa5d9855ee95c004431a8bc6af43971629a
[2021/01/05 16:20:54.664] -   Gas usage: 191931
[2021/01/05 16:20:54.665] -   Block Number: 5
[2021/01/05 16:20:54.666] -   Block Time: Tue Jan 05 2021 16:20:54 GMT+0800 (Malaysia Time)
[2021/01/05 16:20:54.667] - 
[2021/01/05 16:20:54.673] - eth_getBlockByNumber
[2021/01/05 16:20:54.676] - eth_getTransactionReceipt
[2021/01/05 16:20:54.691] - eth_getCode
[2021/01/05 16:20:54.706] - eth_getBlockByNumber
[2021/01/05 16:20:54.713] - eth_getBlockByNumber
[2021/01/05 16:20:54.734] - eth_sendTransaction
[2021/01/05 16:20:54.846] - 
[2021/01/05 16:20:54.847] -   Transaction: 0xddec9ad2949e1909297cc9cd22f90699764f8f704ab9bdaf463c61df50901d5b
[2021/01/05 16:20:54.849] -   Gas usage: 42338
[2021/01/05 16:20:54.850] -   Block Number: 6
[2021/01/05 16:20:54.851] -   Block Time: Tue Jan 05 2021 16:20:54 GMT+0800 (Malaysia Time)
[2021/01/05 16:20:54.852] - 
[2021/01/05 16:20:54.855] - eth_getBlockByNumber
[2021/01/05 16:20:54.858] - eth_getTransactionReceipt
[2021/01/05 16:20:54.883] - eth_getBlockByNumber
[2021/01/05 16:20:54.895] - eth_accounts
[2021/01/05 16:20:54.917] - eth_getBalance
[2021/01/05 16:20:54.921] - eth_getBlockByNumber
[2021/01/05 16:20:54.933] - eth_getBlockByNumber
[2021/01/05 16:20:54.945] - eth_getTransactionCount
[2021/01/05 16:20:54.950] - eth_getBlockByNumber
[2021/01/05 16:20:54.964] - eth_estimateGas
[2021/01/05 16:20:54.986] - eth_getBalance
[2021/01/05 16:20:55.033] - eth_getTransactionCount
[2021/01/05 16:20:55.044] - eth_getBalance
[2021/01/05 16:20:55.080] - eth_getTransactionCount
[2021/01/05 16:20:55.117] - eth_getBalance
[2021/01/05 16:20:55.145] - eth_getTransactionCount
[2021/01/05 16:20:55.155] - eth_getBlockByNumber
[2021/01/05 16:20:55.156] - eth_blockNumber
[2021/01/05 16:20:55.179] - eth_getBalance
[2021/01/05 16:20:55.188] - eth_sendTransaction
[2021/01/05 16:20:55.216] - eth_getTransactionCount
[2021/01/05 16:20:55.259] - eth_getBalance
[2021/01/05 16:20:55.269] - eth_getTransactionCount
[2021/01/05 16:20:55.290] - eth_getBalance
[2021/01/05 16:20:55.320] - 
[2021/01/05 16:20:55.321] -   Transaction: 0x2e869de8383a962f71c76fb60534eb7565423d2b14b7baee19c915e59a1a4cad
[2021/01/05 16:20:55.322] -   Contract created: 0x568a3d3ea4a108703451f15b00da98fe49a46a89
[2021/01/05 16:20:55.322] -   Gas usage: 769231
[2021/01/05 16:20:55.324] -   Block Number: 7
[2021/01/05 16:20:55.325] -   Block Time: Tue Jan 05 2021 16:20:55 GMT+0800 (Malaysia Time)
[2021/01/05 16:20:55.326] - 
[2021/01/05 16:20:55.331] - eth_getBlockByNumber
[2021/01/05 16:20:55.333] - eth_getTransactionCount
[2021/01/05 16:20:55.337] - eth_getTransactionReceipt
[2021/01/05 16:20:55.345] - eth_getBalance
[2021/01/05 16:20:55.370] - eth_getTransactionCount
[2021/01/05 16:20:55.374] - eth_getCode
[2021/01/05 16:20:55.390] - eth_getBalance
[2021/01/05 16:20:55.401] - eth_getBlockByNumber
[2021/01/05 16:20:55.412] - eth_getBlockByNumber
[2021/01/05 16:20:55.428] - eth_sendTransaction
[2021/01/05 16:20:55.456] - eth_getTransactionCount
[2021/01/05 16:20:55.493] - eth_getBalance
[2021/01/05 16:20:55.511] - 
[2021/01/05 16:20:55.513] -   Transaction: 0x4cb5cdf7ab3a677b421e2291a93f16665d3fdf813ac53e97ca11a38be9af320d
[2021/01/05 16:20:55.514] -   Gas usage: 27338
[2021/01/05 16:20:55.515] -   Block Number: 8
[2021/01/05 16:20:55.516] -   Block Time: Tue Jan 05 2021 16:20:55 GMT+0800 (Malaysia Time)
[2021/01/05 16:20:55.518] - 
[2021/01/05 16:20:55.524] - eth_getBlockByNumber
[2021/01/05 16:20:55.526] - eth_getTransactionReceipt
[2021/01/05 16:20:55.529] - eth_getTransactionCount
[2021/01/05 16:20:55.553] - eth_getBalance
[2021/01/05 16:20:55.578] - eth_getTransactionCount
[2021/01/05 16:20:55.596] - eth_getBalance
[2021/01/05 16:20:55.601] - evm_snapshot
[2021/01/05 16:20:55.610] - Saved snapshot #1
[2021/01/05 16:20:55.615] - eth_getTransactionCount
[2021/01/05 16:20:55.631] - eth_getBalance
[2021/01/05 16:20:55.645] - eth_getTransactionCount
[2021/01/05 16:20:55.659] - eth_getBalance
[2021/01/05 16:20:55.667] - eth_blockNumber
[2021/01/05 16:20:55.673] - eth_getTransactionCount
[2021/01/05 16:20:55.680] - eth_getBlockByNumber
[2021/01/05 16:20:55.686] - eth_getBalance
[2021/01/05 16:20:55.692] - eth_getBlockByNumber
[2021/01/05 16:20:55.693] - eth_getBlockByNumber
[2021/01/05 16:20:55.696] - eth_blockNumber
[2021/01/05 16:20:55.700] - eth_getTransactionCount
[2021/01/05 16:20:55.701] - eth_sendTransaction
[2021/01/05 16:20:55.715] - eth_getBlockByNumber
[2021/01/05 16:20:55.716] - eth_getBlockByNumber
[2021/01/05 16:20:55.718] - eth_getBalance
[2021/01/05 16:20:55.743] - eth_getTransactionCount
[2021/01/05 16:20:55.771] - eth_getBalance
[2021/01/05 16:20:55.795] - 
[2021/01/05 16:20:55.797] -   Transaction: 0xb191e85aa26d1aee331aff085b62ce1cbaa36fa58194f36f8bfbbfb53db0f491
[2021/01/05 16:20:55.798] -   Gas usage: 86187
[2021/01/05 16:20:55.799] -   Block Number: 9
[2021/01/05 16:20:55.800] -   Block Time: Tue Jan 05 2021 16:20:55 GMT+0800 (Malaysia Time)
[2021/01/05 16:20:55.801] - 
[2021/01/05 16:20:55.808] - eth_getBlockByNumber
[2021/01/05 16:20:55.810] - eth_getTransactionReceipt
[2021/01/05 16:20:55.812] - eth_getTransactionCount
[2021/01/05 16:20:55.830] - eth_getBlockByNumber
[2021/01/05 16:20:55.832] - eth_getBalance
[2021/01/05 16:20:55.836] - eth_blockNumber
[2021/01/05 16:20:55.856] - eth_getTransactionCount
[2021/01/05 16:20:55.876] - eth_sendTransaction
[2021/01/05 16:20:55.878] - eth_getBlockByNumber
[2021/01/05 16:20:55.882] - eth_getBlockByNumber
[2021/01/05 16:20:55.901] - eth_getBalance
[2021/01/05 16:20:55.918] - eth_getTransactionCount
[2021/01/05 16:20:55.982] - eth_getBalance
[2021/01/05 16:20:55.984] - eth_getTransactionCount
[2021/01/05 16:20:56.020] - 
[2021/01/05 16:20:56.021] -   Transaction: 0x020fd9a1481c6c440cd2ce863e1562e2a66fd1c647ffe33720e1b87a1ea2b1ef
[2021/01/05 16:20:56.023] -   Gas usage: 71187
[2021/01/05 16:20:56.023] -   Block Number: 10
[2021/01/05 16:20:56.024] -   Block Time: Tue Jan 05 2021 16:20:55 GMT+0800 (Malaysia Time)
[2021/01/05 16:20:56.025] - 
[2021/01/05 16:20:56.033] - eth_getBlockByNumber
[2021/01/05 16:20:56.036] - eth_getTransactionReceipt
[2021/01/05 16:20:56.041] - eth_getBlockByNumber
[2021/01/05 16:20:56.048] - eth_getBlockByNumber
[2021/01/05 16:20:56.096] - eth_call
[2021/01/05 16:20:56.208] - eth_blockNumber
[2021/01/05 16:20:56.228] - eth_getBlockByNumber
[2021/01/05 16:20:56.245] - eth_getBlockByNumber
[2021/01/05 16:20:56.256] - eth_getLogs
[2021/01/05 16:20:56.273] - eth_blockNumber
[2021/01/05 16:20:56.293] - eth_getBlockByNumber
[2021/01/05 16:20:56.307] - eth_getBlockByNumber
[2021/01/05 16:20:56.318] - eth_call
[2021/01/05 16:20:56.389] - eth_getBlockByNumber
[2021/01/05 16:20:56.391] - evm_revert
[2021/01/05 16:20:56.397] - Reverting to snapshot #1
[2021/01/05 16:20:56.403] - eth_getBlockByNumber
[2021/01/05 16:20:56.457] - evm_snapshot
[2021/01/05 16:20:56.461] - Saved snapshot #1
[2021/01/05 16:20:56.496] - eth_blockNumber
[2021/01/05 16:20:56.526] - eth_getBlockByNumber
[2021/01/05 16:20:56.547] - eth_getBlockByNumber
[2021/01/05 16:20:56.554] - eth_blockNumber
[2021/01/05 16:20:56.559] - eth_getBlockByNumber
[2021/01/05 16:20:56.577] - eth_sendTransaction
[2021/01/05 16:20:56.590] - eth_getBlockByNumber
[2021/01/05 16:20:56.592] - eth_getBlockByNumber
[2021/01/05 16:20:56.701] - eth_getBlockByNumber
[2021/01/05 16:20:56.725] - 
[2021/01/05 16:20:56.726] -   Transaction: 0x8505541590f989444429d04ddc21a02cb0e35273530793333801c33207ddf130
[2021/01/05 16:20:56.728] -   Gas usage: 168903
[2021/01/05 16:20:56.728] -   Block Number: 9
[2021/01/05 16:20:56.730] -   Block Time: Tue Jan 05 2021 16:20:56 GMT+0800 (Malaysia Time)
[2021/01/05 16:20:56.731] - 
[2021/01/05 16:20:56.749] - eth_getTransactionReceipt
[2021/01/05 16:20:56.762] - eth_getBlockByNumber
[2021/01/05 16:20:56.767] - eth_getBlockByNumber
[2021/01/05 16:20:56.770] - eth_blockNumber
[2021/01/05 16:20:56.772] - eth_sendTransaction
[2021/01/05 16:20:56.792] - eth_getBlockByNumber
[2021/01/05 16:20:56.858] - eth_getBlockByNumber
[2021/01/05 16:20:56.883] - eth_getBlockByNumber
[2021/01/05 16:20:56.935] - 
[2021/01/05 16:20:56.936] -   Transaction: 0xe87e96425e09cb9c1010515145cd76750d87434fa238f155912f578cc11deb0e
[2021/01/05 16:20:56.937] -   Gas usage: 123903
[2021/01/05 16:20:56.938] -   Block Number: 10
[2021/01/05 16:20:56.939] -   Block Time: Tue Jan 05 2021 16:20:56 GMT+0800 (Malaysia Time)
[2021/01/05 16:20:56.939] - 
[2021/01/05 16:20:56.948] - eth_getTransactionReceipt
[2021/01/05 16:20:56.952] - eth_getBlockByNumber
[2021/01/05 16:20:56.962] - eth_getBlockByNumber
[2021/01/05 16:20:56.966] - eth_getBlockByNumber
[2021/01/05 16:20:56.971] - eth_call
[2021/01/05 16:20:57.168] - eth_getBlockByNumber
[2021/01/05 16:20:57.169] - eth_blockNumber
[2021/01/05 16:20:57.188] - eth_getBlockByNumber
[2021/01/05 16:20:57.189] - eth_getBlockByNumber
[2021/01/05 16:20:57.200] - eth_getBlockByNumber
[2021/01/05 16:20:57.209] - eth_getLogs
[2021/01/05 16:20:57.216] - eth_blockNumber
[2021/01/05 16:20:57.233] - eth_getBlockByNumber
[2021/01/05 16:20:57.243] - eth_getBlockByNumber
[2021/01/05 16:20:57.254] - eth_call
[2021/01/05 16:20:57.344] - evm_revert
[2021/01/05 16:20:57.351] - Reverting to snapshot #1
[2021/01/05 16:20:57.383] - eth_getBlockByNumber
[2021/01/05 16:20:57.396] - evm_snapshot
[2021/01/05 16:20:57.398] - Saved snapshot #1
[2021/01/05 16:20:57.400] - eth_getBlockByNumber
[2021/01/05 16:20:57.426] - eth_blockNumber
[2021/01/05 16:20:57.442] - eth_getBlockByNumber
[2021/01/05 16:20:57.461] - eth_getBlockByNumber
[2021/01/05 16:20:57.463] - eth_blockNumber
[2021/01/05 16:20:57.489] - eth_sendTransaction
[2021/01/05 16:20:57.491] - eth_getBlockByNumber
[2021/01/05 16:20:57.562] - eth_getBlockByNumber
[2021/01/05 16:20:57.580] - 
[2021/01/05 16:20:57.581] -   Transaction: 0x2f4f0ffe84e164f880226f695598ae5a98e24a2f625541e0a9eea3a5683e886e
[2021/01/05 16:20:57.582] -   Gas usage: 86187
[2021/01/05 16:20:57.582] -   Block Number: 9
[2021/01/05 16:20:57.583] -   Block Time: Tue Jan 05 2021 16:20:57 GMT+0800 (Malaysia Time)
[2021/01/05 16:20:57.584] - 
[2021/01/05 16:20:57.590] - eth_getTransactionReceipt
[2021/01/05 16:20:57.599] - eth_getBlockByNumber
[2021/01/05 16:20:57.604] - eth_getBlockByNumber
[2021/01/05 16:20:57.609] - eth_blockNumber
[2021/01/05 16:20:57.611] - eth_sendTransaction
[2021/01/05 16:20:57.636] - eth_getBlockByNumber
[2021/01/05 16:20:57.696] - eth_getBlockByNumber
[2021/01/05 16:20:57.714] - 
[2021/01/05 16:20:57.716] -   Transaction: 0x9dc8ab9d6ebc87625b353289459f62cb566580d1ad7dd63eb0ea7b888d1bfeee
[2021/01/05 16:20:57.717] -   Gas usage: 78234
[2021/01/05 16:20:57.718] -   Block Number: 10
[2021/01/05 16:20:57.719] -   Block Time: Tue Jan 05 2021 16:20:57 GMT+0800 (Malaysia Time)
[2021/01/05 16:20:57.720] - 
[2021/01/05 16:20:57.782] - eth_getTransactionReceipt
[2021/01/05 16:20:57.789] - eth_getBlockByNumber
[2021/01/05 16:20:57.792] - eth_getBlockByNumber
[2021/01/05 16:20:57.794] - eth_getBlockByNumber
[2021/01/05 16:20:57.798] - eth_blockNumber
[2021/01/05 16:20:57.799] - eth_sendTransaction
[2021/01/05 16:20:57.800] - eth_getBlockByNumber
[2021/01/05 16:20:57.823] - eth_getBlockByNumber
[2021/01/05 16:20:57.854] - eth_getBalance
[2021/01/05 16:20:57.855] - eth_getBlockByNumber
[2021/01/05 16:20:57.869] - eth_getTransactionCount
[2021/01/05 16:20:57.877] - 
[2021/01/05 16:20:57.878] -   Transaction: 0xc9df6726705e5a7ae3b2cef546d493a994a11456795c96938c5a51978f2c89e4
[2021/01/05 16:20:57.878] -   Gas usage: 56187
[2021/01/05 16:20:57.878] -   Block Number: 11
[2021/01/05 16:20:57.879] -   Block Time: Tue Jan 05 2021 16:20:57 GMT+0800 (Malaysia Time)
[2021/01/05 16:20:57.879] - 
[2021/01/05 16:20:57.885] - eth_getBlockByNumber
[2021/01/05 16:20:57.887] - eth_getTransactionReceipt
[2021/01/05 16:20:57.888] - eth_getBalance
[2021/01/05 16:20:57.889] - eth_getBlockByNumber
[2021/01/05 16:20:57.893] - eth_getBlockByNumber
[2021/01/05 16:20:57.895] - eth_blockNumber
[2021/01/05 16:20:57.898] - eth_getBlockByNumber
[2021/01/05 16:20:57.904] - eth_getTransactionCount
[2021/01/05 16:20:57.923] - eth_getBalance
[2021/01/05 16:20:57.930] - eth_getBlockByNumber
[2021/01/05 16:20:57.933] - eth_sendTransaction
[2021/01/05 16:20:57.934] - eth_getBlockByNumber
[2021/01/05 16:20:57.939] - eth_getTransactionCount
[2021/01/05 16:20:57.959] - eth_getBalance
[2021/01/05 16:20:57.970] - eth_getBlockByNumber
[2021/01/05 16:20:57.975] - eth_getTransactionCount
[2021/01/05 16:20:57.987] - eth_getBalance
[2021/01/05 16:20:58.003] - 
[2021/01/05 16:20:58.004] -   Transaction: 0x3094c55e3b66c8b70c269f289f89a8ba67261d10f57dada4b3e44acc9e9612ca
[2021/01/05 16:20:58.004] -   Gas usage: 138903
[2021/01/05 16:20:58.005] -   Block Number: 12
[2021/01/05 16:20:58.005] -   Block Time: Tue Jan 05 2021 16:20:57 GMT+0800 (Malaysia Time)
[2021/01/05 16:20:58.006] - 
[2021/01/05 16:20:58.019] - eth_getBlockByNumber
[2021/01/05 16:20:58.020] - eth_getTransactionCount
[2021/01/05 16:20:58.021] - eth_getBalance
[2021/01/05 16:20:58.023] - eth_getTransactionReceipt
[2021/01/05 16:20:58.024] - eth_getBlockByNumber
[2021/01/05 16:20:58.025] - eth_blockNumber
[2021/01/05 16:20:58.038] - eth_getBlockByNumber
[2021/01/05 16:20:58.047] - eth_getTransactionCount
[2021/01/05 16:20:58.060] - eth_getBalance
[2021/01/05 16:20:58.072] - eth_sendTransaction
[2021/01/05 16:20:58.073] - eth_getBlockByNumber
[2021/01/05 16:20:58.105] - eth_getTransactionCount
[2021/01/05 16:20:58.125] - eth_getBalance
[2021/01/05 16:20:58.129] - 
[2021/01/05 16:20:58.130] -   Transaction: 0xcfd27d774bc76b6ceb60523a06280a8da429bd84ec62c0046a06a08546e7cc94
[2021/01/05 16:20:58.130] -   Gas usage: 63234
[2021/01/05 16:20:58.131] -   Block Number: 13
[2021/01/05 16:20:58.131] -   Block Time: Tue Jan 05 2021 16:20:58 GMT+0800 (Malaysia Time)
[2021/01/05 16:20:58.132] - 
[2021/01/05 16:20:58.136] - eth_getBlockByNumber
[2021/01/05 16:20:58.137] - eth_getTransactionReceipt
[2021/01/05 16:20:58.143] - eth_getBlockByNumber
[2021/01/05 16:20:58.144] - eth_blockNumber
[2021/01/05 16:20:58.148] - eth_getTransactionCount
[2021/01/05 16:20:58.169] - eth_getBalance
[2021/01/05 16:20:58.177] - eth_sendTransaction
[2021/01/05 16:20:58.178] - eth_getBlockByNumber
[2021/01/05 16:20:58.182] - eth_getBlockByNumber
[2021/01/05 16:20:58.188] - eth_getTransactionCount
[2021/01/05 16:20:58.210] - eth_getBalance
[2021/01/05 16:20:58.247] - eth_getTransactionCount
[2021/01/05 16:20:58.288] - 
[2021/01/05 16:20:58.290] -   Transaction: 0xa0b0114573b5131fb01d94b8e1188936e0555cb601982a4fb35d83d2d3a9e5be
[2021/01/05 16:20:58.291] -   Gas usage: 123903
[2021/01/05 16:20:58.292] -   Block Number: 14
[2021/01/05 16:20:58.293] -   Block Time: Tue Jan 05 2021 16:20:58 GMT+0800 (Malaysia Time)
[2021/01/05 16:20:58.294] - 
[2021/01/05 16:20:58.302] - eth_getBlockByNumber
[2021/01/05 16:20:58.305] - eth_getTransactionReceipt
[2021/01/05 16:20:58.309] - eth_getBlockByNumber
[2021/01/05 16:20:58.311] - eth_getBalance
[2021/01/05 16:20:58.315] - eth_getBlockByNumber
[2021/01/05 16:20:58.351] - eth_getTransactionCount
[2021/01/05 16:20:58.406] - eth_getBalance
[2021/01/05 16:20:58.407] - eth_call
[2021/01/05 16:20:58.408] - eth_getBlockByNumber
[2021/01/05 16:20:58.410] - eth_getTransactionCount
[2021/01/05 16:20:58.435] - eth_getBalance
[2021/01/05 16:20:58.504] - eth_getTransactionCount
[2021/01/05 16:20:58.506] - eth_getBalance
[2021/01/05 16:20:58.526] - eth_getTransactionCount
[2021/01/05 16:20:58.546] - eth_getBalance
[2021/01/05 16:20:58.563] - eth_getTransactionCount
[2021/01/05 16:20:58.581] - eth_getBalance
[2021/01/05 16:20:58.586] - eth_getBlockByNumber
[2021/01/05 16:20:58.589] - eth_getBlockByNumber
[2021/01/05 16:20:58.591] - eth_blockNumber
[2021/01/05 16:20:58.596] - eth_getBlockByNumber
[2021/01/05 16:20:58.602] - eth_getTransactionCount
[2021/01/05 16:20:58.612] - eth_getBlockByNumber
[2021/01/05 16:20:58.613] - eth_getBlockByNumber
[2021/01/05 16:20:58.624] - eth_getBalance
[2021/01/05 16:20:58.628] - eth_getBlockByNumber
[2021/01/05 16:20:58.630] - eth_getBlockByNumber
[2021/01/05 16:20:58.637] - eth_getLogs
[2021/01/05 16:20:58.656] - eth_getTransactionCount
[2021/01/05 16:20:58.659] - eth_blockNumber
[2021/01/05 16:20:58.687] - eth_getBlockByNumber
[2021/01/05 16:20:58.693] - eth_getBalance
[2021/01/05 16:20:58.700] - eth_getBlockByNumber
[2021/01/05 16:20:58.702] - eth_getBlockByNumber
[2021/01/05 16:20:58.720] - eth_call
[2021/01/05 16:20:58.722] - eth_getBlockByNumber
[2021/01/05 16:20:58.724] - eth_getTransactionCount
[2021/01/05 16:20:58.780] - eth_getBalance
[2021/01/05 16:20:58.783] - eth_getTransactionCount
[2021/01/05 16:20:58.795] - eth_getBlockByNumber
[2021/01/05 16:20:58.797] - eth_getBlockByNumber
[2021/01/05 16:20:58.825] - eth_getBalance
[2021/01/05 16:20:58.850] - eth_getTransactionCount
[2021/01/05 16:21:00.756] - eth_getBalance
[2021/01/05 16:21:00.776] - eth_getTransactionCount
[2021/01/05 16:21:00.800] - eth_getBalance
[2021/01/05 16:21:00.824] - eth_getTransactionCount
[2021/01/05 16:21:00.852] - eth_getTransactionCount
[2021/01/05 16:21:00.873] - eth_getBalance
[2021/01/05 16:21:00.898] - eth_getTransactionCount
[2021/01/05 16:21:00.918] - eth_getBalance
[2021/01/05 16:21:00.940] - eth_getTransactionCount
[2021/01/05 16:21:00.962] - eth_getBalance
[2021/01/05 16:21:00.982] - eth_getTransactionCount
[2021/01/05 16:21:01.004] - eth_getBalance
[2021/01/05 16:21:01.025] - eth_getTransactionCount
[2021/01/05 16:21:01.048] - eth_getBalance
[2021/01/05 16:21:01.070] - eth_getTransactionCount
[2021/01/05 16:21:01.093] - eth_getBalance
[2021/01/05 16:21:01.114] - eth_getTransactionCount
[2021/01/05 16:21:01.137] - eth_getBalance
[2021/01/05 16:21:01.163] - eth_getTransactionCount
[2021/01/05 16:21:02.588] - eth_getBalance
[2021/01/05 16:21:02.611] - eth_getTransactionCount
[2021/01/05 16:21:02.631] - eth_getBalance
[2021/01/05 16:21:02.661] - eth_getTransactionCount
[2021/01/05 16:21:02.680] - eth_getBalance
[2021/01/05 16:21:02.702] - eth_getTransactionCount
[2021/01/05 16:21:02.729] - eth_getBalance
[2021/01/05 16:21:02.748] - eth_getTransactionCount
[2021/01/05 16:21:02.769] - eth_getBalance
[2021/01/05 16:21:02.793] - eth_getTransactionCount
[2021/01/05 16:21:02.859] - eth_getBalance
[2021/01/05 16:21:02.885] - eth_getTransactionCount
[2021/01/05 16:21:02.907] - eth_getBalance
[2021/01/05 16:21:02.931] - eth_getTransactionCount
[2021/01/05 16:21:02.954] - eth_getBalance
[2021/01/05 16:21:02.973] - eth_getTransactionCount
[2021/01/05 16:21:02.994] - eth_getBalance
[2021/01/05 16:21:03.017] - eth_getTransactionCount
[2021/01/05 16:21:03.039] - eth_getBalance
[2021/01/05 16:21:03.062] - eth_getTransactionCount
[2021/01/05 16:21:03.081] - eth_getBalance
[2021/01/05 16:21:03.104] - eth_getTransactionCount
[2021/01/05 16:21:03.128] - eth_getBalance
[2021/01/05 16:21:03.151] - eth_getTransactionCount
[2021/01/05 16:21:03.176] - eth_getBalance
[2021/01/05 16:21:03.189] - eth_getTransactionCount
[2021/01/05 16:21:03.210] - eth_getBalance
[2021/01/05 16:21:03.232] - eth_getTransactionCount
[2021/01/05 16:21:03.253] - eth_getBalance
[2021/01/05 16:21:03.276] - eth_getTransactionCount
[2021/01/05 16:21:03.289] - eth_getBalance
[2021/01/05 16:21:03.305] - eth_getTransactionCount
[2021/01/05 16:21:03.319] - eth_getBalance
[2021/01/05 16:21:03.331] - eth_getTransactionCount
[2021/01/05 16:21:03.347] - eth_getBalance
[2021/01/05 16:21:03.360] - eth_getTransactionCount
[2021/01/05 16:21:03.371] - eth_getBalance
[2021/01/05 16:21:03.383] - eth_getTransactionCount
[2021/01/05 16:21:03.393] - eth_getBalance
[2021/01/05 16:21:03.412] - eth_getTransactionCount
[2021/01/05 16:21:03.440] - eth_getBalance
[2021/01/05 16:21:03.452] - eth_getTransactionCount
[2021/01/05 16:21:03.470] - eth_getBalance
[2021/01/05 16:21:03.491] - eth_getTransactionCount
[2021/01/05 16:21:03.500] - eth_getBalance
[2021/01/05 16:21:03.511] - eth_getTransactionCount
[2021/01/05 16:21:03.522] - eth_getBalance
[2021/01/05 16:21:03.531] - eth_getTransactionCount
[2021/01/05 16:21:03.546] - eth_getBalance
[2021/01/05 16:21:03.560] - eth_getTransactionCount
[2021/01/05 16:21:03.572] - eth_getBalance
[2021/01/05 16:21:03.587] - eth_getTransactionCount
[2021/01/05 16:21:03.601] - eth_getBalance
[2021/01/05 16:21:03.612] - eth_getTransactionCount
[2021/01/05 16:21:03.623] - eth_getBalance
[2021/01/05 16:21:03.634] - eth_getTransactionCount
[2021/01/05 16:21:03.647] - eth_getBalance
[2021/01/05 16:21:03.667] - eth_getTransactionCount
[2021/01/05 16:21:03.690] - eth_getBalance
[2021/01/05 16:21:03.716] - eth_getTransactionCount
[2021/01/05 16:21:03.942] - eth_getBalance
[2021/01/05 16:21:03.962] - eth_getTransactionCount
[2021/01/05 16:21:03.985] - eth_getBalance
[2021/01/05 16:21:04.007] - eth_getTransactionCount
[2021/01/05 16:21:04.027] - eth_getBalance
[2021/01/05 16:21:04.046] - eth_getTransactionCount
[2021/01/05 16:21:04.071] - eth_getBalance
[2021/01/05 16:21:04.090] - eth_getTransactionCount
[2021/01/05 16:21:04.110] - eth_getBalance
[2021/01/05 16:21:04.175] - eth_getBalance
[2021/01/05 16:21:04.226] - eth_getTransactionCount
[2021/01/05 16:21:04.249] - eth_getBalance
[2021/01/05 16:21:04.272] - eth_getTransactionCount
[2021/01/05 16:21:04.296] - eth_getBalance
[2021/01/05 16:21:04.320] - eth_getTransactionCount
[2021/01/05 16:21:04.342] - eth_getBalance
[2021/01/05 16:21:04.364] - eth_getTransactionCount
[2021/01/05 16:21:04.388] - eth_getBalance
[2021/01/05 16:21:04.410] - eth_getTransactionCount
[2021/01/05 16:21:04.430] - eth_getBalance
[2021/01/05 16:21:04.452] - eth_getTransactionCount
[2021/01/05 16:21:04.479] - eth_getBalance
[2021/01/05 16:21:04.501] - eth_getTransactionCount
[2021/01/05 16:21:04.527] - eth_getBalance
[2021/01/05 16:21:04.546] - eth_getTransactionCount
[2021/01/05 16:21:04.569] - eth_getBalance
[2021/01/05 16:21:04.591] - eth_getTransactionCount
[2021/01/05 16:21:04.613] - eth_getBalance
[2021/01/05 16:21:04.633] - eth_getBalance
[2021/01/05 16:21:04.653] - eth_getTransactionCount
[2021/01/05 16:21:04.674] - eth_getBalance
[2021/01/05 16:21:04.692] - eth_getTransactionCount
[2021/01/05 16:21:04.714] - eth_getBalance
[2021/01/05 16:21:04.738] - eth_getTransactionCount
[2021/01/05 16:21:04.762] - eth_getBalance
[2021/01/05 16:21:04.782] - eth_getTransactionCount
[2021/01/05 16:21:04.806] - eth_getBalance
[2021/01/05 16:21:04.825] - eth_getTransactionCount
[2021/01/05 16:21:04.845] - eth_getBalance
[2021/01/05 16:21:04.906] - eth_getTransactionCount
[2021/01/05 16:21:04.956] - eth_getBalance
[2021/01/05 16:21:04.987] - eth_getTransactionCount
[2021/01/05 16:21:05.016] - eth_getBalance
[2021/01/05 16:21:05.040] - eth_getTransactionCount
[2021/01/05 16:21:05.068] - eth_getBalance
[2021/01/05 16:21:05.088] - eth_getTransactionCount
[2021/01/05 16:21:05.111] - eth_getBalance
[2021/01/05 16:21:05.134] - eth_getBalance
[2021/01/05 16:21:05.157] - eth_getTransactionCount
[2021/01/05 16:21:05.182] - eth_getBalance
[2021/01/05 16:21:05.202] - eth_getTransactionCount
[2021/01/05 16:21:05.222] - eth_getBalance
[2021/01/05 16:21:05.249] - eth_getTransactionCount
[2021/01/05 16:21:05.268] - eth_getBalance
[2021/01/05 16:21:05.294] - eth_getTransactionCount
[2021/01/05 16:21:05.318] - eth_getBalance
[2021/01/05 16:21:05.338] - eth_getTransactionCount
[2021/01/05 16:21:05.636] - eth_getBalance
[2021/01/05 16:21:05.661] - eth_getTransactionCount
[2021/01/05 16:21:05.691] - eth_getBalance
[2021/01/05 16:21:05.720] - eth_getTransactionCount
[2021/01/05 16:21:05.744] - eth_getBalance
[2021/01/05 16:21:05.768] - eth_getTransactionCount
[2021/01/05 16:21:05.793] - eth_getBalance
[2021/01/05 16:21:05.816] - eth_getTransactionCount
[2021/01/05 16:21:05.837] - eth_getBalance
[2021/01/05 16:21:05.859] - eth_getTransactionCount
[2021/01/05 16:21:05.883] - eth_getBalance
[2021/01/05 16:21:05.903] - eth_getTransactionCount
[2021/01/05 16:21:05.924] - eth_getBalance
[2021/01/05 16:21:05.946] - eth_getTransactionCount
[2021/01/05 16:21:05.966] - eth_getBalance
[2021/01/05 16:21:05.988] - eth_getTransactionCount
[2021/01/05 16:21:06.015] - eth_getBalance
[2021/01/05 16:21:06.030] - eth_getTransactionCount
[2021/01/05 16:21:06.047] - eth_getBalance
[2021/01/05 16:21:06.060] - eth_getTransactionCount
[2021/01/05 16:21:06.082] - eth_getBalance
[2021/01/05 16:21:06.109] - eth_getTransactionCount
[2021/01/05 16:21:06.129] - eth_getBalance
[2021/01/05 16:21:06.151] - eth_getTransactionCount
[2021/01/05 16:21:06.178] - eth_getBalance
[2021/01/05 16:21:06.198] - eth_getTransactionCount
[2021/01/05 16:21:06.227] - eth_getBalance
[2021/01/05 16:21:06.238] - eth_getTransactionCount
[2021/01/05 16:21:06.260] - eth_getBalance
[2021/01/05 16:21:06.280] - eth_getTransactionCount
[2021/01/05 16:21:06.300] - eth_getBalance
[2021/01/05 16:21:06.324] - eth_getTransactionCount
[2021/01/05 16:21:06.343] - eth_getBalance
[2021/01/05 16:21:06.362] - eth_getTransactionCount
[2021/01/05 16:21:06.425] - eth_getBalance
[2021/01/05 16:21:06.441] - eth_getTransactionCount
[2021/01/05 16:21:06.752] - eth_getBalance
[2021/01/05 16:21:06.775] - eth_getTransactionCount
[2021/01/05 16:21:06.798] - eth_getBalance
[2021/01/05 16:21:06.818] - eth_getTransactionCount
[2021/01/05 16:21:06.837] - eth_getBalance
[2021/01/05 16:21:06.859] - eth_getTransactionCount
[2021/01/05 16:21:06.879] - eth_getBalance
[2021/01/05 16:21:06.902] - eth_getTransactionCount
[2021/01/05 16:21:06.924] - eth_getBalance
[2021/01/05 16:21:06.943] - eth_getTransactionCount
[2021/01/05 16:21:06.966] - eth_getBalance
[2021/01/05 16:21:06.986] - eth_getTransactionCount
[2021/01/05 16:21:07.005] - eth_getBalance
[2021/01/05 16:21:07.028] - eth_getTransactionCount
[2021/01/05 16:21:07.043] - eth_getBalance
[2021/01/05 16:21:07.059] - eth_getTransactionCount
[2021/01/05 16:21:07.077] - eth_getBalance
[2021/01/05 16:21:07.097] - eth_getBalance
[2021/01/05 16:21:07.126] - eth_getTransactionCount
[2021/01/05 16:21:07.155] - eth_getBalance
[2021/01/05 16:21:07.174] - eth_getTransactionCount
[2021/01/05 16:21:07.238] - eth_getBalance
[2021/01/05 16:21:07.262] - eth_getTransactionCount
[2021/01/05 16:21:07.284] - eth_getBalance
[2021/01/05 16:21:07.309] - eth_getTransactionCount
[2021/01/05 16:21:07.330] - eth_getBalance
[2021/01/05 16:21:07.352] - eth_getTransactionCount
[2021/01/05 16:21:07.383] - eth_getBalance
[2021/01/05 16:21:07.409] - eth_getTransactionCount
[2021/01/05 16:21:07.431] - eth_getBalance
[2021/01/05 16:21:07.454] - eth_getTransactionCount
[2021/01/05 16:21:07.479] - eth_getBalance
[2021/01/05 16:21:07.503] - eth_getTransactionCount
[2021/01/05 16:21:07.527] - eth_getBalance
[2021/01/05 16:21:07.546] - eth_getBalance
[2021/01/05 16:21:07.579] - eth_getTransactionCount
[2021/01/05 16:21:07.609] - eth_getBalance
[2021/01/05 16:21:07.639] - eth_getTransactionCount
[2021/01/05 16:21:07.659] - eth_getBalance
[2021/01/05 16:21:07.684] - eth_getTransactionCount
[2021/01/05 16:21:07.703] - eth_getBalance
[2021/01/05 16:21:07.727] - eth_getTransactionCount
[2021/01/05 16:21:07.745] - eth_getBalance
[2021/01/05 16:21:07.768] - eth_getTransactionCount
[2021/01/05 16:21:07.789] - eth_getBalance
[2021/01/05 16:21:07.813] - eth_getTransactionCount
[2021/01/05 16:21:07.832] - eth_getBalance
[2021/01/05 16:21:07.854] - eth_getTransactionCount
[2021/01/05 16:21:07.881] - eth_getBalance
[2021/01/05 16:21:07.900] - eth_getTransactionCount
[2021/01/05 16:21:07.922] - eth_getBalance
[2021/01/05 16:21:08.670] - eth_getBalance
[2021/01/05 16:21:08.681] - eth_getTransactionCount
[2021/01/05 16:21:08.691] - eth_getBalance
[2021/01/05 16:21:08.702] - eth_getTransactionCount
[2021/01/05 16:21:08.711] - eth_getBalance
[2021/01/05 16:21:08.722] - eth_getTransactionCount
[2021/01/05 16:21:08.736] - eth_getBalance
[2021/01/05 16:21:08.745] - eth_getTransactionCount
[2021/01/05 16:21:08.756] - eth_getBalance
[2021/01/05 16:21:08.789] - eth_getTransactionCount
[2021/01/05 16:21:08.802] - eth_getBalance
[2021/01/05 16:21:08.813] - eth_getTransactionCount
[2021/01/05 16:21:08.825] - eth_getBalance
[2021/01/05 16:21:08.836] - eth_getTransactionCount
[2021/01/05 16:21:08.845] - eth_getBalance
[2021/01/05 16:21:08.859] - eth_getTransactionCount
[2021/01/05 16:21:09.029] - eth_getBalance
[2021/01/05 16:21:09.039] - eth_getTransactionCount
[2021/01/05 16:21:09.052] - eth_getBalance
[2021/01/05 16:21:09.069] - eth_getTransactionCount
[2021/01/05 16:21:09.092] - eth_getBalance
[2021/01/05 16:21:09.113] - eth_getTransactionCount
[2021/01/05 16:21:09.134] - eth_getBalance
[2021/01/05 16:21:09.157] - eth_getTransactionCount
[2021/01/05 16:21:09.182] - eth_getBalance
[2021/01/05 16:21:09.201] - eth_getTransactionCount
[2021/01/05 16:21:09.223] - eth_getBalance
[2021/01/05 16:21:09.246] - eth_getTransactionCount
[2021/01/05 16:21:09.319] - eth_getBalance
[2021/01/05 16:21:09.342] - eth_getTransactionCount
[2021/01/05 16:21:09.365] - eth_getBalance
[2021/01/05 16:21:09.386] - eth_getTransactionCount
[2021/01/05 16:21:09.724] - eth_getBalance
[2021/01/05 16:21:09.772] - eth_getTransactionCount
[2021/01/05 16:21:09.795] - eth_getBalance
[2021/01/05 16:21:09.819] - eth_getTransactionCount
[2021/01/05 16:21:09.844] - eth_getBalance
[2021/01/05 16:21:09.868] - eth_getTransactionCount
[2021/01/05 16:21:09.888] - eth_getBalance
[2021/01/05 16:21:09.910] - eth_getTransactionCount
[2021/01/05 16:21:09.933] - eth_getBalance
[2021/01/05 16:21:09.955] - eth_getTransactionCount
[2021/01/05 16:21:09.978] - eth_getBalance
[2021/01/05 16:21:09.997] - eth_getTransactionCount
[2021/01/05 16:21:10.018] - eth_getBalance
[2021/01/05 16:21:10.040] - eth_getTransactionCount
[2021/01/05 16:21:10.060] - eth_getBalance
[2021/01/05 16:21:10.083] - eth_getTransactionCount
[2021/01/05 16:21:10.108] - eth_getBalance
[2021/01/05 16:21:10.128] - eth_getTransactionCount
[2021/01/05 16:21:10.151] - eth_getBalance
[2021/01/05 16:21:10.177] - eth_getTransactionCount
[2021/01/05 16:21:10.195] - eth_getBalance
[2021/01/05 16:21:10.213] - eth_getTransactionCount
[2021/01/05 16:21:10.236] - eth_getBalance
[2021/01/05 16:21:10.255] - eth_getTransactionCount
[2021/01/05 16:21:10.275] - eth_getBalance
[2021/01/05 16:21:10.299] - eth_getTransactionCount
[2021/01/05 16:21:10.319] - eth_getBalance
[2021/01/05 16:21:10.338] - eth_getTransactionCount
[2021/01/05 16:21:10.362] - eth_getBalance
[2021/01/05 16:21:10.380] - eth_getTransactionCount
[2021/01/05 16:21:10.400] - eth_getBalance
[2021/01/05 16:21:10.425] - eth_getTransactionCount
[2021/01/05 16:21:10.445] - eth_getBalance
[2021/01/05 16:21:10.465] - eth_getTransactionCount
[2021/01/05 16:21:10.528] - eth_getBalance
[2021/01/05 16:21:10.551] - eth_getTransactionCount
[2021/01/05 16:21:10.573] - eth_getBalance
[2021/01/05 16:21:10.597] - eth_getTransactionCount
[2021/01/05 16:21:10.618] - eth_getBalance
[2021/01/05 16:21:10.639] - eth_getTransactionCount
[2021/01/05 16:21:10.660] - eth_getBalance
[2021/01/05 16:21:10.682] - eth_getTransactionCount
[2021/01/05 16:21:10.710] - eth_getBalance
[2021/01/05 16:21:10.732] - eth_getTransactionCount
[2021/01/05 16:21:10.756] - eth_getBalance
[2021/01/05 16:21:10.786] - eth_getTransactionCount
[2021/01/05 16:21:10.816] - eth_getBalance
[2021/01/05 16:21:10.836] - eth_getTransactionCount
[2021/01/05 16:21:10.859] - eth_getBalance
[2021/01/05 16:21:10.878] - eth_getTransactionCount
[2021/01/05 16:21:10.901] - eth_getBalance
[2021/01/05 16:21:10.920] - eth_getTransactionCount
[2021/01/05 16:21:10.942] - eth_getBalance
[2021/01/05 16:21:10.961] - eth_getTransactionCount
[2021/01/05 16:21:10.984] - eth_getBalance
[2021/01/05 16:21:11.013] - eth_getTransactionCount
[2021/01/05 16:21:11.042] - eth_getBalance
[2021/01/05 16:21:11.061] - eth_getTransactionCount
[2021/01/05 16:21:11.125] - eth_getBalance
[2021/01/05 16:21:11.150] - eth_getTransactionCount
[2021/01/05 16:21:11.174] - eth_getBalance
[2021/01/05 16:21:11.198] - eth_getTransactionCount
[2021/01/05 16:21:11.219] - eth_getBalance
[2021/01/05 16:21:11.240] - eth_getTransactionCount
[2021/01/05 16:21:11.262] - eth_getBalance
[2021/01/05 16:21:11.285] - eth_getTransactionCount
[2021/01/05 16:21:11.306] - eth_getBalance
[2021/01/05 16:21:11.327] - eth_getTransactionCount
[2021/01/05 16:21:11.352] - eth_getBalance
[2021/01/05 16:21:11.375] - eth_getTransactionCount
[2021/01/05 16:21:11.404] - eth_getBalance
[2021/01/05 16:21:11.423] - eth_getTransactionCount
[2021/01/05 16:21:11.446] - eth_getBalance
[2021/01/05 16:21:11.466] - eth_getTransactionCount
[2021/01/05 16:21:11.489] - eth_getBalance
[2021/01/05 16:21:11.508] - eth_getTransactionCount
[2021/01/05 16:21:11.533] - eth_getBalance
[2021/01/05 16:21:11.552] - eth_getTransactionCount
[2021/01/05 16:21:11.574] - eth_getBalance
[2021/01/05 16:21:11.593] - eth_getTransactionCount
[2021/01/05 16:21:12.139] - eth_getBalance
[2021/01/05 16:21:12.164] - eth_getTransactionCount
[2021/01/05 16:21:12.189] - eth_getBalance
[2021/01/05 16:21:12.211] - eth_getTransactionCount
[2021/01/05 16:21:12.233] - eth_getBalance
[2021/01/05 16:21:12.261] - eth_getTransactionCount
[2021/01/05 16:21:12.279] - eth_getBalance
[2021/01/05 16:21:12.298] - eth_getTransactionCount
[2021/01/05 16:21:12.329] - eth_getBalance
[2021/01/05 16:21:12.354] - eth_getTransactionCount
[2021/01/05 16:21:12.374] - eth_getBalance
[2021/01/05 16:21:12.397] - eth_getTransactionCount
[2021/01/05 16:21:12.821] - eth_getBalance
[2021/01/05 16:21:12.851] - eth_getTransactionCount
[2021/01/05 16:21:12.869] - eth_getBalance
[2021/01/05 16:21:12.891] - eth_getTransactionCount
[2021/01/05 16:21:12.916] - eth_getBalance
[2021/01/05 16:21:12.937] - eth_getTransactionCount
[2021/01/05 16:21:12.958] - eth_getBalance
[2021/01/05 16:21:12.980] - eth_getTransactionCount
[2021/01/05 16:21:13.003] - eth_getBalance
[2021/01/05 16:21:13.032] - eth_getTransactionCount
[2021/01/05 16:21:13.054] - eth_getBalance
[2021/01/05 16:21:13.074] - eth_getTransactionCount
[2021/01/05 16:21:13.096] - eth_getBalance
[2021/01/05 16:21:13.119] - eth_getTransactionCount
[2021/01/05 16:21:13.143] - eth_getBalance
[2021/01/05 16:21:13.163] - eth_getTransactionCount
[2021/01/05 16:21:13.186] - eth_getBalance
[2021/01/05 16:21:13.211] - eth_getBalance
[2021/01/05 16:21:13.229] - eth_getTransactionCount
[2021/01/05 16:21:13.249] - eth_getBalance
[2021/01/05 16:21:13.270] - eth_getTransactionCount
[2021/01/05 16:21:13.290] - eth_getBalance
[2021/01/05 16:21:13.309] - eth_getTransactionCount
[2021/01/05 16:21:13.333] - eth_getBalance
[2021/01/05 16:21:13.351] - eth_getTransactionCount
[2021/01/05 16:21:13.372] - eth_getBalance
[2021/01/05 16:21:13.395] - eth_getTransactionCount
[2021/01/05 16:21:13.414] - eth_getBalance
[2021/01/05 16:21:13.433] - eth_getTransactionCount
[2021/01/05 16:21:13.460] - eth_getBalance
[2021/01/05 16:21:13.479] - eth_getTransactionCount
[2021/01/05 16:21:13.498] - eth_getBalance
[2021/01/05 16:21:13.518] - eth_getTransactionCount
[2021/01/05 16:21:13.541] - eth_getBalance
[2021/01/05 16:22:27.027] - eth_getBlockByNumber
[2021/01/05 16:22:27.074] - eth_getTransactionReceipt
[2021/01/05 16:22:27.118] - eth_getBlockByNumber
[2021/01/05 16:22:27.149] - eth_getTransactionReceipt
[2021/01/05 16:22:27.177] - eth_getBlockByNumber
[2021/01/05 16:22:27.225] - eth_getTransactionReceipt
[2021/01/05 16:22:27.271] - eth_getBlockByNumber
[2021/01/05 16:22:27.291] - eth_getTransactionReceipt
[2021/01/05 16:22:27.343] - eth_getBlockByNumber
[2021/01/05 16:22:27.377] - eth_getTransactionReceipt
[2021/01/05 16:22:27.422] - eth_getBlockByNumber
[2021/01/05 16:22:27.441] - eth_getTransactionReceipt
[2021/01/05 16:22:27.499] - eth_getBlockByNumber
[2021/01/05 16:22:27.521] - eth_getTransactionReceipt
[2021/01/05 16:22:27.555] - eth_getBlockByNumber
[2021/01/05 16:22:27.574] - eth_getTransactionReceipt
[2021/01/05 16:22:27.603] - eth_getBlockByNumber
[2021/01/05 16:22:27.620] - eth_getTransactionReceipt
[2021/01/05 16:22:27.655] - eth_getBlockByNumber
[2021/01/05 16:22:27.673] - eth_getTransactionReceipt
[2021/01/05 16:22:27.699] - eth_getBlockByNumber
[2021/01/05 16:22:27.728] - eth_getTransactionReceipt
[2021/01/05 16:22:29.834] - eth_getBalance
[2021/01/05 16:22:29.891] - net_version
[2021/01/05 16:22:29.895] - eth_getCode
[2021/01/05 16:22:29.900] - eth_getBlockByNumber
[2021/01/05 16:22:29.911] - eth_getBalance
[2021/01/05 16:22:29.915] - eth_getTransactionCount
[2021/01/05 16:22:29.920] - eth_getStorageAt
[2021/01/05 16:22:29.930] - eth_getStorageAt
[2021/01/05 16:22:29.936] - eth_getStorageAt
[2021/01/05 16:22:29.947] - eth_getStorageAt
[2021/01/05 16:22:29.957] - eth_getStorageAt
[2021/01/05 16:22:29.974] - eth_getStorageAt
[2021/01/05 16:22:29.980] - eth_getStorageAt
[2021/01/05 16:22:29.984] - eth_getStorageAt
[2021/01/05 16:22:32.463] - eth_getBlockByNumber
[2021/01/05 16:22:32.492] - eth_getBlockTransactionCountByHash
[2021/01/05 16:22:32.508] - eth_getBlockByNumber
[2021/01/05 16:22:32.527] - eth_getBlockTransactionCountByHash
[2021/01/05 16:22:32.557] - eth_getBlockByNumber
[2021/01/05 16:22:32.583] - eth_getBlockTransactionCountByHash
[2021/01/05 16:22:32.600] - eth_getBlockByNumber
[2021/01/05 16:22:32.634] - eth_getBlockTransactionCountByHash
[2021/01/05 16:22:32.662] - eth_getBlockByNumber
[2021/01/05 16:22:32.691] - eth_getBlockTransactionCountByHash
[2021/01/05 16:22:32.719] - eth_getBlockByNumber
[2021/01/05 16:22:32.747] - eth_getBlockTransactionCountByHash
[2021/01/05 16:22:32.767] - eth_getBlockByNumber
[2021/01/05 16:22:32.791] - eth_getBlockTransactionCountByHash
[2021/01/05 16:22:32.808] - eth_getBlockByNumber
[2021/01/05 16:22:32.831] - eth_getBlockTransactionCountByHash
[2021/01/05 16:22:32.862] - eth_getBlockByNumber
[2021/01/05 16:22:32.889] - eth_getBlockTransactionCountByHash
[2021/01/05 16:22:32.915] - eth_getBlockByNumber
[2021/01/05 16:22:32.946] - eth_getBlockTransactionCountByHash
[2021/01/05 16:22:32.972] - eth_getBlockByNumber
[2021/01/05 16:22:32.996] - eth_getBlockTransactionCountByHash
[2021/01/05 16:22:33.027] - eth_getBlockByNumber
[2021/01/05 16:22:33.047] - eth_getBlockTransactionCountByHash
[2021/01/05 16:22:33.066] - eth_getBlockByNumber
[2021/01/05 16:22:33.080] - eth_getBlockTransactionCountByHash
[2021/01/05 16:22:33.095] - eth_getBlockByNumber
[2021/01/05 16:22:33.117] - eth_getBlockTransactionCountByHash
