[2021/01/18 14:15:09.952] - Starting server with initial configuration: {"gasLimit":6721975,"gasPrice":20000000000,"hardfork":"muirGlacier","hostname":"127.0.0.1","port":9545,"network_id":5777,"default_balance_ether":300,"total_accounts":10,"unlocked_accounts":[],"locked":false,"vmErrorsOnRPCResponse":true,"verbose":false,"db_path":"C:\\Users\\mango\\AppData\\Roaming\\Ganache\\workspaces\\Banknegara-Part1\\chaindata","logDirectory":"C:\\Users\\mango\\Documents\\BlockchainProject\\ganache-logs"}
[2021/01/18 14:15:10.144] - eth_getCode
[2021/01/18 14:15:10.146] - eth_subscribe
[2021/01/18 14:15:10.151] - eth_getLogs
[2021/01/18 14:15:10.152] - eth_subscribe
[2021/01/18 14:15:10.163] - eth_getCode
[2021/01/18 14:15:10.231] - eth_subscribe
[2021/01/18 14:15:10.232] - eth_getLogs
[2021/01/18 14:15:10.233] - eth_subscribe
[2021/01/18 14:15:10.432] - eth_blockNumber
[2021/01/18 14:15:10.433] - eth_accounts
[2021/01/18 14:15:10.434] - eth_blockNumber
[2021/01/18 14:15:10.435] - eth_gasPrice
[2021/01/18 14:15:10.436] - eth_accounts
[2021/01/18 14:15:10.437] - eth_getBlockByNumber
[2021/01/18 14:15:10.438] - eth_gasPrice
[2021/01/18 14:15:10.441] - eth_subscribe
[2021/01/18 14:15:10.441] - eth_getBlockByNumber
[2021/01/18 14:15:10.443] - eth_subscribe
[2021/01/18 14:15:10.472] - eth_accounts
[2021/01/18 14:15:10.589] - eth_getBalance
[2021/01/18 14:15:10.599] - eth_getTransactionCount
[2021/01/18 14:15:10.610] - eth_getBalance
[2021/01/18 14:15:10.621] - eth_getTransactionCount
[2021/01/18 14:15:10.633] - eth_getBalance
[2021/01/18 14:15:10.650] - eth_getTransactionCount
[2021/01/18 14:15:10.660] - eth_getBalance
[2021/01/18 14:15:10.672] - eth_getTransactionCount
[2021/01/18 14:15:10.684] - eth_getBalance
[2021/01/18 14:15:10.698] - eth_getTransactionCount
[2021/01/18 14:15:10.709] - eth_getBalance
[2021/01/18 14:15:10.719] - eth_getTransactionCount
[2021/01/18 14:15:10.732] - eth_getBalance
[2021/01/18 14:15:10.742] - eth_getTransactionCount
[2021/01/18 14:15:10.754] - eth_getBalance
[2021/01/18 14:15:10.763] - eth_getTransactionCount
[2021/01/18 14:15:10.773] - eth_getBalance
[2021/01/18 14:15:10.783] - eth_getTransactionCount
[2021/01/18 14:15:10.794] - eth_getBalance
[2021/01/18 14:15:10.807] - eth_getTransactionCount
[2021/01/18 14:15:10.837] - eth_getBalance
[2021/01/18 14:15:10.848] - eth_getTransactionCount
[2021/01/18 14:15:10.859] - eth_getBalance
[2021/01/18 14:15:10.871] - eth_getTransactionCount
[2021/01/18 14:15:10.882] - eth_getBalance
[2021/01/18 14:15:10.893] - eth_getTransactionCount
[2021/01/18 14:15:10.901] - eth_getBalance
[2021/01/18 14:15:10.910] - eth_getTransactionCount
[2021/01/18 14:15:10.918] - eth_getBalance
[2021/01/18 14:15:10.924] - eth_getTransactionCount
[2021/01/18 14:15:10.929] - eth_getBalance
[2021/01/18 14:15:10.935] - eth_getTransactionCount
[2021/01/18 14:15:10.940] - eth_getBalance
[2021/01/18 14:15:10.945] - eth_getTransactionCount
[2021/01/18 14:15:10.949] - eth_getBalance
[2021/01/18 14:15:10.954] - eth_getTransactionCount
[2021/01/18 14:15:10.959] - eth_getBalance
[2021/01/18 14:15:10.967] - eth_getTransactionCount
[2021/01/18 14:15:10.972] - eth_getBalance
[2021/01/18 14:15:10.980] - eth_getTransactionCount
[2021/01/18 14:15:10.987] - eth_getBalance
[2021/01/18 14:15:10.996] - eth_getTransactionCount
[2021/01/18 14:15:11.005] - eth_getBalance
[2021/01/18 14:15:11.013] - eth_getTransactionCount
[2021/01/18 14:15:11.023] - eth_getBalance
[2021/01/18 14:15:11.034] - eth_getTransactionCount
[2021/01/18 14:15:11.044] - eth_getBalance
[2021/01/18 14:15:11.053] - eth_getTransactionCount
[2021/01/18 14:15:11.062] - eth_getBalance
[2021/01/18 14:15:11.072] - eth_getTransactionCount
[2021/01/18 14:15:11.083] - eth_getBalance
[2021/01/18 14:15:11.095] - eth_getTransactionCount
[2021/01/18 14:15:11.107] - eth_getBalance
[2021/01/18 14:15:11.116] - eth_getTransactionCount
[2021/01/18 14:15:11.127] - eth_getBalance
[2021/01/18 14:15:11.141] - eth_getTransactionCount
[2021/01/18 14:15:11.151] - eth_getBalance
[2021/01/18 14:15:11.163] - eth_getTransactionCount
[2021/01/18 14:15:11.172] - eth_getBalance
[2021/01/18 14:15:11.185] - eth_getTransactionCount
[2021/01/18 14:15:11.303] - eth_getBalance
[2021/01/18 14:15:11.312] - eth_getTransactionCount
[2021/01/18 14:15:11.321] - eth_getBalance
[2021/01/18 14:15:11.331] - eth_getTransactionCount
[2021/01/18 14:15:11.343] - eth_getBalance
[2021/01/18 14:15:11.352] - eth_getTransactionCount
[2021/01/18 14:15:11.369] - eth_getBalance
[2021/01/18 14:15:11.377] - eth_getTransactionCount
[2021/01/18 14:15:11.392] - eth_getBalance
[2021/01/18 14:15:11.405] - eth_getTransactionCount
[2021/01/18 14:15:11.425] - eth_getBalance
[2021/01/18 14:15:11.430] - eth_getTransactionCount
[2021/01/18 14:15:11.437] - eth_getBalance
[2021/01/18 14:15:11.447] - eth_getTransactionCount
[2021/01/18 14:15:11.457] - eth_getBalance
[2021/01/18 14:15:11.466] - eth_getTransactionCount
[2021/01/18 14:15:11.477] - eth_getBalance
[2021/01/18 14:15:11.485] - eth_getTransactionCount
[2021/01/18 14:15:11.494] - eth_getBalance
[2021/01/18 14:15:11.503] - eth_getTransactionCount
[2021/01/18 14:15:16.043] - eth_getBlockByNumber
[2021/01/18 14:15:16.082] - eth_getBlockTransactionCountByHash
[2021/01/18 14:15:16.109] - eth_getBlockByNumber
[2021/01/18 14:15:16.136] - eth_getBlockTransactionCountByHash
[2021/01/18 14:15:16.161] - eth_getBlockByNumber
[2021/01/18 14:15:16.181] - eth_getBlockTransactionCountByHash
[2021/01/18 14:15:16.198] - eth_getBlockByNumber
[2021/01/18 14:15:16.220] - eth_getBlockTransactionCountByHash
[2021/01/18 14:15:16.256] - eth_getBlockByNumber
[2021/01/18 14:15:16.281] - eth_getBlockTransactionCountByHash
[2021/01/18 14:15:16.313] - eth_getBlockByNumber
[2021/01/18 14:15:16.347] - eth_getBlockTransactionCountByHash
[2021/01/18 14:15:16.388] - eth_getBlockByNumber
[2021/01/18 14:15:16.423] - eth_getBlockTransactionCountByHash
[2021/01/18 14:15:16.443] - eth_getBlockByNumber
[2021/01/18 14:15:16.465] - eth_getBlockTransactionCountByHash
[2021/01/18 14:15:16.486] - eth_getBlockByNumber
[2021/01/18 14:15:16.527] - eth_getBlockTransactionCountByHash
[2021/01/18 14:15:16.562] - eth_getBlockByNumber
[2021/01/18 14:15:16.602] - eth_getBlockTransactionCountByHash
[2021/01/18 14:15:16.633] - eth_getBlockByNumber
[2021/01/18 14:15:16.671] - eth_getBlockTransactionCountByHash
[2021/01/18 14:15:16.691] - eth_getBlockByNumber
[2021/01/18 14:15:16.719] - eth_getBlockTransactionCountByHash
[2021/01/18 14:15:16.748] - eth_getBlockByNumber
[2021/01/18 14:15:16.766] - eth_getBlockTransactionCountByHash
[2021/01/18 14:15:16.793] - eth_getBlockByNumber
[2021/01/18 14:15:16.812] - eth_getBlockTransactionCountByHash
[2021/01/18 14:15:16.831] - eth_getBlockByNumber
[2021/01/18 14:15:16.866] - eth_getBlockTransactionCountByHash
[2021/01/18 14:15:16.907] - eth_getBlockByNumber
[2021/01/18 14:15:16.944] - eth_getBlockTransactionCountByHash
[2021/01/18 14:15:17.229] - eth_getBlockByNumber
[2021/01/18 14:15:17.269] - eth_getTransactionReceipt
[2021/01/18 14:15:17.300] - eth_getBlockByNumber
[2021/01/18 14:15:17.327] - eth_getTransactionReceipt
[2021/01/18 14:15:17.360] - eth_getBlockByNumber
[2021/01/18 14:15:17.395] - eth_getTransactionReceipt
[2021/01/18 14:15:17.449] - eth_getBlockByNumber
[2021/01/18 14:15:17.471] - eth_getTransactionReceipt
[2021/01/18 14:15:17.521] - eth_getBlockByNumber
[2021/01/18 14:15:17.543] - eth_getTransactionReceipt
[2021/01/18 14:15:17.591] - eth_getBlockByNumber
[2021/01/18 14:15:17.616] - eth_getTransactionReceipt
[2021/01/18 14:15:17.667] - eth_getBlockByNumber
[2021/01/18 14:15:17.706] - eth_getTransactionReceipt
[2021/01/18 14:15:17.758] - eth_getBlockByNumber
[2021/01/18 14:15:17.778] - eth_getTransactionReceipt
[2021/01/18 14:15:17.816] - eth_getBlockByNumber
[2021/01/18 14:15:17.834] - eth_getTransactionReceipt
[2021/01/18 14:15:17.878] - eth_getBlockByNumber
[2021/01/18 14:15:17.900] - eth_getTransactionReceipt
[2021/01/18 14:15:17.935] - eth_getBlockByNumber
[2021/01/18 14:15:17.956] - eth_getTransactionReceipt
[2021/01/18 14:15:36.179] - eth_unsubscribe
[2021/01/18 14:15:36.182] - eth_unsubscribe
